2023-08-08 14:26:55.8590||INFO|Microsoft.Hosting.Lifetime|Now listening on: https://localhost:7247 
2023-08-08 14:26:55.9057||INFO|Microsoft.Hosting.Lifetime|Now listening on: http://localhost:5081 
2023-08-08 14:26:55.9057||INFO|Microsoft.Hosting.Lifetime|Application started. Press Ctrl+C to shut down. 
2023-08-08 14:26:55.9094||INFO|Microsoft.Hosting.Lifetime|Hosting environment: Development 
2023-08-08 14:26:55.9094||INFO|Microsoft.Hosting.Lifetime|Content root path: C:\Users\umut2\OneDrive\Masaüstü\Internship\Week3\CouponManagementServiceV2\CouponManagementServiceV2.Starter\ 
2023-08-08 14:26:59.2324||INFO|Microsoft.AspNetCore.Hosting.Diagnostics|Request starting HTTP/2 GET https://localhost:7247/swagger/index.html - - 
2023-08-08 15:13:52.5220||INFO|Microsoft.AspNetCore.DataProtection.KeyManagement.XmlKeyManager|User profile is available. Using 'C:\Users\umut2\AppData\Local\ASP.NET\DataProtection-Keys' as key repository and Windows DPAPI to encrypt keys at rest. 
2023-08-08 15:13:52.7873||INFO|Microsoft.Hosting.Lifetime|Now listening on: https://localhost:7247 
2023-08-08 15:13:52.7873||INFO|Microsoft.Hosting.Lifetime|Now listening on: http://localhost:5081 
2023-08-08 15:13:52.7873||INFO|Microsoft.Hosting.Lifetime|Application started. Press Ctrl+C to shut down. 
2023-08-08 15:13:52.7873||INFO|Microsoft.Hosting.Lifetime|Hosting environment: Development 
2023-08-08 15:13:52.7873||INFO|Microsoft.Hosting.Lifetime|Content root path: C:\Users\umut2\OneDrive\Masaüstü\Internship\Week3\CouponManagementServiceV2\CouponManagementServiceV2.Starter\ 
2023-08-08 15:13:54.1752||INFO|Microsoft.AspNetCore.Hosting.Diagnostics|Request starting HTTP/2 GET https://localhost:7247/swagger/index.html - - 
2023-08-08 15:13:54.7927||INFO|Microsoft.AspNetCore.Hosting.Diagnostics|Request starting HTTP/2 GET https://localhost:7247/_framework/aspnetcore-browser-refresh.js - - 
2023-08-08 15:13:54.8021||INFO|Microsoft.AspNetCore.Hosting.Diagnostics|Request finished HTTP/2 GET https://localhost:7247/swagger/index.html - - - 200 - text/html;charset=utf-8 635.8778ms 
2023-08-08 15:13:54.8021||INFO|Microsoft.AspNetCore.Hosting.Diagnostics|Request finished HTTP/2 GET https://localhost:7247/_framework/aspnetcore-browser-refresh.js - - - 200 12398 application/javascript;+charset=utf-8 8.2073ms 
2023-08-08 15:13:55.3610||INFO|Microsoft.AspNetCore.Hosting.Diagnostics|Request starting HTTP/2 GET https://localhost:7247/_vs/browserLink - - 
2023-08-08 15:13:55.4195||INFO|Microsoft.AspNetCore.Hosting.Diagnostics|Request finished HTTP/2 GET https://localhost:7247/_vs/browserLink - - - 200 - text/javascript;+charset=UTF-8 58.5488ms 
2023-08-08 15:13:55.5759||INFO|Microsoft.AspNetCore.Hosting.Diagnostics|Request starting HTTP/2 GET https://localhost:7247/swagger/v1/swagger.json - - 
2023-08-08 15:13:55.7486||INFO|Microsoft.AspNetCore.Hosting.Diagnostics|Request finished HTTP/2 GET https://localhost:7247/swagger/v1/swagger.json - - - 200 - application/json;charset=utf-8 172.7844ms 
2023-08-08 15:14:09.1737||INFO|Microsoft.AspNetCore.Hosting.Diagnostics|Request starting HTTP/1.1 POST https://localhost:7247/api/Auth/Signup application/json 134 
2023-08-08 15:14:09.1737||INFO|Microsoft.AspNetCore.Routing.EndpointMiddleware|Executing endpoint 'CouponManagementServiceV2.WebApi.Controllers.AuthController.SignUp (CouponManagementServiceV2.WebApi)' 
2023-08-08 15:14:09.2126||INFO|Microsoft.AspNetCore.Mvc.Infrastructure.ControllerActionInvoker|Route matched with {action = "SignUp", controller = "Auth"}. Executing controller action with signature System.Threading.Tasks.Task`1[CouponManagementServiceV2.Core.Model.Shared.BaseResponse`1[System.String]] SignUp(CouponManagementServiceV2.Core.Model.Data.Users) on controller CouponManagementServiceV2.WebApi.Controllers.AuthController (CouponManagementServiceV2.WebApi). 
2023-08-08 15:14:09.3634||INFO|Microsoft.AspNetCore.Mvc.Infrastructure.ObjectResultExecutor|Executing BadRequestObjectResult, writing value of type 'Microsoft.AspNetCore.Mvc.ValidationProblemDetails'. 
2023-08-08 15:14:09.3634||INFO|Microsoft.AspNetCore.Mvc.Infrastructure.ControllerActionInvoker|Executed action CouponManagementServiceV2.WebApi.Controllers.AuthController.SignUp (CouponManagementServiceV2.WebApi) in 154.1646ms 
2023-08-08 15:14:09.3634||INFO|Microsoft.AspNetCore.Routing.EndpointMiddleware|Executed endpoint 'CouponManagementServiceV2.WebApi.Controllers.AuthController.SignUp (CouponManagementServiceV2.WebApi)' 
2023-08-08 15:14:09.3634||INFO|Microsoft.AspNetCore.Hosting.Diagnostics|Request finished HTTP/1.1 POST https://localhost:7247/api/Auth/Signup application/json 134 - 400 - application/problem+json;+charset=utf-8 196.8696ms 
2023-08-08 15:14:20.4889||INFO|Microsoft.AspNetCore.Hosting.Diagnostics|Request starting HTTP/1.1 POST https://localhost:7247/api/Auth/Login application/json 53 
2023-08-08 15:14:20.4889||INFO|Microsoft.AspNetCore.Routing.EndpointMiddleware|Executing endpoint 'CouponManagementServiceV2.WebApi.Controllers.AuthController.Login (CouponManagementServiceV2.WebApi)' 
2023-08-08 15:14:20.4889||INFO|Microsoft.AspNetCore.Mvc.Infrastructure.ControllerActionInvoker|Route matched with {action = "Login", controller = "Auth"}. Executing controller action with signature System.Threading.Tasks.Task`1[CouponManagementServiceV2.Core.Model.Shared.BaseResponse`1[System.String]] Login(CouponManagementServiceV2.Core.Model.Data.Login) on controller CouponManagementServiceV2.WebApi.Controllers.AuthController (CouponManagementServiceV2.WebApi). 
2023-08-08 15:14:20.4889||INFO|CouponManagementServiceV2.WebApi.Controllers.AuthController|Login called! 
2023-08-08 15:14:21.0320||INFO|Microsoft.AspNetCore.Mvc.Infrastructure.ObjectResultExecutor|Executing ObjectResult, writing value of type 'CouponManagementServiceV2.Core.Model.Shared.BaseResponse`1[[System.String, System.Private.CoreLib, Version=6.0.0.0, Culture=neutral, PublicKeyToken=7cec85d7bea7798e]]'. 
2023-08-08 15:14:21.0337||INFO|Microsoft.AspNetCore.Mvc.Infrastructure.ControllerActionInvoker|Executed action CouponManagementServiceV2.WebApi.Controllers.AuthController.Login (CouponManagementServiceV2.WebApi) in 540.9039ms 
2023-08-08 15:14:21.0337||INFO|Microsoft.AspNetCore.Routing.EndpointMiddleware|Executed endpoint 'CouponManagementServiceV2.WebApi.Controllers.AuthController.Login (CouponManagementServiceV2.WebApi)' 
2023-08-08 15:14:21.0337||INFO|Microsoft.AspNetCore.Hosting.Diagnostics|Request finished HTTP/1.1 POST https://localhost:7247/api/Auth/Login application/json 53 - 200 - application/json;+charset=utf-8 546.2031ms 
2023-08-08 15:14:37.1767||INFO|Microsoft.AspNetCore.Hosting.Diagnostics|Request starting HTTP/1.1 POST https://localhost:7247/api/Auth/Signup application/json 136 
2023-08-08 15:14:37.1767||INFO|Microsoft.AspNetCore.Routing.EndpointMiddleware|Executing endpoint 'CouponManagementServiceV2.WebApi.Controllers.AuthController.SignUp (CouponManagementServiceV2.WebApi)' 
2023-08-08 15:14:37.1767||INFO|Microsoft.AspNetCore.Mvc.Infrastructure.ControllerActionInvoker|Route matched with {action = "SignUp", controller = "Auth"}. Executing controller action with signature System.Threading.Tasks.Task`1[CouponManagementServiceV2.Core.Model.Shared.BaseResponse`1[System.String]] SignUp(CouponManagementServiceV2.Core.Model.Data.Users) on controller CouponManagementServiceV2.WebApi.Controllers.AuthController (CouponManagementServiceV2.WebApi). 
2023-08-08 15:14:37.1767||INFO|Microsoft.AspNetCore.Mvc.Infrastructure.ObjectResultExecutor|Executing BadRequestObjectResult, writing value of type 'Microsoft.AspNetCore.Mvc.ValidationProblemDetails'. 
2023-08-08 15:14:37.1767||INFO|Microsoft.AspNetCore.Mvc.Infrastructure.ControllerActionInvoker|Executed action CouponManagementServiceV2.WebApi.Controllers.AuthController.SignUp (CouponManagementServiceV2.WebApi) in 6.3346ms 
2023-08-08 15:14:37.1767||INFO|Microsoft.AspNetCore.Routing.EndpointMiddleware|Executed endpoint 'CouponManagementServiceV2.WebApi.Controllers.AuthController.SignUp (CouponManagementServiceV2.WebApi)' 
2023-08-08 15:14:37.1767||INFO|Microsoft.AspNetCore.Hosting.Diagnostics|Request finished HTTP/1.1 POST https://localhost:7247/api/Auth/Signup application/json 136 - 400 - application/problem+json;+charset=utf-8 8.5479ms 
2023-08-08 15:15:01.4905||INFO|Microsoft.AspNetCore.Hosting.Diagnostics|Request starting HTTP/1.1 POST https://localhost:7247/api/Auth/Signup application/json 132 
2023-08-08 15:15:01.4905||INFO|Microsoft.AspNetCore.Routing.EndpointMiddleware|Executing endpoint 'CouponManagementServiceV2.WebApi.Controllers.AuthController.SignUp (CouponManagementServiceV2.WebApi)' 
2023-08-08 15:15:01.4905||INFO|Microsoft.AspNetCore.Mvc.Infrastructure.ControllerActionInvoker|Route matched with {action = "SignUp", controller = "Auth"}. Executing controller action with signature System.Threading.Tasks.Task`1[CouponManagementServiceV2.Core.Model.Shared.BaseResponse`1[System.String]] SignUp(CouponManagementServiceV2.Core.Model.Data.Users) on controller CouponManagementServiceV2.WebApi.Controllers.AuthController (CouponManagementServiceV2.WebApi). 
2023-08-08 15:15:01.5026||INFO|Microsoft.AspNetCore.Mvc.Infrastructure.ObjectResultExecutor|Executing BadRequestObjectResult, writing value of type 'Microsoft.AspNetCore.Mvc.ValidationProblemDetails'. 
2023-08-08 15:15:01.5026||INFO|Microsoft.AspNetCore.Mvc.Infrastructure.ControllerActionInvoker|Executed action CouponManagementServiceV2.WebApi.Controllers.AuthController.SignUp (CouponManagementServiceV2.WebApi) in 3.3036ms 
2023-08-08 15:15:01.5026||INFO|Microsoft.AspNetCore.Routing.EndpointMiddleware|Executed endpoint 'CouponManagementServiceV2.WebApi.Controllers.AuthController.SignUp (CouponManagementServiceV2.WebApi)' 
2023-08-08 15:15:01.5026||INFO|Microsoft.AspNetCore.Hosting.Diagnostics|Request finished HTTP/1.1 POST https://localhost:7247/api/Auth/Signup application/json 132 - 400 - application/problem+json;+charset=utf-8 12.3475ms 
2023-08-08 15:15:07.7086||INFO|Microsoft.AspNetCore.Hosting.Diagnostics|Request starting HTTP/1.1 POST https://localhost:7247/api/Auth/Signup application/json 143 
2023-08-08 15:15:07.7086||INFO|Microsoft.AspNetCore.Routing.EndpointMiddleware|Executing endpoint 'CouponManagementServiceV2.WebApi.Controllers.AuthController.SignUp (CouponManagementServiceV2.WebApi)' 
2023-08-08 15:15:07.7086||INFO|Microsoft.AspNetCore.Mvc.Infrastructure.ControllerActionInvoker|Route matched with {action = "SignUp", controller = "Auth"}. Executing controller action with signature System.Threading.Tasks.Task`1[CouponManagementServiceV2.Core.Model.Shared.BaseResponse`1[System.String]] SignUp(CouponManagementServiceV2.Core.Model.Data.Users) on controller CouponManagementServiceV2.WebApi.Controllers.AuthController (CouponManagementServiceV2.WebApi). 
2023-08-08 15:15:07.7086||INFO|Microsoft.AspNetCore.Mvc.Infrastructure.ObjectResultExecutor|Executing BadRequestObjectResult, writing value of type 'Microsoft.AspNetCore.Mvc.ValidationProblemDetails'. 
2023-08-08 15:15:07.7086||INFO|Microsoft.AspNetCore.Mvc.Infrastructure.ControllerActionInvoker|Executed action CouponManagementServiceV2.WebApi.Controllers.AuthController.SignUp (CouponManagementServiceV2.WebApi) in 1.5021ms 
2023-08-08 15:15:07.7086||INFO|Microsoft.AspNetCore.Routing.EndpointMiddleware|Executed endpoint 'CouponManagementServiceV2.WebApi.Controllers.AuthController.SignUp (CouponManagementServiceV2.WebApi)' 
2023-08-08 15:15:07.7086||INFO|Microsoft.AspNetCore.Hosting.Diagnostics|Request finished HTTP/1.1 POST https://localhost:7247/api/Auth/Signup application/json 143 - 400 - application/problem+json;+charset=utf-8 2.6436ms 
2023-08-08 15:15:17.1333||INFO|Microsoft.AspNetCore.Hosting.Diagnostics|Request starting HTTP/1.1 POST https://localhost:7247/api/Auth/Signup application/json 148 
2023-08-08 15:15:17.1333||INFO|Microsoft.AspNetCore.Routing.EndpointMiddleware|Executing endpoint 'CouponManagementServiceV2.WebApi.Controllers.AuthController.SignUp (CouponManagementServiceV2.WebApi)' 
2023-08-08 15:15:17.1333||INFO|Microsoft.AspNetCore.Mvc.Infrastructure.ControllerActionInvoker|Route matched with {action = "SignUp", controller = "Auth"}. Executing controller action with signature System.Threading.Tasks.Task`1[CouponManagementServiceV2.Core.Model.Shared.BaseResponse`1[System.String]] SignUp(CouponManagementServiceV2.Core.Model.Data.Users) on controller CouponManagementServiceV2.WebApi.Controllers.AuthController (CouponManagementServiceV2.WebApi). 
2023-08-08 15:15:17.1333||INFO|Microsoft.AspNetCore.Mvc.Infrastructure.ObjectResultExecutor|Executing BadRequestObjectResult, writing value of type 'Microsoft.AspNetCore.Mvc.ValidationProblemDetails'. 
2023-08-08 15:15:17.1333||INFO|Microsoft.AspNetCore.Mvc.Infrastructure.ControllerActionInvoker|Executed action CouponManagementServiceV2.WebApi.Controllers.AuthController.SignUp (CouponManagementServiceV2.WebApi) in 1.5942ms 
2023-08-08 15:15:17.1333||INFO|Microsoft.AspNetCore.Routing.EndpointMiddleware|Executed endpoint 'CouponManagementServiceV2.WebApi.Controllers.AuthController.SignUp (CouponManagementServiceV2.WebApi)' 
2023-08-08 15:15:17.1333||INFO|Microsoft.AspNetCore.Hosting.Diagnostics|Request finished HTTP/1.1 POST https://localhost:7247/api/Auth/Signup application/json 148 - 400 - application/problem+json;+charset=utf-8 8.9436ms 
2023-08-08 15:15:35.6916||INFO|Microsoft.AspNetCore.Hosting.Diagnostics|Request starting HTTP/1.1 POST https://localhost:7247/api/Auth/Signup application/json 163 
2023-08-08 15:15:35.6916||INFO|Microsoft.AspNetCore.Routing.EndpointMiddleware|Executing endpoint 'CouponManagementServiceV2.WebApi.Controllers.AuthController.SignUp (CouponManagementServiceV2.WebApi)' 
2023-08-08 15:15:35.6916||INFO|Microsoft.AspNetCore.Mvc.Infrastructure.ControllerActionInvoker|Route matched with {action = "SignUp", controller = "Auth"}. Executing controller action with signature System.Threading.Tasks.Task`1[CouponManagementServiceV2.Core.Model.Shared.BaseResponse`1[System.String]] SignUp(CouponManagementServiceV2.Core.Model.Data.Users) on controller CouponManagementServiceV2.WebApi.Controllers.AuthController (CouponManagementServiceV2.WebApi). 
2023-08-08 15:15:35.6916||INFO|Microsoft.AspNetCore.Mvc.Infrastructure.ObjectResultExecutor|Executing BadRequestObjectResult, writing value of type 'Microsoft.AspNetCore.Mvc.ValidationProblemDetails'. 
2023-08-08 15:15:35.6916||INFO|Microsoft.AspNetCore.Mvc.Infrastructure.ControllerActionInvoker|Executed action CouponManagementServiceV2.WebApi.Controllers.AuthController.SignUp (CouponManagementServiceV2.WebApi) in 8.1643ms 
2023-08-08 15:15:35.6916||INFO|Microsoft.AspNetCore.Routing.EndpointMiddleware|Executed endpoint 'CouponManagementServiceV2.WebApi.Controllers.AuthController.SignUp (CouponManagementServiceV2.WebApi)' 
2023-08-08 15:15:35.6916||INFO|Microsoft.AspNetCore.Hosting.Diagnostics|Request finished HTTP/1.1 POST https://localhost:7247/api/Auth/Signup application/json 163 - 400 - application/problem+json;+charset=utf-8 10.6288ms 
2023-08-08 15:15:54.4608||INFO|Microsoft.AspNetCore.Hosting.Diagnostics|Request starting HTTP/2 GET https://localhost:7247/swagger/index.html - - 
2023-08-08 15:15:54.4863||INFO|Microsoft.AspNetCore.Hosting.Diagnostics|Request finished HTTP/2 GET https://localhost:7247/swagger/index.html - - - 200 - text/html;charset=utf-8 25.4127ms 
2023-08-08 15:15:54.5794||INFO|Microsoft.AspNetCore.Hosting.Diagnostics|Request starting HTTP/2 GET https://localhost:7247/_framework/aspnetcore-browser-refresh.js - - 
2023-08-08 15:15:54.5794||INFO|Microsoft.AspNetCore.Hosting.Diagnostics|Request finished HTTP/2 GET https://localhost:7247/_framework/aspnetcore-browser-refresh.js - - - 200 12398 application/javascript;+charset=utf-8 0.6675ms 
2023-08-08 15:15:54.6028||INFO|Microsoft.AspNetCore.Hosting.Diagnostics|Request starting HTTP/2 GET https://localhost:7247/_vs/browserLink - - 
2023-08-08 15:15:54.6028||INFO|Microsoft.AspNetCore.Hosting.Diagnostics|Request finished HTTP/2 GET https://localhost:7247/_vs/browserLink - - - 200 - text/javascript;+charset=UTF-8 7.2773ms 
2023-08-08 15:15:54.6945||INFO|Microsoft.AspNetCore.Hosting.Diagnostics|Request starting HTTP/2 GET https://localhost:7247/swagger/v1/swagger.json - - 
2023-08-08 15:15:54.6945||INFO|Microsoft.AspNetCore.Hosting.Diagnostics|Request finished HTTP/2 GET https://localhost:7247/swagger/v1/swagger.json - - - 200 - application/json;charset=utf-8 2.0556ms 
2023-08-08 15:15:58.1172||INFO|Microsoft.AspNetCore.Hosting.Diagnostics|Request starting HTTP/2 GET https://localhost:7247/swagger/index.html - - 
2023-08-08 15:15:58.1349||INFO|Microsoft.AspNetCore.Hosting.Diagnostics|Request finished HTTP/2 GET https://localhost:7247/swagger/index.html - - - 200 - text/html;charset=utf-8 17.7631ms 
2023-08-08 15:15:58.1550||INFO|Microsoft.AspNetCore.Hosting.Diagnostics|Request starting HTTP/2 GET https://localhost:7247/_vs/browserLink - - 
2023-08-08 15:15:58.1592||INFO|Microsoft.AspNetCore.Hosting.Diagnostics|Request starting HTTP/2 GET https://localhost:7247/_framework/aspnetcore-browser-refresh.js - - 
2023-08-08 15:15:58.1592||INFO|Microsoft.AspNetCore.Hosting.Diagnostics|Request finished HTTP/2 GET https://localhost:7247/_framework/aspnetcore-browser-refresh.js - - - 200 12398 application/javascript;+charset=utf-8 2.0332ms 
2023-08-08 15:15:58.1592||INFO|Microsoft.AspNetCore.Hosting.Diagnostics|Request finished HTTP/2 GET https://localhost:7247/_vs/browserLink - - - 200 - text/javascript;+charset=UTF-8 16.4217ms 
2023-08-08 15:15:58.3090||INFO|Microsoft.AspNetCore.Hosting.Diagnostics|Request starting HTTP/2 GET https://localhost:7247/swagger/v1/swagger.json - - 
2023-08-08 15:15:58.3090||INFO|Microsoft.AspNetCore.Hosting.Diagnostics|Request finished HTTP/2 GET https://localhost:7247/swagger/v1/swagger.json - - - 200 - application/json;charset=utf-8 2.1316ms 
2023-08-08 15:16:02.6228||INFO|Microsoft.AspNetCore.Hosting.Diagnostics|Request starting HTTP/2 GET https://localhost:7247/swagger/index.html - - 
2023-08-08 15:16:02.6397||INFO|Microsoft.AspNetCore.Hosting.Diagnostics|Request finished HTTP/2 GET https://localhost:7247/swagger/index.html - - - 200 - text/html;charset=utf-8 16.8634ms 
2023-08-08 15:16:02.6607||INFO|Microsoft.AspNetCore.Hosting.Diagnostics|Request starting HTTP/2 GET https://localhost:7247/_vs/browserLink - - 
2023-08-08 15:16:02.6607||INFO|Microsoft.AspNetCore.Hosting.Diagnostics|Request starting HTTP/2 GET https://localhost:7247/_framework/aspnetcore-browser-refresh.js - - 
2023-08-08 15:16:02.6607||INFO|Microsoft.AspNetCore.Hosting.Diagnostics|Request finished HTTP/2 GET https://localhost:7247/_framework/aspnetcore-browser-refresh.js - - - 200 12398 application/javascript;+charset=utf-8 0.9284ms 
2023-08-08 15:16:02.6607||INFO|Microsoft.AspNetCore.Hosting.Diagnostics|Request finished HTTP/2 GET https://localhost:7247/_vs/browserLink - - - 200 - text/javascript;+charset=UTF-8 10.8924ms 
2023-08-08 15:16:02.8059||INFO|Microsoft.AspNetCore.Hosting.Diagnostics|Request starting HTTP/2 GET https://localhost:7247/swagger/v1/swagger.json - - 
2023-08-08 15:16:02.8059||INFO|Microsoft.AspNetCore.Hosting.Diagnostics|Request finished HTTP/2 GET https://localhost:7247/swagger/v1/swagger.json - - - 200 - application/json;charset=utf-8 1.9388ms 
2023-08-08 15:16:07.0255||INFO|Microsoft.AspNetCore.Hosting.Diagnostics|Request starting HTTP/2 GET https://localhost:7247/swagger/index.html - - 
2023-08-08 15:16:07.0363||INFO|Microsoft.AspNetCore.Hosting.Diagnostics|Request finished HTTP/2 GET https://localhost:7247/swagger/index.html - - - 200 - text/html;charset=utf-8 10.7724ms 
2023-08-08 15:16:07.0618||INFO|Microsoft.AspNetCore.Hosting.Diagnostics|Request starting HTTP/2 GET https://localhost:7247/_vs/browserLink - - 
2023-08-08 15:16:07.0618||INFO|Microsoft.AspNetCore.Hosting.Diagnostics|Request starting HTTP/2 GET https://localhost:7247/_framework/aspnetcore-browser-refresh.js - - 
2023-08-08 15:16:07.0644||INFO|Microsoft.AspNetCore.Hosting.Diagnostics|Request finished HTTP/2 GET https://localhost:7247/_framework/aspnetcore-browser-refresh.js - - - 200 12398 application/javascript;+charset=utf-8 0.9846ms 
2023-08-08 15:16:07.0644||INFO|Microsoft.AspNetCore.Hosting.Diagnostics|Request finished HTTP/2 GET https://localhost:7247/_vs/browserLink - - - 200 - text/javascript;+charset=UTF-8 8.9479ms 
2023-08-08 15:16:07.2233||INFO|Microsoft.AspNetCore.Hosting.Diagnostics|Request starting HTTP/2 GET https://localhost:7247/swagger/v1/swagger.json - - 
2023-08-08 15:16:07.2233||INFO|Microsoft.AspNetCore.Hosting.Diagnostics|Request finished HTTP/2 GET https://localhost:7247/swagger/v1/swagger.json - - - 200 - application/json;charset=utf-8 2.7070ms 
2023-08-08 15:16:13.0234||INFO|Microsoft.AspNetCore.Hosting.Diagnostics|Request starting HTTP/1.1 POST https://localhost:7247/api/Auth/Signup application/json 163 
2023-08-08 15:16:13.0234||INFO|Microsoft.AspNetCore.Routing.EndpointMiddleware|Executing endpoint 'CouponManagementServiceV2.WebApi.Controllers.AuthController.SignUp (CouponManagementServiceV2.WebApi)' 
2023-08-08 15:16:13.0234||INFO|Microsoft.AspNetCore.Mvc.Infrastructure.ControllerActionInvoker|Route matched with {action = "SignUp", controller = "Auth"}. Executing controller action with signature System.Threading.Tasks.Task`1[CouponManagementServiceV2.Core.Model.Shared.BaseResponse`1[System.String]] SignUp(CouponManagementServiceV2.Core.Model.Data.Users) on controller CouponManagementServiceV2.WebApi.Controllers.AuthController (CouponManagementServiceV2.WebApi). 
2023-08-08 15:16:13.0234||INFO|CouponManagementServiceV2.WebApi.Controllers.AuthController|SignUp called! 
2023-08-08 15:16:13.0840||INFO|Microsoft.AspNetCore.Mvc.Infrastructure.ObjectResultExecutor|Executing ObjectResult, writing value of type 'CouponManagementServiceV2.Core.Model.Shared.BaseResponse`1[[System.String, System.Private.CoreLib, Version=6.0.0.0, Culture=neutral, PublicKeyToken=7cec85d7bea7798e]]'. 
2023-08-08 15:16:13.0840||INFO|Microsoft.AspNetCore.Mvc.Infrastructure.ControllerActionInvoker|Executed action CouponManagementServiceV2.WebApi.Controllers.AuthController.SignUp (CouponManagementServiceV2.WebApi) in 57.7751ms 
2023-08-08 15:16:13.0840||INFO|Microsoft.AspNetCore.Routing.EndpointMiddleware|Executed endpoint 'CouponManagementServiceV2.WebApi.Controllers.AuthController.SignUp (CouponManagementServiceV2.WebApi)' 
2023-08-08 15:16:13.0840||INFO|Microsoft.AspNetCore.Hosting.Diagnostics|Request finished HTTP/1.1 POST https://localhost:7247/api/Auth/Signup application/json 163 - 200 - application/json;+charset=utf-8 61.3342ms 
2023-08-08 15:16:43.2124||INFO|Microsoft.AspNetCore.DataProtection.KeyManagement.XmlKeyManager|User profile is available. Using 'C:\Users\umut2\AppData\Local\ASP.NET\DataProtection-Keys' as key repository and Windows DPAPI to encrypt keys at rest. 
2023-08-08 15:16:43.6049||INFO|Microsoft.Hosting.Lifetime|Now listening on: https://localhost:7247 
2023-08-08 15:16:43.6049||INFO|Microsoft.Hosting.Lifetime|Now listening on: http://localhost:5081 
2023-08-08 15:16:43.6049||INFO|Microsoft.Hosting.Lifetime|Application started. Press Ctrl+C to shut down. 
2023-08-08 15:16:43.6049||INFO|Microsoft.Hosting.Lifetime|Hosting environment: Development 
2023-08-08 15:16:43.6115||INFO|Microsoft.Hosting.Lifetime|Content root path: C:\Users\umut2\OneDrive\Masaüstü\Internship\Week3\CouponManagementServiceV2\CouponManagementServiceV2.Starter\ 
2023-08-08 15:16:44.6574||INFO|Microsoft.AspNetCore.Hosting.Diagnostics|Request starting HTTP/2 GET https://localhost:7247/swagger/index.html - - 
2023-08-08 15:16:45.3264||INFO|Microsoft.AspNetCore.Hosting.Diagnostics|Request starting HTTP/2 GET https://localhost:7247/_framework/aspnetcore-browser-refresh.js - - 
2023-08-08 15:16:45.3264||INFO|Microsoft.AspNetCore.Hosting.Diagnostics|Request finished HTTP/2 GET https://localhost:7247/swagger/index.html - - - 200 - text/html;charset=utf-8 675.6368ms 
2023-08-08 15:16:45.3380||INFO|Microsoft.AspNetCore.Hosting.Diagnostics|Request finished HTTP/2 GET https://localhost:7247/_framework/aspnetcore-browser-refresh.js - - - 200 12398 application/javascript;+charset=utf-8 11.5749ms 
2023-08-08 15:16:45.8334||INFO|Microsoft.AspNetCore.Hosting.Diagnostics|Request starting HTTP/2 GET https://localhost:7247/_vs/browserLink - - 
2023-08-08 15:16:45.8635||INFO|Microsoft.AspNetCore.Hosting.Diagnostics|Request finished HTTP/2 GET https://localhost:7247/_vs/browserLink - - - 200 - text/javascript;+charset=UTF-8 30.1531ms 
2023-08-08 15:16:46.0645||INFO|Microsoft.AspNetCore.Hosting.Diagnostics|Request starting HTTP/2 GET https://localhost:7247/swagger/v1/swagger.json - - 
2023-08-08 15:16:46.2407||INFO|Microsoft.AspNetCore.Hosting.Diagnostics|Request finished HTTP/2 GET https://localhost:7247/swagger/v1/swagger.json - - - 200 - application/json;charset=utf-8 176.3248ms 
2023-08-08 15:16:48.8917||INFO|Microsoft.AspNetCore.Hosting.Diagnostics|Request starting HTTP/1.1 POST https://localhost:7247/api/Auth/Signup application/json 163 
2023-08-08 15:16:48.8987||INFO|Microsoft.AspNetCore.Routing.EndpointMiddleware|Executing endpoint 'CouponManagementServiceV2.WebApi.Controllers.AuthController.SignUp (CouponManagementServiceV2.WebApi)' 
2023-08-08 15:16:48.9278||INFO|Microsoft.AspNetCore.Mvc.Infrastructure.ControllerActionInvoker|Route matched with {action = "SignUp", controller = "Auth"}. Executing controller action with signature System.Threading.Tasks.Task`1[CouponManagementServiceV2.Core.Model.Shared.BaseResponse`1[System.String]] SignUp(CouponManagementServiceV2.Core.Model.Data.Users) on controller CouponManagementServiceV2.WebApi.Controllers.AuthController (CouponManagementServiceV2.WebApi). 
2023-08-08 15:16:49.0343||INFO|CouponManagementServiceV2.WebApi.Controllers.AuthController|SignUp called! 
2023-08-08 15:16:49.4257||INFO|Microsoft.AspNetCore.Mvc.Infrastructure.ObjectResultExecutor|Executing ObjectResult, writing value of type 'CouponManagementServiceV2.Core.Model.Shared.BaseResponse`1[[System.String, System.Private.CoreLib, Version=6.0.0.0, Culture=neutral, PublicKeyToken=7cec85d7bea7798e]]'. 
2023-08-08 15:16:49.4257||INFO|Microsoft.AspNetCore.Mvc.Infrastructure.ControllerActionInvoker|Executed action CouponManagementServiceV2.WebApi.Controllers.AuthController.SignUp (CouponManagementServiceV2.WebApi) in 501.8466ms 
2023-08-08 15:16:49.4257||INFO|Microsoft.AspNetCore.Routing.EndpointMiddleware|Executed endpoint 'CouponManagementServiceV2.WebApi.Controllers.AuthController.SignUp (CouponManagementServiceV2.WebApi)' 
2023-08-08 15:16:49.4257||INFO|Microsoft.AspNetCore.Hosting.Diagnostics|Request finished HTTP/1.1 POST https://localhost:7247/api/Auth/Signup application/json 163 - 200 - application/json;+charset=utf-8 544.7198ms 
2023-08-08 15:17:52.4815||INFO|Microsoft.AspNetCore.Hosting.Diagnostics|Request starting HTTP/2 GET https://localhost:7247/swagger/index.html - - 
2023-08-08 15:17:52.4999||INFO|Microsoft.AspNetCore.Hosting.Diagnostics|Request finished HTTP/2 GET https://localhost:7247/swagger/index.html - - - 200 - text/html;charset=utf-8 18.6223ms 
2023-08-08 15:17:52.5860||INFO|Microsoft.AspNetCore.Hosting.Diagnostics|Request starting HTTP/2 GET https://localhost:7247/_framework/aspnetcore-browser-refresh.js - - 
2023-08-08 15:17:52.5860||INFO|Microsoft.AspNetCore.Hosting.Diagnostics|Request finished HTTP/2 GET https://localhost:7247/_framework/aspnetcore-browser-refresh.js - - - 200 12398 application/javascript;+charset=utf-8 0.4101ms 
2023-08-08 15:17:52.6039||INFO|Microsoft.AspNetCore.Hosting.Diagnostics|Request starting HTTP/2 GET https://localhost:7247/_vs/browserLink - - 
2023-08-08 15:17:52.6170||INFO|Microsoft.AspNetCore.Hosting.Diagnostics|Request finished HTTP/2 GET https://localhost:7247/_vs/browserLink - - - 200 - text/javascript;+charset=UTF-8 13.2899ms 
2023-08-08 15:17:52.6902||INFO|Microsoft.AspNetCore.Hosting.Diagnostics|Request starting HTTP/2 GET https://localhost:7247/swagger/v1/swagger.json - - 
2023-08-08 15:17:52.6902||INFO|Microsoft.AspNetCore.Hosting.Diagnostics|Request finished HTTP/2 GET https://localhost:7247/swagger/v1/swagger.json - - - 200 - application/json;charset=utf-8 1.5199ms 
2023-08-08 15:18:13.9714||INFO|Microsoft.AspNetCore.Hosting.Diagnostics|Request starting HTTP/1.1 POST https://localhost:7247/api/Auth/Signup application/json 163 
2023-08-08 15:18:13.9714||INFO|Microsoft.AspNetCore.Routing.EndpointMiddleware|Executing endpoint 'CouponManagementServiceV2.WebApi.Controllers.AuthController.SignUp (CouponManagementServiceV2.WebApi)' 
2023-08-08 15:18:13.9714||INFO|Microsoft.AspNetCore.Mvc.Infrastructure.ControllerActionInvoker|Route matched with {action = "SignUp", controller = "Auth"}. Executing controller action with signature System.Threading.Tasks.Task`1[CouponManagementServiceV2.Core.Model.Shared.BaseResponse`1[System.String]] SignUp(CouponManagementServiceV2.Core.Model.Data.Users) on controller CouponManagementServiceV2.WebApi.Controllers.AuthController (CouponManagementServiceV2.WebApi). 
2023-08-08 15:18:13.9978||INFO|CouponManagementServiceV2.WebApi.Controllers.AuthController|SignUp called! 
2023-08-08 15:18:14.0362||INFO|Microsoft.AspNetCore.Mvc.Infrastructure.ObjectResultExecutor|Executing ObjectResult, writing value of type 'CouponManagementServiceV2.Core.Model.Shared.BaseResponse`1[[System.String, System.Private.CoreLib, Version=6.0.0.0, Culture=neutral, PublicKeyToken=7cec85d7bea7798e]]'. 
2023-08-08 15:18:14.0362||INFO|Microsoft.AspNetCore.Mvc.Infrastructure.ControllerActionInvoker|Executed action CouponManagementServiceV2.WebApi.Controllers.AuthController.SignUp (CouponManagementServiceV2.WebApi) in 59.0685ms 
2023-08-08 15:18:14.0362||INFO|Microsoft.AspNetCore.Routing.EndpointMiddleware|Executed endpoint 'CouponManagementServiceV2.WebApi.Controllers.AuthController.SignUp (CouponManagementServiceV2.WebApi)' 
2023-08-08 15:18:14.0362||INFO|Microsoft.AspNetCore.Hosting.Diagnostics|Request finished HTTP/1.1 POST https://localhost:7247/api/Auth/Signup application/json 163 - 200 - application/json;+charset=utf-8 65.6842ms 
2023-08-08 15:18:15.0113||INFO|Microsoft.AspNetCore.Hosting.Diagnostics|Request starting HTTP/1.1 POST https://localhost:7247/api/Auth/Signup application/json 163 
2023-08-08 15:18:15.0113||INFO|Microsoft.AspNetCore.Routing.EndpointMiddleware|Executing endpoint 'CouponManagementServiceV2.WebApi.Controllers.AuthController.SignUp (CouponManagementServiceV2.WebApi)' 
2023-08-08 15:18:15.0113||INFO|Microsoft.AspNetCore.Mvc.Infrastructure.ControllerActionInvoker|Route matched with {action = "SignUp", controller = "Auth"}. Executing controller action with signature System.Threading.Tasks.Task`1[CouponManagementServiceV2.Core.Model.Shared.BaseResponse`1[System.String]] SignUp(CouponManagementServiceV2.Core.Model.Data.Users) on controller CouponManagementServiceV2.WebApi.Controllers.AuthController (CouponManagementServiceV2.WebApi). 
2023-08-08 15:18:15.0113||INFO|CouponManagementServiceV2.WebApi.Controllers.AuthController|SignUp called! 
2023-08-08 15:18:15.0429||INFO|Microsoft.AspNetCore.Mvc.Infrastructure.ObjectResultExecutor|Executing ObjectResult, writing value of type 'CouponManagementServiceV2.Core.Model.Shared.BaseResponse`1[[System.String, System.Private.CoreLib, Version=6.0.0.0, Culture=neutral, PublicKeyToken=7cec85d7bea7798e]]'. 
2023-08-08 15:18:15.0429||INFO|Microsoft.AspNetCore.Mvc.Infrastructure.ControllerActionInvoker|Executed action CouponManagementServiceV2.WebApi.Controllers.AuthController.SignUp (CouponManagementServiceV2.WebApi) in 30.6577ms 
2023-08-08 15:18:15.0429||INFO|Microsoft.AspNetCore.Routing.EndpointMiddleware|Executed endpoint 'CouponManagementServiceV2.WebApi.Controllers.AuthController.SignUp (CouponManagementServiceV2.WebApi)' 
2023-08-08 15:18:15.0429||INFO|Microsoft.AspNetCore.Hosting.Diagnostics|Request finished HTTP/1.1 POST https://localhost:7247/api/Auth/Signup application/json 163 - 200 - application/json;+charset=utf-8 31.8664ms 
2023-08-08 15:18:26.0725||INFO|Microsoft.AspNetCore.Hosting.Diagnostics|Request starting HTTP/1.1 POST https://localhost:7247/api/Auth/Signup application/json 163 
2023-08-08 15:18:26.0725||INFO|Microsoft.AspNetCore.Routing.EndpointMiddleware|Executing endpoint 'CouponManagementServiceV2.WebApi.Controllers.AuthController.SignUp (CouponManagementServiceV2.WebApi)' 
2023-08-08 15:18:26.0725||INFO|Microsoft.AspNetCore.Mvc.Infrastructure.ControllerActionInvoker|Route matched with {action = "SignUp", controller = "Auth"}. Executing controller action with signature System.Threading.Tasks.Task`1[CouponManagementServiceV2.Core.Model.Shared.BaseResponse`1[System.String]] SignUp(CouponManagementServiceV2.Core.Model.Data.Users) on controller CouponManagementServiceV2.WebApi.Controllers.AuthController (CouponManagementServiceV2.WebApi). 
2023-08-08 15:18:26.0725||INFO|CouponManagementServiceV2.WebApi.Controllers.AuthController|SignUp called! 
2023-08-08 15:19:09.3431||INFO|Microsoft.AspNetCore.Mvc.Infrastructure.ObjectResultExecutor|Executing ObjectResult, writing value of type 'CouponManagementServiceV2.Core.Model.Shared.BaseResponse`1[[System.String, System.Private.CoreLib, Version=6.0.0.0, Culture=neutral, PublicKeyToken=7cec85d7bea7798e]]'. 
2023-08-08 15:19:09.3431||INFO|Microsoft.AspNetCore.Mvc.Infrastructure.ControllerActionInvoker|Executed action CouponManagementServiceV2.WebApi.Controllers.AuthController.SignUp (CouponManagementServiceV2.WebApi) in 43269.5759ms 
2023-08-08 15:19:09.3431||INFO|Microsoft.AspNetCore.Routing.EndpointMiddleware|Executed endpoint 'CouponManagementServiceV2.WebApi.Controllers.AuthController.SignUp (CouponManagementServiceV2.WebApi)' 
2023-08-08 15:19:09.3431||INFO|Microsoft.AspNetCore.Hosting.Diagnostics|Request finished HTTP/1.1 POST https://localhost:7247/api/Auth/Signup application/json 163 - 200 - application/json;+charset=utf-8 43272.3993ms 
2023-08-08 15:19:12.6892||INFO|Microsoft.AspNetCore.Hosting.Diagnostics|Request starting HTTP/1.1 POST https://localhost:7247/api/Auth/Signup application/json 163 
2023-08-08 15:19:12.6901||INFO|Microsoft.AspNetCore.Routing.EndpointMiddleware|Executing endpoint 'CouponManagementServiceV2.WebApi.Controllers.AuthController.SignUp (CouponManagementServiceV2.WebApi)' 
2023-08-08 15:19:12.6901||INFO|Microsoft.AspNetCore.Mvc.Infrastructure.ControllerActionInvoker|Route matched with {action = "SignUp", controller = "Auth"}. Executing controller action with signature System.Threading.Tasks.Task`1[CouponManagementServiceV2.Core.Model.Shared.BaseResponse`1[System.String]] SignUp(CouponManagementServiceV2.Core.Model.Data.Users) on controller CouponManagementServiceV2.WebApi.Controllers.AuthController (CouponManagementServiceV2.WebApi). 
2023-08-08 15:19:12.7174||INFO|CouponManagementServiceV2.WebApi.Controllers.AuthController|SignUp called! 
2023-08-08 15:21:18.8480||INFO|Microsoft.AspNetCore.Mvc.Infrastructure.ObjectResultExecutor|Executing ObjectResult, writing value of type 'CouponManagementServiceV2.Core.Model.Shared.BaseResponse`1[[System.String, System.Private.CoreLib, Version=6.0.0.0, Culture=neutral, PublicKeyToken=7cec85d7bea7798e]]'. 
2023-08-08 15:21:18.8660||INFO|Microsoft.AspNetCore.Mvc.Infrastructure.ControllerActionInvoker|Executed action CouponManagementServiceV2.WebApi.Controllers.AuthController.SignUp (CouponManagementServiceV2.WebApi) in 126175.7617ms 
2023-08-08 15:21:18.8660||INFO|Microsoft.AspNetCore.Routing.EndpointMiddleware|Executed endpoint 'CouponManagementServiceV2.WebApi.Controllers.AuthController.SignUp (CouponManagementServiceV2.WebApi)' 
2023-08-08 15:21:18.8660||INFO|Microsoft.AspNetCore.Hosting.Diagnostics|Request finished HTTP/1.1 POST https://localhost:7247/api/Auth/Signup application/json 163 - 200 - application/json;+charset=utf-8 126177.8253ms 
2023-08-08 15:21:29.7361||INFO|Microsoft.AspNetCore.Hosting.Diagnostics|Request starting HTTP/1.1 POST https://localhost:7247/api/Auth/Login application/json 53 
2023-08-08 15:21:29.7361||INFO|Microsoft.AspNetCore.Routing.EndpointMiddleware|Executing endpoint 'CouponManagementServiceV2.WebApi.Controllers.AuthController.Login (CouponManagementServiceV2.WebApi)' 
2023-08-08 15:21:29.7361||INFO|Microsoft.AspNetCore.Mvc.Infrastructure.ControllerActionInvoker|Route matched with {action = "Login", controller = "Auth"}. Executing controller action with signature System.Threading.Tasks.Task`1[CouponManagementServiceV2.Core.Model.Shared.BaseResponse`1[System.String]] Login(CouponManagementServiceV2.Core.Model.Data.Login) on controller CouponManagementServiceV2.WebApi.Controllers.AuthController (CouponManagementServiceV2.WebApi). 
2023-08-08 15:21:29.7361||INFO|CouponManagementServiceV2.WebApi.Controllers.AuthController|Login called! 
2023-08-08 15:21:29.7981||INFO|Microsoft.AspNetCore.Mvc.Infrastructure.ObjectResultExecutor|Executing ObjectResult, writing value of type 'CouponManagementServiceV2.Core.Model.Shared.BaseResponse`1[[System.String, System.Private.CoreLib, Version=6.0.0.0, Culture=neutral, PublicKeyToken=7cec85d7bea7798e]]'. 
2023-08-08 15:21:29.7981||INFO|Microsoft.AspNetCore.Mvc.Infrastructure.ControllerActionInvoker|Executed action CouponManagementServiceV2.WebApi.Controllers.AuthController.Login (CouponManagementServiceV2.WebApi) in 59.7041ms 
2023-08-08 15:21:29.7981||INFO|Microsoft.AspNetCore.Routing.EndpointMiddleware|Executed endpoint 'CouponManagementServiceV2.WebApi.Controllers.AuthController.Login (CouponManagementServiceV2.WebApi)' 
2023-08-08 15:21:29.7981||INFO|Microsoft.AspNetCore.Hosting.Diagnostics|Request finished HTTP/1.1 POST https://localhost:7247/api/Auth/Login application/json 53 - 200 - application/json;+charset=utf-8 62.2463ms 
2023-08-08 15:21:31.6200||INFO|Microsoft.AspNetCore.Hosting.Diagnostics|Request starting HTTP/1.1 POST https://localhost:7247/api/Auth/Login application/json 53 
2023-08-08 15:21:31.6200||INFO|Microsoft.AspNetCore.Routing.EndpointMiddleware|Executing endpoint 'CouponManagementServiceV2.WebApi.Controllers.AuthController.Login (CouponManagementServiceV2.WebApi)' 
2023-08-08 15:21:31.6200||INFO|Microsoft.AspNetCore.Mvc.Infrastructure.ControllerActionInvoker|Route matched with {action = "Login", controller = "Auth"}. Executing controller action with signature System.Threading.Tasks.Task`1[CouponManagementServiceV2.Core.Model.Shared.BaseResponse`1[System.String]] Login(CouponManagementServiceV2.Core.Model.Data.Login) on controller CouponManagementServiceV2.WebApi.Controllers.AuthController (CouponManagementServiceV2.WebApi). 
2023-08-08 15:21:31.6200||INFO|CouponManagementServiceV2.WebApi.Controllers.AuthController|Login called! 
2023-08-08 15:21:31.6565||INFO|Microsoft.AspNetCore.Mvc.Infrastructure.ObjectResultExecutor|Executing ObjectResult, writing value of type 'CouponManagementServiceV2.Core.Model.Shared.BaseResponse`1[[System.String, System.Private.CoreLib, Version=6.0.0.0, Culture=neutral, PublicKeyToken=7cec85d7bea7798e]]'. 
2023-08-08 15:21:31.6565||INFO|Microsoft.AspNetCore.Mvc.Infrastructure.ControllerActionInvoker|Executed action CouponManagementServiceV2.WebApi.Controllers.AuthController.Login (CouponManagementServiceV2.WebApi) in 36.1767ms 
2023-08-08 15:21:31.6565||INFO|Microsoft.AspNetCore.Routing.EndpointMiddleware|Executed endpoint 'CouponManagementServiceV2.WebApi.Controllers.AuthController.Login (CouponManagementServiceV2.WebApi)' 
2023-08-08 15:21:31.6565||INFO|Microsoft.AspNetCore.Hosting.Diagnostics|Request finished HTTP/1.1 POST https://localhost:7247/api/Auth/Login application/json 53 - 200 - application/json;+charset=utf-8 36.7661ms 
2023-08-08 15:21:34.4833||INFO|Microsoft.AspNetCore.Hosting.Diagnostics|Request starting HTTP/1.1 POST https://localhost:7247/api/Auth/Signup application/json 163 
2023-08-08 15:21:34.4833||INFO|Microsoft.AspNetCore.Routing.EndpointMiddleware|Executing endpoint 'CouponManagementServiceV2.WebApi.Controllers.AuthController.SignUp (CouponManagementServiceV2.WebApi)' 
2023-08-08 15:21:34.4833||INFO|Microsoft.AspNetCore.Mvc.Infrastructure.ControllerActionInvoker|Route matched with {action = "SignUp", controller = "Auth"}. Executing controller action with signature System.Threading.Tasks.Task`1[CouponManagementServiceV2.Core.Model.Shared.BaseResponse`1[System.String]] SignUp(CouponManagementServiceV2.Core.Model.Data.Users) on controller CouponManagementServiceV2.WebApi.Controllers.AuthController (CouponManagementServiceV2.WebApi). 
2023-08-08 15:21:34.4833||INFO|CouponManagementServiceV2.WebApi.Controllers.AuthController|SignUp called! 
2023-08-08 15:21:37.6919||INFO|Microsoft.AspNetCore.Mvc.Infrastructure.ObjectResultExecutor|Executing ObjectResult, writing value of type 'CouponManagementServiceV2.Core.Model.Shared.BaseResponse`1[[System.String, System.Private.CoreLib, Version=6.0.0.0, Culture=neutral, PublicKeyToken=7cec85d7bea7798e]]'. 
2023-08-08 15:21:37.6919||INFO|Microsoft.AspNetCore.Mvc.Infrastructure.ControllerActionInvoker|Executed action CouponManagementServiceV2.WebApi.Controllers.AuthController.SignUp (CouponManagementServiceV2.WebApi) in 3209.7958ms 
2023-08-08 15:21:37.6919||INFO|Microsoft.AspNetCore.Routing.EndpointMiddleware|Executed endpoint 'CouponManagementServiceV2.WebApi.Controllers.AuthController.SignUp (CouponManagementServiceV2.WebApi)' 
2023-08-08 15:21:37.6919||INFO|Microsoft.AspNetCore.Hosting.Diagnostics|Request finished HTTP/1.1 POST https://localhost:7247/api/Auth/Signup application/json 163 - 200 - application/json;+charset=utf-8 3210.6888ms 
2023-08-08 15:21:40.5822||INFO|Microsoft.AspNetCore.Hosting.Diagnostics|Request starting HTTP/1.1 POST https://localhost:7247/api/Auth/Signup application/json 163 
2023-08-08 15:21:40.5822||INFO|Microsoft.AspNetCore.Routing.EndpointMiddleware|Executing endpoint 'CouponManagementServiceV2.WebApi.Controllers.AuthController.SignUp (CouponManagementServiceV2.WebApi)' 
2023-08-08 15:21:40.5822||INFO|Microsoft.AspNetCore.Mvc.Infrastructure.ControllerActionInvoker|Route matched with {action = "SignUp", controller = "Auth"}. Executing controller action with signature System.Threading.Tasks.Task`1[CouponManagementServiceV2.Core.Model.Shared.BaseResponse`1[System.String]] SignUp(CouponManagementServiceV2.Core.Model.Data.Users) on controller CouponManagementServiceV2.WebApi.Controllers.AuthController (CouponManagementServiceV2.WebApi). 
2023-08-08 15:21:40.5822||INFO|CouponManagementServiceV2.WebApi.Controllers.AuthController|SignUp called! 
2023-08-08 15:21:48.2873||INFO|Microsoft.AspNetCore.Mvc.Infrastructure.ObjectResultExecutor|Executing ObjectResult, writing value of type 'CouponManagementServiceV2.Core.Model.Shared.BaseResponse`1[[System.String, System.Private.CoreLib, Version=6.0.0.0, Culture=neutral, PublicKeyToken=7cec85d7bea7798e]]'. 
2023-08-08 15:21:48.2873||INFO|Microsoft.AspNetCore.Mvc.Infrastructure.ControllerActionInvoker|Executed action CouponManagementServiceV2.WebApi.Controllers.AuthController.SignUp (CouponManagementServiceV2.WebApi) in 7704.455ms 
2023-08-08 15:21:48.2873||INFO|Microsoft.AspNetCore.Routing.EndpointMiddleware|Executed endpoint 'CouponManagementServiceV2.WebApi.Controllers.AuthController.SignUp (CouponManagementServiceV2.WebApi)' 
2023-08-08 15:21:48.2873||INFO|Microsoft.AspNetCore.Hosting.Diagnostics|Request finished HTTP/1.1 POST https://localhost:7247/api/Auth/Signup application/json 163 - 200 - application/json;+charset=utf-8 7705.7995ms 
2023-08-08 15:21:50.5506||INFO|Microsoft.AspNetCore.Hosting.Diagnostics|Request starting HTTP/1.1 POST https://localhost:7247/api/Auth/Signup application/json 163 
2023-08-08 15:21:50.5506||INFO|Microsoft.AspNetCore.Routing.EndpointMiddleware|Executing endpoint 'CouponManagementServiceV2.WebApi.Controllers.AuthController.SignUp (CouponManagementServiceV2.WebApi)' 
2023-08-08 15:21:50.5506||INFO|Microsoft.AspNetCore.Mvc.Infrastructure.ControllerActionInvoker|Route matched with {action = "SignUp", controller = "Auth"}. Executing controller action with signature System.Threading.Tasks.Task`1[CouponManagementServiceV2.Core.Model.Shared.BaseResponse`1[System.String]] SignUp(CouponManagementServiceV2.Core.Model.Data.Users) on controller CouponManagementServiceV2.WebApi.Controllers.AuthController (CouponManagementServiceV2.WebApi). 
2023-08-08 15:21:50.5506||INFO|CouponManagementServiceV2.WebApi.Controllers.AuthController|SignUp called! 
2023-08-08 15:21:59.7804||INFO|Microsoft.AspNetCore.Mvc.Infrastructure.ObjectResultExecutor|Executing ObjectResult, writing value of type 'CouponManagementServiceV2.Core.Model.Shared.BaseResponse`1[[System.String, System.Private.CoreLib, Version=6.0.0.0, Culture=neutral, PublicKeyToken=7cec85d7bea7798e]]'. 
2023-08-08 15:21:59.7804||INFO|Microsoft.AspNetCore.Mvc.Infrastructure.ControllerActionInvoker|Executed action CouponManagementServiceV2.WebApi.Controllers.AuthController.SignUp (CouponManagementServiceV2.WebApi) in 9229.7548ms 
2023-08-08 15:21:59.7804||INFO|Microsoft.AspNetCore.Routing.EndpointMiddleware|Executed endpoint 'CouponManagementServiceV2.WebApi.Controllers.AuthController.SignUp (CouponManagementServiceV2.WebApi)' 
2023-08-08 15:21:59.7804||INFO|Microsoft.AspNetCore.Hosting.Diagnostics|Request finished HTTP/1.1 POST https://localhost:7247/api/Auth/Signup application/json 163 - 200 - application/json;+charset=utf-8 9231.3881ms 
2023-08-08 15:22:02.4901||INFO|Microsoft.AspNetCore.Hosting.Diagnostics|Request starting HTTP/1.1 POST https://localhost:7247/api/Auth/Signup application/json 163 
2023-08-08 15:22:02.4901||INFO|Microsoft.AspNetCore.Routing.EndpointMiddleware|Executing endpoint 'CouponManagementServiceV2.WebApi.Controllers.AuthController.SignUp (CouponManagementServiceV2.WebApi)' 
2023-08-08 15:22:02.4901||INFO|Microsoft.AspNetCore.Mvc.Infrastructure.ControllerActionInvoker|Route matched with {action = "SignUp", controller = "Auth"}. Executing controller action with signature System.Threading.Tasks.Task`1[CouponManagementServiceV2.Core.Model.Shared.BaseResponse`1[System.String]] SignUp(CouponManagementServiceV2.Core.Model.Data.Users) on controller CouponManagementServiceV2.WebApi.Controllers.AuthController (CouponManagementServiceV2.WebApi). 
2023-08-08 15:22:02.4901||INFO|CouponManagementServiceV2.WebApi.Controllers.AuthController|SignUp called! 
2023-08-08 15:22:22.1519||INFO|Microsoft.AspNetCore.Mvc.Infrastructure.ObjectResultExecutor|Executing ObjectResult, writing value of type 'CouponManagementServiceV2.Core.Model.Shared.BaseResponse`1[[System.String, System.Private.CoreLib, Version=6.0.0.0, Culture=neutral, PublicKeyToken=7cec85d7bea7798e]]'. 
2023-08-08 15:22:22.1519||INFO|Microsoft.AspNetCore.Mvc.Infrastructure.ControllerActionInvoker|Executed action CouponManagementServiceV2.WebApi.Controllers.AuthController.SignUp (CouponManagementServiceV2.WebApi) in 19663.5671ms 
2023-08-08 15:22:22.1519||INFO|Microsoft.AspNetCore.Routing.EndpointMiddleware|Executed endpoint 'CouponManagementServiceV2.WebApi.Controllers.AuthController.SignUp (CouponManagementServiceV2.WebApi)' 
2023-08-08 15:22:22.1519||INFO|Microsoft.AspNetCore.Hosting.Diagnostics|Request finished HTTP/1.1 POST https://localhost:7247/api/Auth/Signup application/json 163 - 200 - application/json;+charset=utf-8 19664.9140ms 
2023-08-08 15:23:38.5570||INFO|Microsoft.AspNetCore.Hosting.Diagnostics|Request starting HTTP/1.1 POST https://localhost:7247/api/Auth/Signup application/json 162 
2023-08-08 15:23:38.5570||INFO|Microsoft.AspNetCore.Routing.EndpointMiddleware|Executing endpoint 'CouponManagementServiceV2.WebApi.Controllers.AuthController.SignUp (CouponManagementServiceV2.WebApi)' 
2023-08-08 15:23:38.5570||INFO|Microsoft.AspNetCore.Mvc.Infrastructure.ControllerActionInvoker|Route matched with {action = "SignUp", controller = "Auth"}. Executing controller action with signature System.Threading.Tasks.Task`1[CouponManagementServiceV2.Core.Model.Shared.BaseResponse`1[System.String]] SignUp(CouponManagementServiceV2.Core.Model.Data.Users) on controller CouponManagementServiceV2.WebApi.Controllers.AuthController (CouponManagementServiceV2.WebApi). 
2023-08-08 15:23:38.5952||INFO|CouponManagementServiceV2.WebApi.Controllers.AuthController|SignUp called! 
2023-08-08 15:24:42.0801||INFO|Microsoft.AspNetCore.DataProtection.KeyManagement.XmlKeyManager|User profile is available. Using 'C:\Users\umut2\AppData\Local\ASP.NET\DataProtection-Keys' as key repository and Windows DPAPI to encrypt keys at rest. 
2023-08-08 15:24:42.4236||INFO|Microsoft.Hosting.Lifetime|Now listening on: https://localhost:7247 
2023-08-08 15:24:42.4244||INFO|Microsoft.Hosting.Lifetime|Now listening on: http://localhost:5081 
2023-08-08 15:24:42.4244||INFO|Microsoft.Hosting.Lifetime|Application started. Press Ctrl+C to shut down. 
2023-08-08 15:24:42.4244||INFO|Microsoft.Hosting.Lifetime|Hosting environment: Development 
2023-08-08 15:24:42.4244||INFO|Microsoft.Hosting.Lifetime|Content root path: C:\Users\umut2\OneDrive\Masaüstü\Internship\Week3\CouponManagementServiceV2\CouponManagementServiceV2.Starter\ 
2023-08-08 15:24:45.4294||INFO|Microsoft.AspNetCore.Hosting.Diagnostics|Request starting HTTP/2 GET https://localhost:7247/swagger/index.html - - 
2023-08-08 15:24:47.2892||INFO|Microsoft.AspNetCore.Hosting.Diagnostics|Request finished HTTP/2 GET https://localhost:7247/swagger/index.html - - - 200 - text/html;charset=utf-8 1889.8669ms 
2023-08-08 15:24:47.3287||INFO|Microsoft.AspNetCore.Hosting.Diagnostics|Request starting HTTP/1.1 POST https://localhost:7247/api/Auth/Signup application/json 162 
2023-08-08 15:24:47.3436||INFO|Microsoft.AspNetCore.Routing.EndpointMiddleware|Executing endpoint 'CouponManagementServiceV2.WebApi.Controllers.AuthController.SignUp (CouponManagementServiceV2.WebApi)' 
2023-08-08 15:24:47.3944||INFO|Microsoft.AspNetCore.Mvc.Infrastructure.ControllerActionInvoker|Route matched with {action = "SignUp", controller = "Auth"}. Executing controller action with signature System.Threading.Tasks.Task`1[CouponManagementServiceV2.Core.Model.Shared.BaseResponse`1[System.String]] SignUp(CouponManagementServiceV2.Core.Model.Data.Users) on controller CouponManagementServiceV2.WebApi.Controllers.AuthController (CouponManagementServiceV2.WebApi). 
2023-08-08 15:24:47.5949||INFO|CouponManagementServiceV2.WebApi.Controllers.AuthController|SignUp called! 
2023-08-08 15:24:50.5409||INFO|Microsoft.AspNetCore.Hosting.Diagnostics|Request starting HTTP/2 GET https://localhost:7247/_vs/browserLink - - 
2023-08-08 15:24:50.5409||INFO|Microsoft.AspNetCore.Hosting.Diagnostics|Request starting HTTP/2 GET https://localhost:7247/_framework/aspnetcore-browser-refresh.js - - 
2023-08-08 15:24:56.0509||INFO|Microsoft.AspNetCore.Hosting.Diagnostics|Request finished HTTP/2 GET https://localhost:7247/_framework/aspnetcore-browser-refresh.js - - - 200 12398 application/javascript;+charset=utf-8 5510.1351ms 
2023-08-08 15:24:58.1528||INFO|Microsoft.AspNetCore.Hosting.Diagnostics|Request finished HTTP/2 GET https://localhost:7247/_vs/browserLink - - - 200 - text/javascript;+charset=UTF-8 7611.8854ms 
2023-08-08 15:25:12.4232||INFO|Microsoft.AspNetCore.Hosting.Diagnostics|Request starting HTTP/2 GET https://localhost:7247/swagger/v1/swagger.json - - 
2023-08-08 15:26:10.0206||INFO|Microsoft.AspNetCore.Hosting.Diagnostics|Request finished HTTP/2 GET https://localhost:7247/swagger/v1/swagger.json - - - 200 - application/json;charset=utf-8 57597.4898ms 
2023-08-08 15:28:10.2137||INFO|Microsoft.AspNetCore.Mvc.Infrastructure.ObjectResultExecutor|Executing ObjectResult, writing value of type 'CouponManagementServiceV2.Core.Model.Shared.BaseResponse`1[[System.String, System.Private.CoreLib, Version=6.0.0.0, Culture=neutral, PublicKeyToken=7cec85d7bea7798e]]'. 
2023-08-08 15:28:10.2210||INFO|Microsoft.AspNetCore.Mvc.Infrastructure.ControllerActionInvoker|Executed action CouponManagementServiceV2.WebApi.Controllers.AuthController.SignUp (CouponManagementServiceV2.WebApi) in 202823.0476ms 
2023-08-08 15:28:10.2210||INFO|Microsoft.AspNetCore.Routing.EndpointMiddleware|Executed endpoint 'CouponManagementServiceV2.WebApi.Controllers.AuthController.SignUp (CouponManagementServiceV2.WebApi)' 
2023-08-08 15:28:10.2210||INFO|Microsoft.AspNetCore.Hosting.Diagnostics|Request finished HTTP/1.1 POST https://localhost:7247/api/Auth/Signup application/json 162 - 200 - application/json;+charset=utf-8 202894.0261ms 
2023-08-08 15:28:13.5079||INFO|Microsoft.AspNetCore.Hosting.Diagnostics|Request starting HTTP/1.1 POST https://localhost:7247/api/Auth/Signup application/json 162 
2023-08-08 15:28:13.5079||INFO|Microsoft.AspNetCore.Routing.EndpointMiddleware|Executing endpoint 'CouponManagementServiceV2.WebApi.Controllers.AuthController.SignUp (CouponManagementServiceV2.WebApi)' 
2023-08-08 15:28:13.5079||INFO|Microsoft.AspNetCore.Mvc.Infrastructure.ControllerActionInvoker|Route matched with {action = "SignUp", controller = "Auth"}. Executing controller action with signature System.Threading.Tasks.Task`1[CouponManagementServiceV2.Core.Model.Shared.BaseResponse`1[System.String]] SignUp(CouponManagementServiceV2.Core.Model.Data.Users) on controller CouponManagementServiceV2.WebApi.Controllers.AuthController (CouponManagementServiceV2.WebApi). 
2023-08-08 15:28:13.5527||INFO|CouponManagementServiceV2.WebApi.Controllers.AuthController|SignUp called! 
2023-08-08 15:28:15.4819||INFO|Microsoft.AspNetCore.Mvc.Infrastructure.ObjectResultExecutor|Executing ObjectResult, writing value of type 'CouponManagementServiceV2.Core.Model.Shared.BaseResponse`1[[System.String, System.Private.CoreLib, Version=6.0.0.0, Culture=neutral, PublicKeyToken=7cec85d7bea7798e]]'. 
2023-08-08 15:28:15.4819||INFO|Microsoft.AspNetCore.Mvc.Infrastructure.ControllerActionInvoker|Executed action CouponManagementServiceV2.WebApi.Controllers.AuthController.SignUp (CouponManagementServiceV2.WebApi) in 1968.5374ms 
2023-08-08 15:28:15.4819||INFO|Microsoft.AspNetCore.Routing.EndpointMiddleware|Executed endpoint 'CouponManagementServiceV2.WebApi.Controllers.AuthController.SignUp (CouponManagementServiceV2.WebApi)' 
2023-08-08 15:28:15.4819||INFO|Microsoft.AspNetCore.Hosting.Diagnostics|Request finished HTTP/1.1 POST https://localhost:7247/api/Auth/Signup application/json 162 - 200 - application/json;+charset=utf-8 1977.6362ms 
2023-08-08 15:29:50.9620||INFO|Microsoft.AspNetCore.DataProtection.KeyManagement.XmlKeyManager|User profile is available. Using 'C:\Users\umut2\AppData\Local\ASP.NET\DataProtection-Keys' as key repository and Windows DPAPI to encrypt keys at rest. 
2023-08-08 15:29:51.2484||INFO|Microsoft.Hosting.Lifetime|Now listening on: https://localhost:7247 
2023-08-08 15:29:51.2484||INFO|Microsoft.Hosting.Lifetime|Now listening on: http://localhost:5081 
2023-08-08 15:29:51.2484||INFO|Microsoft.Hosting.Lifetime|Application started. Press Ctrl+C to shut down. 
2023-08-08 15:29:51.2484||INFO|Microsoft.Hosting.Lifetime|Hosting environment: Development 
2023-08-08 15:29:51.2484||INFO|Microsoft.Hosting.Lifetime|Content root path: C:\Users\umut2\OneDrive\Masaüstü\Internship\Week3\CouponManagementServiceV2\CouponManagementServiceV2.Starter\ 
2023-08-08 15:29:53.6907||INFO|Microsoft.AspNetCore.Hosting.Diagnostics|Request starting HTTP/2 GET https://localhost:7247/swagger/index.html - - 
2023-08-08 15:29:54.2125||INFO|Microsoft.AspNetCore.Hosting.Diagnostics|Request starting HTTP/2 GET https://localhost:7247/_framework/aspnetcore-browser-refresh.js - - 
2023-08-08 15:29:54.2125||INFO|Microsoft.AspNetCore.Hosting.Diagnostics|Request finished HTTP/2 GET https://localhost:7247/_framework/aspnetcore-browser-refresh.js - - - 200 12398 application/javascript;+charset=utf-8 7.7214ms 
2023-08-08 15:29:54.2125||INFO|Microsoft.AspNetCore.Hosting.Diagnostics|Request finished HTTP/2 GET https://localhost:7247/swagger/index.html - - - 200 - text/html;charset=utf-8 532.4654ms 
2023-08-08 15:29:54.7281||INFO|Microsoft.AspNetCore.Hosting.Diagnostics|Request starting HTTP/2 GET https://localhost:7247/_vs/browserLink - - 
2023-08-08 15:29:54.7650||INFO|Microsoft.AspNetCore.Hosting.Diagnostics|Request finished HTTP/2 GET https://localhost:7247/_vs/browserLink - - - 200 - text/javascript;+charset=UTF-8 36.9103ms 
2023-08-08 15:29:54.9513||INFO|Microsoft.AspNetCore.Hosting.Diagnostics|Request starting HTTP/2 GET https://localhost:7247/swagger/v1/swagger.json - - 
2023-08-08 15:29:55.1158||INFO|Microsoft.AspNetCore.Hosting.Diagnostics|Request finished HTTP/2 GET https://localhost:7247/swagger/v1/swagger.json - - - 200 - application/json;charset=utf-8 164.7116ms 
2023-08-08 15:30:05.1993||INFO|Microsoft.AspNetCore.Hosting.Diagnostics|Request starting HTTP/1.1 POST https://localhost:7247/api/Auth/Signup application/json 162 
2023-08-08 15:30:05.1993||INFO|Microsoft.AspNetCore.Routing.EndpointMiddleware|Executing endpoint 'CouponManagementServiceV2.WebApi.Controllers.AuthController.SignUp (CouponManagementServiceV2.WebApi)' 
2023-08-08 15:30:05.2287||INFO|Microsoft.AspNetCore.Mvc.Infrastructure.ControllerActionInvoker|Route matched with {action = "SignUp", controller = "Auth"}. Executing controller action with signature System.Threading.Tasks.Task`1[CouponManagementServiceV2.Core.Model.Shared.BaseResponse`1[System.String]] SignUp(CouponManagementServiceV2.Core.Model.Data.Users) on controller CouponManagementServiceV2.WebApi.Controllers.AuthController (CouponManagementServiceV2.WebApi). 
2023-08-08 15:30:05.3240||INFO|CouponManagementServiceV2.WebApi.Controllers.AuthController|SignUp called! 
2023-08-08 15:30:07.1229||INFO|Microsoft.AspNetCore.Mvc.Infrastructure.ObjectResultExecutor|Executing ObjectResult, writing value of type 'CouponManagementServiceV2.Core.Model.Shared.BaseResponse`1[[System.String, System.Private.CoreLib, Version=6.0.0.0, Culture=neutral, PublicKeyToken=7cec85d7bea7798e]]'. 
2023-08-08 15:30:07.1320||INFO|Microsoft.AspNetCore.Mvc.Infrastructure.ControllerActionInvoker|Executed action CouponManagementServiceV2.WebApi.Controllers.AuthController.SignUp (CouponManagementServiceV2.WebApi) in 1898.7342ms 
2023-08-08 15:30:07.1320||INFO|Microsoft.AspNetCore.Routing.EndpointMiddleware|Executed endpoint 'CouponManagementServiceV2.WebApi.Controllers.AuthController.SignUp (CouponManagementServiceV2.WebApi)' 
2023-08-08 15:30:07.1320||INFO|Microsoft.AspNetCore.Hosting.Diagnostics|Request finished HTTP/1.1 POST https://localhost:7247/api/Auth/Signup application/json 162 - 200 - application/json;+charset=utf-8 1934.3182ms 
2023-08-08 15:30:11.8797||INFO|Microsoft.AspNetCore.Hosting.Diagnostics|Request starting HTTP/1.1 POST https://localhost:7247/api/Auth/Signup application/json 162 
2023-08-08 15:30:11.8797||INFO|Microsoft.AspNetCore.Routing.EndpointMiddleware|Executing endpoint 'CouponManagementServiceV2.WebApi.Controllers.AuthController.SignUp (CouponManagementServiceV2.WebApi)' 
2023-08-08 15:30:11.8797||INFO|Microsoft.AspNetCore.Mvc.Infrastructure.ControllerActionInvoker|Route matched with {action = "SignUp", controller = "Auth"}. Executing controller action with signature System.Threading.Tasks.Task`1[CouponManagementServiceV2.Core.Model.Shared.BaseResponse`1[System.String]] SignUp(CouponManagementServiceV2.Core.Model.Data.Users) on controller CouponManagementServiceV2.WebApi.Controllers.AuthController (CouponManagementServiceV2.WebApi). 
2023-08-08 15:30:11.8797||INFO|CouponManagementServiceV2.WebApi.Controllers.AuthController|SignUp called! 
2023-08-08 15:31:15.0510||INFO|Microsoft.AspNetCore.Mvc.Infrastructure.ObjectResultExecutor|Executing ObjectResult, writing value of type 'CouponManagementServiceV2.Core.Model.Shared.BaseResponse`1[[System.String, System.Private.CoreLib, Version=6.0.0.0, Culture=neutral, PublicKeyToken=7cec85d7bea7798e]]'. 
2023-08-08 15:31:15.0767||INFO|Microsoft.AspNetCore.Mvc.Infrastructure.ControllerActionInvoker|Executed action CouponManagementServiceV2.WebApi.Controllers.AuthController.SignUp (CouponManagementServiceV2.WebApi) in 63195.1248ms 
2023-08-08 15:31:15.0767||INFO|Microsoft.AspNetCore.Routing.EndpointMiddleware|Executed endpoint 'CouponManagementServiceV2.WebApi.Controllers.AuthController.SignUp (CouponManagementServiceV2.WebApi)' 
2023-08-08 15:31:15.0767||INFO|Microsoft.AspNetCore.Hosting.Diagnostics|Request finished HTTP/1.1 POST https://localhost:7247/api/Auth/Signup application/json 162 - 200 - application/json;+charset=utf-8 63198.4640ms 
2023-08-08 15:31:16.1417||INFO|Microsoft.AspNetCore.Hosting.Diagnostics|Request starting HTTP/2 GET https://localhost:7247/swagger/index.html - - 
2023-08-08 15:31:16.1552||INFO|Microsoft.AspNetCore.Hosting.Diagnostics|Request finished HTTP/2 GET https://localhost:7247/swagger/index.html - - - 200 - text/html;charset=utf-8 13.5028ms 
2023-08-08 15:31:16.2420||INFO|Microsoft.AspNetCore.Hosting.Diagnostics|Request starting HTTP/2 GET https://localhost:7247/_framework/aspnetcore-browser-refresh.js - - 
2023-08-08 15:31:16.2420||INFO|Microsoft.AspNetCore.Hosting.Diagnostics|Request finished HTTP/2 GET https://localhost:7247/_framework/aspnetcore-browser-refresh.js - - - 200 12398 application/javascript;+charset=utf-8 0.5783ms 
2023-08-08 15:31:16.2662||INFO|Microsoft.AspNetCore.Hosting.Diagnostics|Request starting HTTP/2 GET https://localhost:7247/_vs/browserLink - - 
2023-08-08 15:31:16.2747||INFO|Microsoft.AspNetCore.Hosting.Diagnostics|Request finished HTTP/2 GET https://localhost:7247/_vs/browserLink - - - 200 - text/javascript;+charset=UTF-8 8.6030ms 
2023-08-08 15:31:16.3629||INFO|Microsoft.AspNetCore.Hosting.Diagnostics|Request starting HTTP/2 GET https://localhost:7247/swagger/v1/swagger.json - - 
2023-08-08 15:31:16.3629||INFO|Microsoft.AspNetCore.Hosting.Diagnostics|Request finished HTTP/2 GET https://localhost:7247/swagger/v1/swagger.json - - - 200 - application/json;charset=utf-8 3.2957ms 
2023-08-08 15:31:17.7341||INFO|Microsoft.AspNetCore.Hosting.Diagnostics|Request starting HTTP/1.1 POST https://localhost:7247/api/Auth/Signup application/json 162 
2023-08-08 15:31:17.7341||INFO|Microsoft.AspNetCore.Routing.EndpointMiddleware|Executing endpoint 'CouponManagementServiceV2.WebApi.Controllers.AuthController.SignUp (CouponManagementServiceV2.WebApi)' 
2023-08-08 15:31:17.7371||INFO|Microsoft.AspNetCore.Mvc.Infrastructure.ControllerActionInvoker|Route matched with {action = "SignUp", controller = "Auth"}. Executing controller action with signature System.Threading.Tasks.Task`1[CouponManagementServiceV2.Core.Model.Shared.BaseResponse`1[System.String]] SignUp(CouponManagementServiceV2.Core.Model.Data.Users) on controller CouponManagementServiceV2.WebApi.Controllers.AuthController (CouponManagementServiceV2.WebApi). 
2023-08-08 15:31:17.7371||INFO|CouponManagementServiceV2.WebApi.Controllers.AuthController|SignUp called! 
2023-08-08 15:31:19.3569||INFO|Microsoft.AspNetCore.Mvc.Infrastructure.ObjectResultExecutor|Executing ObjectResult, writing value of type 'CouponManagementServiceV2.Core.Model.Shared.BaseResponse`1[[System.String, System.Private.CoreLib, Version=6.0.0.0, Culture=neutral, PublicKeyToken=7cec85d7bea7798e]]'. 
2023-08-08 15:31:19.3569||INFO|Microsoft.AspNetCore.Mvc.Infrastructure.ControllerActionInvoker|Executed action CouponManagementServiceV2.WebApi.Controllers.AuthController.SignUp (CouponManagementServiceV2.WebApi) in 1621.0105ms 
2023-08-08 15:31:19.3569||INFO|Microsoft.AspNetCore.Routing.EndpointMiddleware|Executed endpoint 'CouponManagementServiceV2.WebApi.Controllers.AuthController.SignUp (CouponManagementServiceV2.WebApi)' 
2023-08-08 15:31:19.3569||INFO|Microsoft.AspNetCore.Hosting.Diagnostics|Request finished HTTP/1.1 POST https://localhost:7247/api/Auth/Signup application/json 162 - 200 - application/json;+charset=utf-8 1624.2375ms 
2023-08-08 15:31:23.1589||INFO|Microsoft.AspNetCore.Hosting.Diagnostics|Request starting HTTP/1.1 POST https://localhost:7247/api/Auth/Signup application/json 162 
2023-08-08 15:31:23.1589||INFO|Microsoft.AspNetCore.Routing.EndpointMiddleware|Executing endpoint 'CouponManagementServiceV2.WebApi.Controllers.AuthController.SignUp (CouponManagementServiceV2.WebApi)' 
2023-08-08 15:31:23.1589||INFO|Microsoft.AspNetCore.Mvc.Infrastructure.ControllerActionInvoker|Route matched with {action = "SignUp", controller = "Auth"}. Executing controller action with signature System.Threading.Tasks.Task`1[CouponManagementServiceV2.Core.Model.Shared.BaseResponse`1[System.String]] SignUp(CouponManagementServiceV2.Core.Model.Data.Users) on controller CouponManagementServiceV2.WebApi.Controllers.AuthController (CouponManagementServiceV2.WebApi). 
2023-08-08 15:31:23.1589||INFO|CouponManagementServiceV2.WebApi.Controllers.AuthController|SignUp called! 
2023-08-08 15:31:26.2590||INFO|Microsoft.AspNetCore.Mvc.Infrastructure.ObjectResultExecutor|Executing ObjectResult, writing value of type 'CouponManagementServiceV2.Core.Model.Shared.BaseResponse`1[[System.String, System.Private.CoreLib, Version=6.0.0.0, Culture=neutral, PublicKeyToken=7cec85d7bea7798e]]'. 
2023-08-08 15:31:26.2590||INFO|Microsoft.AspNetCore.Mvc.Infrastructure.ControllerActionInvoker|Executed action CouponManagementServiceV2.WebApi.Controllers.AuthController.SignUp (CouponManagementServiceV2.WebApi) in 3099.2106ms 
2023-08-08 15:31:26.2590||INFO|Microsoft.AspNetCore.Routing.EndpointMiddleware|Executed endpoint 'CouponManagementServiceV2.WebApi.Controllers.AuthController.SignUp (CouponManagementServiceV2.WebApi)' 
2023-08-08 15:31:26.2590||INFO|Microsoft.AspNetCore.Hosting.Diagnostics|Request finished HTTP/1.1 POST https://localhost:7247/api/Auth/Signup application/json 162 - 200 - application/json;+charset=utf-8 3100.9077ms 
2023-08-08 15:31:29.4256||INFO|Microsoft.AspNetCore.Hosting.Diagnostics|Request starting HTTP/1.1 POST https://localhost:7247/api/Auth/Signup application/json 162 
2023-08-08 15:31:29.4256||INFO|Microsoft.AspNetCore.Routing.EndpointMiddleware|Executing endpoint 'CouponManagementServiceV2.WebApi.Controllers.AuthController.SignUp (CouponManagementServiceV2.WebApi)' 
2023-08-08 15:31:29.4256||INFO|Microsoft.AspNetCore.Mvc.Infrastructure.ControllerActionInvoker|Route matched with {action = "SignUp", controller = "Auth"}. Executing controller action with signature System.Threading.Tasks.Task`1[CouponManagementServiceV2.Core.Model.Shared.BaseResponse`1[System.String]] SignUp(CouponManagementServiceV2.Core.Model.Data.Users) on controller CouponManagementServiceV2.WebApi.Controllers.AuthController (CouponManagementServiceV2.WebApi). 
2023-08-08 15:31:29.4256||INFO|CouponManagementServiceV2.WebApi.Controllers.AuthController|SignUp called! 
2023-08-08 15:32:34.4232||INFO|Microsoft.AspNetCore.Mvc.Infrastructure.ObjectResultExecutor|Executing ObjectResult, writing value of type 'CouponManagementServiceV2.Core.Model.Shared.BaseResponse`1[[System.String, System.Private.CoreLib, Version=6.0.0.0, Culture=neutral, PublicKeyToken=7cec85d7bea7798e]]'. 
2023-08-08 15:32:34.4512||INFO|Microsoft.AspNetCore.Mvc.Infrastructure.ControllerActionInvoker|Executed action CouponManagementServiceV2.WebApi.Controllers.AuthController.SignUp (CouponManagementServiceV2.WebApi) in 65024.6009ms 
2023-08-08 15:32:34.4512||INFO|Microsoft.AspNetCore.Routing.EndpointMiddleware|Executed endpoint 'CouponManagementServiceV2.WebApi.Controllers.AuthController.SignUp (CouponManagementServiceV2.WebApi)' 
2023-08-08 15:32:34.4512||INFO|Microsoft.AspNetCore.Hosting.Diagnostics|Request finished HTTP/1.1 POST https://localhost:7247/api/Auth/Signup application/json 162 - 200 - application/json;+charset=utf-8 65025.9208ms 
2023-08-08 15:33:57.8330||INFO|Microsoft.AspNetCore.DataProtection.KeyManagement.XmlKeyManager|User profile is available. Using 'C:\Users\umut2\AppData\Local\ASP.NET\DataProtection-Keys' as key repository and Windows DPAPI to encrypt keys at rest. 
2023-08-08 15:33:58.1558||INFO|Microsoft.Hosting.Lifetime|Now listening on: https://localhost:7247 
2023-08-08 15:33:58.1558||INFO|Microsoft.Hosting.Lifetime|Now listening on: http://localhost:5081 
2023-08-08 15:33:58.1558||INFO|Microsoft.Hosting.Lifetime|Application started. Press Ctrl+C to shut down. 
2023-08-08 15:33:58.1591||INFO|Microsoft.Hosting.Lifetime|Hosting environment: Development 
2023-08-08 15:33:58.1591||INFO|Microsoft.Hosting.Lifetime|Content root path: C:\Users\umut2\OneDrive\Masaüstü\Internship\Week3\CouponManagementServiceV2\CouponManagementServiceV2.Starter\ 
2023-08-08 15:33:59.4085||INFO|Microsoft.AspNetCore.Hosting.Diagnostics|Request starting HTTP/2 GET https://localhost:7247/swagger/index.html - - 
2023-08-08 15:33:59.9310||INFO|Microsoft.AspNetCore.Hosting.Diagnostics|Request starting HTTP/2 GET https://localhost:7247/_framework/aspnetcore-browser-refresh.js - - 
2023-08-08 15:33:59.9310||INFO|Microsoft.AspNetCore.Hosting.Diagnostics|Request finished HTTP/2 GET https://localhost:7247/swagger/index.html - - - 200 - text/html;charset=utf-8 528.4569ms 
2023-08-08 15:33:59.9461||INFO|Microsoft.AspNetCore.Hosting.Diagnostics|Request finished HTTP/2 GET https://localhost:7247/_framework/aspnetcore-browser-refresh.js - - - 200 12398 application/javascript;+charset=utf-8 14.8317ms 
2023-08-08 15:34:00.4402||INFO|Microsoft.AspNetCore.Hosting.Diagnostics|Request starting HTTP/2 GET https://localhost:7247/_vs/browserLink - - 
2023-08-08 15:34:00.4640||INFO|Microsoft.AspNetCore.Hosting.Diagnostics|Request finished HTTP/2 GET https://localhost:7247/_vs/browserLink - - - 200 - text/javascript;+charset=UTF-8 23.9082ms 
2023-08-08 15:34:00.6655||INFO|Microsoft.AspNetCore.Hosting.Diagnostics|Request starting HTTP/2 GET https://localhost:7247/swagger/v1/swagger.json - - 
2023-08-08 15:34:00.8501||INFO|Microsoft.AspNetCore.Hosting.Diagnostics|Request finished HTTP/2 GET https://localhost:7247/swagger/v1/swagger.json - - - 200 - application/json;charset=utf-8 184.5279ms 
2023-08-08 15:34:05.0264||INFO|Microsoft.AspNetCore.Hosting.Diagnostics|Request starting HTTP/1.1 POST https://localhost:7247/api/Auth/Signup application/json 162 
2023-08-08 15:34:05.0264||INFO|Microsoft.AspNetCore.Routing.EndpointMiddleware|Executing endpoint 'CouponManagementServiceV2.WebApi.Controllers.AuthController.SignUp (CouponManagementServiceV2.WebApi)' 
2023-08-08 15:34:05.0604||INFO|Microsoft.AspNetCore.Mvc.Infrastructure.ControllerActionInvoker|Route matched with {action = "SignUp", controller = "Auth"}. Executing controller action with signature System.Threading.Tasks.Task`1[CouponManagementServiceV2.Core.Model.Shared.BaseResponse`1[System.String]] SignUp(CouponManagementServiceV2.Core.Model.Data.Users) on controller CouponManagementServiceV2.WebApi.Controllers.AuthController (CouponManagementServiceV2.WebApi). 
2023-08-08 15:34:05.1640||INFO|CouponManagementServiceV2.WebApi.Controllers.AuthController|SignUp called! 
2023-08-08 15:34:07.3715||INFO|Microsoft.AspNetCore.Mvc.Infrastructure.ObjectResultExecutor|Executing ObjectResult, writing value of type 'CouponManagementServiceV2.Core.Model.Shared.BaseResponse`1[[System.String, System.Private.CoreLib, Version=6.0.0.0, Culture=neutral, PublicKeyToken=7cec85d7bea7798e]]'. 
2023-08-08 15:34:07.3792||INFO|Microsoft.AspNetCore.Mvc.Infrastructure.ControllerActionInvoker|Executed action CouponManagementServiceV2.WebApi.Controllers.AuthController.SignUp (CouponManagementServiceV2.WebApi) in 2315.1ms 
2023-08-08 15:34:07.3792||INFO|Microsoft.AspNetCore.Routing.EndpointMiddleware|Executed endpoint 'CouponManagementServiceV2.WebApi.Controllers.AuthController.SignUp (CouponManagementServiceV2.WebApi)' 
2023-08-08 15:34:07.3792||INFO|Microsoft.AspNetCore.Hosting.Diagnostics|Request finished HTTP/1.1 POST https://localhost:7247/api/Auth/Signup application/json 162 - 200 - application/json;+charset=utf-8 2354.4335ms 
2023-08-08 15:34:16.6264||INFO|Microsoft.AspNetCore.Hosting.Diagnostics|Request starting HTTP/1.1 POST https://localhost:7247/api/Auth/Login application/json 53 
2023-08-08 15:34:16.6279||INFO|Microsoft.AspNetCore.Routing.EndpointMiddleware|Executing endpoint 'CouponManagementServiceV2.WebApi.Controllers.AuthController.Login (CouponManagementServiceV2.WebApi)' 
2023-08-08 15:34:16.6279||INFO|Microsoft.AspNetCore.Mvc.Infrastructure.ControllerActionInvoker|Route matched with {action = "Login", controller = "Auth"}. Executing controller action with signature System.Threading.Tasks.Task`1[CouponManagementServiceV2.Core.Model.Shared.BaseResponse`1[System.String]] Login(CouponManagementServiceV2.Core.Model.Data.Login) on controller CouponManagementServiceV2.WebApi.Controllers.AuthController (CouponManagementServiceV2.WebApi). 
2023-08-08 15:34:16.6279||INFO|CouponManagementServiceV2.WebApi.Controllers.AuthController|Login called! 
2023-08-08 15:34:16.7224||INFO|Microsoft.AspNetCore.Mvc.Infrastructure.ObjectResultExecutor|Executing ObjectResult, writing value of type 'CouponManagementServiceV2.Core.Model.Shared.BaseResponse`1[[System.String, System.Private.CoreLib, Version=6.0.0.0, Culture=neutral, PublicKeyToken=7cec85d7bea7798e]]'. 
2023-08-08 15:34:16.7224||INFO|Microsoft.AspNetCore.Mvc.Infrastructure.ControllerActionInvoker|Executed action CouponManagementServiceV2.WebApi.Controllers.AuthController.Login (CouponManagementServiceV2.WebApi) in 91.6307ms 
2023-08-08 15:34:16.7224||INFO|Microsoft.AspNetCore.Routing.EndpointMiddleware|Executed endpoint 'CouponManagementServiceV2.WebApi.Controllers.AuthController.Login (CouponManagementServiceV2.WebApi)' 
2023-08-08 15:34:16.7224||INFO|Microsoft.AspNetCore.Hosting.Diagnostics|Request finished HTTP/1.1 POST https://localhost:7247/api/Auth/Login application/json 53 - 200 - application/json;+charset=utf-8 96.3614ms 
2023-08-08 15:34:21.2650||INFO|Microsoft.AspNetCore.Hosting.Diagnostics|Request starting HTTP/1.1 POST https://localhost:7247/api/Auth/Login application/json 55 
2023-08-08 15:34:21.2650||INFO|Microsoft.AspNetCore.Routing.EndpointMiddleware|Executing endpoint 'CouponManagementServiceV2.WebApi.Controllers.AuthController.Login (CouponManagementServiceV2.WebApi)' 
2023-08-08 15:34:21.2650||INFO|Microsoft.AspNetCore.Mvc.Infrastructure.ControllerActionInvoker|Route matched with {action = "Login", controller = "Auth"}. Executing controller action with signature System.Threading.Tasks.Task`1[CouponManagementServiceV2.Core.Model.Shared.BaseResponse`1[System.String]] Login(CouponManagementServiceV2.Core.Model.Data.Login) on controller CouponManagementServiceV2.WebApi.Controllers.AuthController (CouponManagementServiceV2.WebApi). 
2023-08-08 15:34:21.2694||INFO|CouponManagementServiceV2.WebApi.Controllers.AuthController|Login called! 
2023-08-08 15:34:21.4941||INFO|Microsoft.AspNetCore.Mvc.Infrastructure.ObjectResultExecutor|Executing ObjectResult, writing value of type 'CouponManagementServiceV2.Core.Model.Shared.BaseResponse`1[[System.String, System.Private.CoreLib, Version=6.0.0.0, Culture=neutral, PublicKeyToken=7cec85d7bea7798e]]'. 
2023-08-08 15:34:21.4941||INFO|Microsoft.AspNetCore.Mvc.Infrastructure.ControllerActionInvoker|Executed action CouponManagementServiceV2.WebApi.Controllers.AuthController.Login (CouponManagementServiceV2.WebApi) in 228.1387ms 
2023-08-08 15:34:21.4941||INFO|Microsoft.AspNetCore.Routing.EndpointMiddleware|Executed endpoint 'CouponManagementServiceV2.WebApi.Controllers.AuthController.Login (CouponManagementServiceV2.WebApi)' 
2023-08-08 15:34:21.4941||INFO|Microsoft.AspNetCore.Hosting.Diagnostics|Request finished HTTP/1.1 POST https://localhost:7247/api/Auth/Login application/json 55 - 200 - application/json;+charset=utf-8 229.4027ms 
