2023-08-29 08:15:23.2983||INFO|Microsoft.AspNetCore.DataProtection.KeyManagement.XmlKeyManager|User profile is available. Using 'C:\Users\umut2\AppData\Local\ASP.NET\DataProtection-Keys' as key repository and Windows DPAPI to encrypt keys at rest. 
2023-08-29 08:15:23.8816||INFO|Microsoft.Hosting.Lifetime|Now listening on: https://localhost:7247 
2023-08-29 08:15:23.8816||INFO|Microsoft.Hosting.Lifetime|Now listening on: http://localhost:5081 
2023-08-29 08:15:23.8855||INFO|Microsoft.Hosting.Lifetime|Application started. Press Ctrl+C to shut down. 
2023-08-29 08:15:23.8855||INFO|Microsoft.Hosting.Lifetime|Hosting environment: Development 
2023-08-29 08:15:23.8855||INFO|Microsoft.Hosting.Lifetime|Content root path: C:\Users\umut2\OneDrive\Masa端st端\Internship\Week6\CouponManagementServiceV2\CouponManagementServiceV2.Starter\ 
2023-08-29 08:15:25.6985||INFO|Microsoft.AspNetCore.Hosting.Diagnostics|Request starting HTTP/2 GET https://localhost:7247/swagger/index.html - - 
2023-08-29 08:15:26.4071||INFO|Microsoft.AspNetCore.Hosting.Diagnostics|Request starting HTTP/2 GET https://localhost:7247/_framework/aspnetcore-browser-refresh.js - - 
2023-08-29 08:15:26.4071||INFO|Microsoft.AspNetCore.Hosting.Diagnostics|Request finished HTTP/2 GET https://localhost:7247/swagger/index.html - - - 200 - text/html;charset=utf-8 720.4135ms 
2023-08-29 08:15:26.4071||INFO|Microsoft.AspNetCore.Hosting.Diagnostics|Request finished HTTP/2 GET https://localhost:7247/_framework/aspnetcore-browser-refresh.js - - - 200 12398 application/javascript;+charset=utf-8 8.5035ms 
2023-08-29 08:15:26.9180||INFO|Microsoft.AspNetCore.Hosting.Diagnostics|Request starting HTTP/2 GET https://localhost:7247/_vs/browserLink - - 
2023-08-29 08:15:27.0632||INFO|Microsoft.AspNetCore.Hosting.Diagnostics|Request finished HTTP/2 GET https://localhost:7247/_vs/browserLink - - - 200 - text/javascript;+charset=UTF-8 145.1715ms 
2023-08-29 08:15:27.2516||INFO|Microsoft.AspNetCore.Hosting.Diagnostics|Request starting HTTP/2 GET https://localhost:7247/swagger/v1/swagger.json - - 
2023-08-29 08:15:27.5345||INFO|Microsoft.AspNetCore.Hosting.Diagnostics|Request finished HTTP/2 GET https://localhost:7247/swagger/v1/swagger.json - - - 200 - application/json;charset=utf-8 282.8123ms 
2023-08-29 08:23:31.2357||INFO|Microsoft.AspNetCore.Hosting.Diagnostics|Request starting HTTP/2 OPTIONS https://localhost:7247/api/Auth/Login - - 
2023-08-29 08:23:31.2478||INFO|Microsoft.AspNetCore.Cors.Infrastructure.CorsService|CORS policy execution successful. 
2023-08-29 08:23:31.2478||INFO|Microsoft.AspNetCore.Hosting.Diagnostics|Request finished HTTP/2 OPTIONS https://localhost:7247/api/Auth/Login - - - 204 - - 13.3405ms 
2023-08-29 08:23:31.2478||INFO|Microsoft.AspNetCore.Hosting.Diagnostics|Request starting HTTP/2 POST https://localhost:7247/api/Auth/Login application/json 88 
2023-08-29 08:23:31.2598||INFO|Microsoft.AspNetCore.Cors.Infrastructure.CorsService|CORS policy execution successful. 
2023-08-29 08:23:31.3675||INFO|Microsoft.AspNetCore.Routing.EndpointMiddleware|Executing endpoint 'CouponManagementServiceV2.WebApi.Controllers.AuthController.Login (CouponManagementServiceV2.WebApi)' 
2023-08-29 08:23:31.3929||INFO|Microsoft.AspNetCore.Mvc.Infrastructure.ControllerActionInvoker|Route matched with {action = "Login", controller = "Auth"}. Executing controller action with signature System.Threading.Tasks.Task`1[CouponManagementServiceV2.Core.Model.Shared.BaseResponse`1[System.String]] Login(CouponManagementServiceV2.Core.Model.Data.Login) on controller CouponManagementServiceV2.WebApi.Controllers.AuthController (CouponManagementServiceV2.WebApi). 
2023-08-29 08:23:31.4451||INFO|CouponManagementServiceV2.WebApi.Controllers.AuthController|Login called! 
2023-08-29 08:23:32.0917||INFO|Microsoft.AspNetCore.Mvc.Infrastructure.ObjectResultExecutor|Executing ObjectResult, writing value of type 'CouponManagementServiceV2.Core.Model.Shared.BaseResponse`1[[System.String, System.Private.CoreLib, Version=6.0.0.0, Culture=neutral, PublicKeyToken=7cec85d7bea7798e]]'. 
2023-08-29 08:23:32.0917||INFO|Microsoft.AspNetCore.Mvc.Infrastructure.ControllerActionInvoker|Executed action CouponManagementServiceV2.WebApi.Controllers.AuthController.Login (CouponManagementServiceV2.WebApi) in 702.025ms 
2023-08-29 08:23:32.0917||INFO|Microsoft.AspNetCore.Routing.EndpointMiddleware|Executed endpoint 'CouponManagementServiceV2.WebApi.Controllers.AuthController.Login (CouponManagementServiceV2.WebApi)' 
2023-08-29 08:23:32.1137||INFO|Microsoft.AspNetCore.Hosting.Diagnostics|Request finished HTTP/2 POST https://localhost:7247/api/Auth/Login application/json 88 - 200 - application/json;+charset=utf-8 856.1292ms 
2023-08-29 08:41:49.3652||INFO|Microsoft.AspNetCore.Hosting.Diagnostics|Request starting HTTP/2 OPTIONS https://localhost:7247/api/Auth/Login - - 
2023-08-29 08:41:49.3652||INFO|Microsoft.AspNetCore.Cors.Infrastructure.CorsService|CORS policy execution successful. 
2023-08-29 08:41:49.3700||INFO|Microsoft.AspNetCore.Hosting.Diagnostics|Request finished HTTP/2 OPTIONS https://localhost:7247/api/Auth/Login - - - 204 - - 4.6663ms 
2023-08-29 08:41:49.3700||INFO|Microsoft.AspNetCore.Hosting.Diagnostics|Request starting HTTP/2 POST https://localhost:7247/api/Auth/Login application/json 88 
2023-08-29 08:41:49.3700||INFO|Microsoft.AspNetCore.Cors.Infrastructure.CorsService|CORS policy execution successful. 
2023-08-29 08:41:49.3700||INFO|Microsoft.AspNetCore.Routing.EndpointMiddleware|Executing endpoint 'CouponManagementServiceV2.WebApi.Controllers.AuthController.Login (CouponManagementServiceV2.WebApi)' 
2023-08-29 08:41:49.3700||INFO|Microsoft.AspNetCore.Mvc.Infrastructure.ControllerActionInvoker|Route matched with {action = "Login", controller = "Auth"}. Executing controller action with signature System.Threading.Tasks.Task`1[CouponManagementServiceV2.Core.Model.Shared.BaseResponse`1[System.String]] Login(CouponManagementServiceV2.Core.Model.Data.Login) on controller CouponManagementServiceV2.WebApi.Controllers.AuthController (CouponManagementServiceV2.WebApi). 
2023-08-29 08:41:49.3925||INFO|CouponManagementServiceV2.WebApi.Controllers.AuthController|Login called! 
2023-08-29 08:41:49.4087||INFO|Microsoft.AspNetCore.Mvc.Infrastructure.ObjectResultExecutor|Executing ObjectResult, writing value of type 'CouponManagementServiceV2.Core.Model.Shared.BaseResponse`1[[System.String, System.Private.CoreLib, Version=6.0.0.0, Culture=neutral, PublicKeyToken=7cec85d7bea7798e]]'. 
2023-08-29 08:41:49.4087||INFO|Microsoft.AspNetCore.Mvc.Infrastructure.ControllerActionInvoker|Executed action CouponManagementServiceV2.WebApi.Controllers.AuthController.Login (CouponManagementServiceV2.WebApi) in 26.381ms 
2023-08-29 08:41:49.4087||INFO|Microsoft.AspNetCore.Routing.EndpointMiddleware|Executed endpoint 'CouponManagementServiceV2.WebApi.Controllers.AuthController.Login (CouponManagementServiceV2.WebApi)' 
2023-08-29 08:41:49.4087||INFO|Microsoft.AspNetCore.Hosting.Diagnostics|Request finished HTTP/2 POST https://localhost:7247/api/Auth/Login application/json 88 - 200 - application/json;+charset=utf-8 32.9254ms 
2023-08-29 08:45:55.1529||INFO|Microsoft.AspNetCore.DataProtection.KeyManagement.XmlKeyManager|User profile is available. Using 'C:\Users\umut2\AppData\Local\ASP.NET\DataProtection-Keys' as key repository and Windows DPAPI to encrypt keys at rest. 
2023-08-29 08:45:55.4858||INFO|Microsoft.Hosting.Lifetime|Now listening on: https://localhost:7247 
2023-08-29 08:45:55.4858||INFO|Microsoft.Hosting.Lifetime|Now listening on: http://localhost:5081 
2023-08-29 08:45:55.4858||INFO|Microsoft.Hosting.Lifetime|Application started. Press Ctrl+C to shut down. 
2023-08-29 08:45:55.4858||INFO|Microsoft.Hosting.Lifetime|Hosting environment: Development 
2023-08-29 08:45:55.4858||INFO|Microsoft.Hosting.Lifetime|Content root path: C:\Users\umut2\OneDrive\Masa端st端\Internship\Week6\CouponManagementServiceV2\CouponManagementServiceV2.Starter\ 
2023-08-29 08:45:56.1837||INFO|Microsoft.AspNetCore.Hosting.Diagnostics|Request starting HTTP/2 GET https://localhost:7247/swagger/index.html - - 
2023-08-29 08:45:56.4759||INFO|Microsoft.AspNetCore.Hosting.Diagnostics|Request finished HTTP/2 GET https://localhost:7247/swagger/index.html - - - 200 - text/html;charset=utf-8 293.0891ms 
2023-08-29 08:45:56.4937||INFO|Microsoft.AspNetCore.Hosting.Diagnostics|Request starting HTTP/2 GET https://localhost:7247/_framework/aspnetcore-browser-refresh.js - - 
2023-08-29 08:45:56.4981||INFO|Microsoft.AspNetCore.Hosting.Diagnostics|Request finished HTTP/2 GET https://localhost:7247/_framework/aspnetcore-browser-refresh.js - - - 200 12398 application/javascript;+charset=utf-8 4.3135ms 
2023-08-29 08:45:56.6349||INFO|Microsoft.AspNetCore.Hosting.Diagnostics|Request starting HTTP/2 GET https://localhost:7247/_vs/browserLink - - 
2023-08-29 08:45:56.6662||INFO|Microsoft.AspNetCore.Hosting.Diagnostics|Request finished HTTP/2 GET https://localhost:7247/_vs/browserLink - - - 200 - text/javascript;+charset=UTF-8 31.4745ms 
2023-08-29 08:45:56.7515||INFO|Microsoft.AspNetCore.Hosting.Diagnostics|Request starting HTTP/2 GET https://localhost:7247/swagger/v1/swagger.json - - 
2023-08-29 08:45:56.8774||INFO|Microsoft.AspNetCore.Hosting.Diagnostics|Request finished HTTP/2 GET https://localhost:7247/swagger/v1/swagger.json - - - 200 - application/json;charset=utf-8 125.8017ms 
