2023-08-21 08:17:35.4104||INFO|Microsoft.AspNetCore.DataProtection.KeyManagement.XmlKeyManager|User profile is available. Using 'C:\Users\umut2\AppData\Local\ASP.NET\DataProtection-Keys' as key repository and Windows DPAPI to encrypt keys at rest. 
2023-08-21 08:17:35.8569||INFO|Microsoft.Hosting.Lifetime|Now listening on: https://localhost:7247 
2023-08-21 08:17:35.8580||INFO|Microsoft.Hosting.Lifetime|Now listening on: http://localhost:5081 
2023-08-21 08:17:35.8580||INFO|Microsoft.Hosting.Lifetime|Application started. Press Ctrl+C to shut down. 
2023-08-21 08:17:35.8580||INFO|Microsoft.Hosting.Lifetime|Hosting environment: Development 
2023-08-21 08:17:35.8580||INFO|Microsoft.Hosting.Lifetime|Content root path: C:\Users\umut2\OneDrive\Masaüstü\Internship\Week4\CouponManagementServiceV2\CouponManagementServiceV2.Starter\ 
2023-08-21 08:17:37.3956||INFO|Microsoft.AspNetCore.Hosting.Diagnostics|Request starting HTTP/2 GET https://localhost:7247/swagger/index.html - - 
2023-08-21 08:17:38.0812||INFO|Microsoft.AspNetCore.Hosting.Diagnostics|Request starting HTTP/2 GET https://localhost:7247/_framework/aspnetcore-browser-refresh.js - - 
2023-08-21 08:17:38.0812||INFO|Microsoft.AspNetCore.Hosting.Diagnostics|Request finished HTTP/2 GET https://localhost:7247/swagger/index.html - - - 200 - text/html;charset=utf-8 693.3065ms 
2023-08-21 08:17:38.0959||INFO|Microsoft.AspNetCore.Hosting.Diagnostics|Request finished HTTP/2 GET https://localhost:7247/_framework/aspnetcore-browser-refresh.js - - - 200 12398 application/javascript;+charset=utf-8 11.5508ms 
2023-08-21 08:17:38.5367||INFO|Microsoft.AspNetCore.Hosting.Diagnostics|Request starting HTTP/2 GET https://localhost:7247/_vs/browserLink - - 
2023-08-21 08:17:38.6073||INFO|Microsoft.AspNetCore.Hosting.Diagnostics|Request finished HTTP/2 GET https://localhost:7247/_vs/browserLink - - - 200 - text/javascript;+charset=UTF-8 70.5018ms 
2023-08-21 08:17:38.7710||INFO|Microsoft.AspNetCore.Hosting.Diagnostics|Request starting HTTP/2 GET https://localhost:7247/swagger/v1/swagger.json - - 
2023-08-21 08:17:39.0249||INFO|Microsoft.AspNetCore.Hosting.Diagnostics|Request finished HTTP/2 GET https://localhost:7247/swagger/v1/swagger.json - - - 200 - application/json;charset=utf-8 253.8765ms 
2023-08-21 08:27:54.5459||INFO|Microsoft.AspNetCore.Hosting.Diagnostics|Request starting HTTP/2 GET https://localhost:7247/swagger/index.html - - 
2023-08-21 08:27:54.5655||INFO|Microsoft.AspNetCore.Hosting.Diagnostics|Request finished HTTP/2 GET https://localhost:7247/swagger/index.html - - - 200 - text/html;charset=utf-8 19.5858ms 
2023-08-21 08:27:54.7544||INFO|Microsoft.AspNetCore.Hosting.Diagnostics|Request starting HTTP/2 GET https://localhost:7247/_framework/aspnetcore-browser-refresh.js - - 
2023-08-21 08:27:54.7544||INFO|Microsoft.AspNetCore.Hosting.Diagnostics|Request finished HTTP/2 GET https://localhost:7247/_framework/aspnetcore-browser-refresh.js - - - 200 12398 application/javascript;+charset=utf-8 0.3105ms 
2023-08-21 08:27:54.7544||INFO|Microsoft.AspNetCore.Hosting.Diagnostics|Request starting HTTP/2 GET https://localhost:7247/_vs/browserLink - - 
2023-08-21 08:27:54.7750||INFO|Microsoft.AspNetCore.Hosting.Diagnostics|Request finished HTTP/2 GET https://localhost:7247/_vs/browserLink - - - 200 - text/javascript;+charset=UTF-8 11.5374ms 
2023-08-21 08:27:54.8636||INFO|Microsoft.AspNetCore.Hosting.Diagnostics|Request starting HTTP/2 GET https://localhost:7247/swagger/v1/swagger.json - - 
2023-08-21 08:27:54.8636||INFO|Microsoft.AspNetCore.Hosting.Diagnostics|Request finished HTTP/2 GET https://localhost:7247/swagger/v1/swagger.json - - - 200 - application/json;charset=utf-8 10.3032ms 
2023-08-21 08:37:46.6110||INFO|Microsoft.AspNetCore.DataProtection.KeyManagement.XmlKeyManager|User profile is available. Using 'C:\Users\umut2\AppData\Local\ASP.NET\DataProtection-Keys' as key repository and Windows DPAPI to encrypt keys at rest. 
2023-08-21 08:37:46.8991||INFO|Microsoft.Hosting.Lifetime|Now listening on: https://localhost:7247 
2023-08-21 08:37:46.8991||INFO|Microsoft.Hosting.Lifetime|Now listening on: http://localhost:5081 
2023-08-21 08:37:46.8991||INFO|Microsoft.Hosting.Lifetime|Application started. Press Ctrl+C to shut down. 
2023-08-21 08:37:46.8991||INFO|Microsoft.Hosting.Lifetime|Hosting environment: Development 
2023-08-21 08:37:46.8991||INFO|Microsoft.Hosting.Lifetime|Content root path: C:\Users\umut2\OneDrive\Masaüstü\Internship\Week4\CouponManagementServiceV2\CouponManagementServiceV2.Starter\ 
2023-08-21 08:37:48.2554||INFO|Microsoft.AspNetCore.Hosting.Diagnostics|Request starting HTTP/2 GET https://localhost:7247/swagger/index.html - - 
2023-08-21 08:37:48.7965||INFO|Microsoft.AspNetCore.Hosting.Diagnostics|Request starting HTTP/2 GET https://localhost:7247/_framework/aspnetcore-browser-refresh.js - - 
2023-08-21 08:37:48.7965||INFO|Microsoft.AspNetCore.Hosting.Diagnostics|Request finished HTTP/2 GET https://localhost:7247/swagger/index.html - - - 200 - text/html;charset=utf-8 550.6768ms 
2023-08-21 08:37:48.8129||INFO|Microsoft.AspNetCore.Hosting.Diagnostics|Request finished HTTP/2 GET https://localhost:7247/_framework/aspnetcore-browser-refresh.js - - - 200 12398 application/javascript;+charset=utf-8 16.3877ms 
2023-08-21 08:37:49.3545||INFO|Microsoft.AspNetCore.Hosting.Diagnostics|Request starting HTTP/2 GET https://localhost:7247/_vs/browserLink - - 
2023-08-21 08:37:49.3880||INFO|Microsoft.AspNetCore.Hosting.Diagnostics|Request finished HTTP/2 GET https://localhost:7247/_vs/browserLink - - - 200 - text/javascript;+charset=UTF-8 33.6292ms 
2023-08-21 08:37:49.6490||INFO|Microsoft.AspNetCore.Hosting.Diagnostics|Request starting HTTP/2 GET https://localhost:7247/swagger/v1/swagger.json - - 
2023-08-21 08:37:49.8197||INFO|Microsoft.AspNetCore.Hosting.Diagnostics|Request finished HTTP/2 GET https://localhost:7247/swagger/v1/swagger.json - - - 200 - application/json;charset=utf-8 170.7479ms 
2023-08-21 08:37:55.4312||INFO|Microsoft.AspNetCore.Hosting.Diagnostics|Request starting HTTP/1.1 POST https://localhost:7247/api/Coupon/ChangeStatus application/json 88 
2023-08-21 08:37:55.7932||INFO|Microsoft.AspNetCore.Hosting.Diagnostics|Request finished HTTP/1.1 POST https://localhost:7247/api/Coupon/ChangeStatus application/json 88 - 401 0 - 361.9495ms 
2023-08-21 08:37:59.9362||INFO|Microsoft.AspNetCore.Hosting.Diagnostics|Request starting HTTP/1.1 POST https://localhost:7247/api/Auth/Login application/json 110 
2023-08-21 08:38:00.0000||INFO|Microsoft.AspNetCore.Routing.EndpointMiddleware|Executing endpoint 'CouponManagementServiceV2.WebApi.Controllers.AuthController.Login (CouponManagementServiceV2.WebApi)' 
2023-08-21 08:38:00.0327||INFO|Microsoft.AspNetCore.Mvc.Infrastructure.ControllerActionInvoker|Route matched with {action = "Login", controller = "Auth"}. Executing controller action with signature System.Threading.Tasks.Task`1[CouponManagementServiceV2.Core.Model.Shared.BaseResponse`1[System.String]] Login(CouponManagementServiceV2.Core.Model.Data.Login) on controller CouponManagementServiceV2.WebApi.Controllers.AuthController (CouponManagementServiceV2.WebApi). 
2023-08-21 08:38:00.0755||INFO|CouponManagementServiceV2.WebApi.Controllers.AuthController|Login called! 
2023-08-21 08:38:00.6579||INFO|Microsoft.AspNetCore.Mvc.Infrastructure.ObjectResultExecutor|Executing ObjectResult, writing value of type 'CouponManagementServiceV2.Core.Model.Shared.BaseResponse`1[[System.String, System.Private.CoreLib, Version=6.0.0.0, Culture=neutral, PublicKeyToken=7cec85d7bea7798e]]'. 
2023-08-21 08:38:00.6579||INFO|Microsoft.AspNetCore.Mvc.Infrastructure.ControllerActionInvoker|Executed action CouponManagementServiceV2.WebApi.Controllers.AuthController.Login (CouponManagementServiceV2.WebApi) in 629.1519ms 
2023-08-21 08:38:00.6579||INFO|Microsoft.AspNetCore.Routing.EndpointMiddleware|Executed endpoint 'CouponManagementServiceV2.WebApi.Controllers.AuthController.Login (CouponManagementServiceV2.WebApi)' 
2023-08-21 08:38:00.6827||INFO|Microsoft.AspNetCore.Hosting.Diagnostics|Request finished HTTP/1.1 POST https://localhost:7247/api/Auth/Login application/json 110 - 200 - application/json;+charset=utf-8 746.5528ms 
2023-08-21 08:38:14.8892||INFO|Microsoft.AspNetCore.Hosting.Diagnostics|Request starting HTTP/1.1 POST https://localhost:7247/api/Coupon/ChangeStatus application/json 88 
2023-08-21 08:38:14.9146||INFO|Microsoft.AspNetCore.Routing.EndpointMiddleware|Executing endpoint 'CouponManagementServiceV2.WebApi.Controllers.CouponController.ChangeStatus (CouponManagementServiceV2.WebApi)' 
2023-08-21 08:38:14.9146||INFO|Microsoft.AspNetCore.Mvc.Infrastructure.ControllerActionInvoker|Route matched with {action = "ChangeStatus", controller = "Coupon"}. Executing controller action with signature System.Threading.Tasks.Task`1[CouponManagementServiceV2.Core.Model.Shared.BaseResponse`1[System.String]] ChangeStatus(CouponManagementServiceV2.Core.Model.Data.StatusCoupon) on controller CouponManagementServiceV2.WebApi.Controllers.CouponController (CouponManagementServiceV2.WebApi). 
2023-08-21 08:38:14.9753||INFO|CouponManagementServiceV2.WebApi.Controllers.CouponController|Change status called 
2023-08-21 08:38:15.0211||INFO|Microsoft.AspNetCore.Mvc.Infrastructure.ObjectResultExecutor|Executing ObjectResult, writing value of type 'CouponManagementServiceV2.Core.Model.Shared.BaseResponse`1[[System.String, System.Private.CoreLib, Version=6.0.0.0, Culture=neutral, PublicKeyToken=7cec85d7bea7798e]]'. 
2023-08-21 08:38:15.0211||INFO|Microsoft.AspNetCore.Mvc.Infrastructure.ControllerActionInvoker|Executed action CouponManagementServiceV2.WebApi.Controllers.CouponController.ChangeStatus (CouponManagementServiceV2.WebApi) in 102.8652ms 
2023-08-21 08:38:15.0211||INFO|Microsoft.AspNetCore.Routing.EndpointMiddleware|Executed endpoint 'CouponManagementServiceV2.WebApi.Controllers.CouponController.ChangeStatus (CouponManagementServiceV2.WebApi)' 
2023-08-21 08:38:15.0211||INFO|Microsoft.AspNetCore.Hosting.Diagnostics|Request finished HTTP/1.1 POST https://localhost:7247/api/Coupon/ChangeStatus application/json 88 - 200 - application/json;+charset=utf-8 132.4085ms 
2023-08-21 08:38:35.3203||INFO|Microsoft.AspNetCore.Hosting.Diagnostics|Request starting HTTP/1.1 POST https://localhost:7247/api/Coupon/ChangeStatus application/json 88 
2023-08-21 08:38:35.3203||INFO|Microsoft.AspNetCore.Routing.EndpointMiddleware|Executing endpoint 'CouponManagementServiceV2.WebApi.Controllers.CouponController.ChangeStatus (CouponManagementServiceV2.WebApi)' 
2023-08-21 08:38:35.3276||INFO|Microsoft.AspNetCore.Mvc.Infrastructure.ControllerActionInvoker|Route matched with {action = "ChangeStatus", controller = "Coupon"}. Executing controller action with signature System.Threading.Tasks.Task`1[CouponManagementServiceV2.Core.Model.Shared.BaseResponse`1[System.String]] ChangeStatus(CouponManagementServiceV2.Core.Model.Data.StatusCoupon) on controller CouponManagementServiceV2.WebApi.Controllers.CouponController (CouponManagementServiceV2.WebApi). 
2023-08-21 08:38:35.3276||INFO|CouponManagementServiceV2.WebApi.Controllers.CouponController|Change status called 
2023-08-21 08:38:35.3459||INFO|Microsoft.AspNetCore.Mvc.Infrastructure.ObjectResultExecutor|Executing ObjectResult, writing value of type 'CouponManagementServiceV2.Core.Model.Shared.BaseResponse`1[[System.String, System.Private.CoreLib, Version=6.0.0.0, Culture=neutral, PublicKeyToken=7cec85d7bea7798e]]'. 
2023-08-21 08:38:35.3459||INFO|Microsoft.AspNetCore.Mvc.Infrastructure.ControllerActionInvoker|Executed action CouponManagementServiceV2.WebApi.Controllers.CouponController.ChangeStatus (CouponManagementServiceV2.WebApi) in 18.4535ms 
2023-08-21 08:38:35.3459||INFO|Microsoft.AspNetCore.Routing.EndpointMiddleware|Executed endpoint 'CouponManagementServiceV2.WebApi.Controllers.CouponController.ChangeStatus (CouponManagementServiceV2.WebApi)' 
2023-08-21 08:38:35.3459||INFO|Microsoft.AspNetCore.Hosting.Diagnostics|Request finished HTTP/1.1 POST https://localhost:7247/api/Coupon/ChangeStatus application/json 88 - 200 - application/json;+charset=utf-8 29.4878ms 
2023-08-21 08:38:47.1317||INFO|Microsoft.AspNetCore.Hosting.Diagnostics|Request starting HTTP/1.1 POST https://localhost:7247/api/Coupon/ChangeStatus application/json 88 
2023-08-21 08:38:47.1317||INFO|Microsoft.AspNetCore.Routing.EndpointMiddleware|Executing endpoint 'CouponManagementServiceV2.WebApi.Controllers.CouponController.ChangeStatus (CouponManagementServiceV2.WebApi)' 
2023-08-21 08:38:47.1317||INFO|Microsoft.AspNetCore.Mvc.Infrastructure.ControllerActionInvoker|Route matched with {action = "ChangeStatus", controller = "Coupon"}. Executing controller action with signature System.Threading.Tasks.Task`1[CouponManagementServiceV2.Core.Model.Shared.BaseResponse`1[System.String]] ChangeStatus(CouponManagementServiceV2.Core.Model.Data.StatusCoupon) on controller CouponManagementServiceV2.WebApi.Controllers.CouponController (CouponManagementServiceV2.WebApi). 
2023-08-21 08:38:47.1317||INFO|CouponManagementServiceV2.WebApi.Controllers.CouponController|Change status called 
2023-08-21 08:38:47.1317||INFO|Microsoft.AspNetCore.Mvc.Infrastructure.ObjectResultExecutor|Executing ObjectResult, writing value of type 'CouponManagementServiceV2.Core.Model.Shared.BaseResponse`1[[System.String, System.Private.CoreLib, Version=6.0.0.0, Culture=neutral, PublicKeyToken=7cec85d7bea7798e]]'. 
2023-08-21 08:38:47.1317||INFO|Microsoft.AspNetCore.Mvc.Infrastructure.ControllerActionInvoker|Executed action CouponManagementServiceV2.WebApi.Controllers.CouponController.ChangeStatus (CouponManagementServiceV2.WebApi) in 6.0284ms 
2023-08-21 08:38:47.1317||INFO|Microsoft.AspNetCore.Routing.EndpointMiddleware|Executed endpoint 'CouponManagementServiceV2.WebApi.Controllers.CouponController.ChangeStatus (CouponManagementServiceV2.WebApi)' 
2023-08-21 08:38:47.1317||INFO|Microsoft.AspNetCore.Hosting.Diagnostics|Request finished HTTP/1.1 POST https://localhost:7247/api/Coupon/ChangeStatus application/json 88 - 200 - application/json;+charset=utf-8 7.2730ms 
2023-08-21 08:38:58.4534||INFO|Microsoft.AspNetCore.Hosting.Diagnostics|Request starting HTTP/1.1 POST https://localhost:7247/api/Coupon/ChangeStatus application/json 88 
2023-08-21 08:38:58.4534||INFO|Microsoft.AspNetCore.Routing.EndpointMiddleware|Executing endpoint 'CouponManagementServiceV2.WebApi.Controllers.CouponController.ChangeStatus (CouponManagementServiceV2.WebApi)' 
2023-08-21 08:38:58.4534||INFO|Microsoft.AspNetCore.Mvc.Infrastructure.ControllerActionInvoker|Route matched with {action = "ChangeStatus", controller = "Coupon"}. Executing controller action with signature System.Threading.Tasks.Task`1[CouponManagementServiceV2.Core.Model.Shared.BaseResponse`1[System.String]] ChangeStatus(CouponManagementServiceV2.Core.Model.Data.StatusCoupon) on controller CouponManagementServiceV2.WebApi.Controllers.CouponController (CouponManagementServiceV2.WebApi). 
2023-08-21 08:38:58.4534||INFO|CouponManagementServiceV2.WebApi.Controllers.CouponController|Change status called 
2023-08-21 08:38:58.4534||INFO|Microsoft.AspNetCore.Mvc.Infrastructure.ObjectResultExecutor|Executing ObjectResult, writing value of type 'CouponManagementServiceV2.Core.Model.Shared.BaseResponse`1[[System.String, System.Private.CoreLib, Version=6.0.0.0, Culture=neutral, PublicKeyToken=7cec85d7bea7798e]]'. 
2023-08-21 08:38:58.4534||INFO|Microsoft.AspNetCore.Mvc.Infrastructure.ControllerActionInvoker|Executed action CouponManagementServiceV2.WebApi.Controllers.CouponController.ChangeStatus (CouponManagementServiceV2.WebApi) in 4.6445ms 
2023-08-21 08:38:58.4534||INFO|Microsoft.AspNetCore.Routing.EndpointMiddleware|Executed endpoint 'CouponManagementServiceV2.WebApi.Controllers.CouponController.ChangeStatus (CouponManagementServiceV2.WebApi)' 
2023-08-21 08:38:58.4534||INFO|Microsoft.AspNetCore.Hosting.Diagnostics|Request finished HTTP/1.1 POST https://localhost:7247/api/Coupon/ChangeStatus application/json 88 - 200 - application/json;+charset=utf-8 5.4021ms 
2023-08-21 08:48:33.0613||INFO|Microsoft.AspNetCore.Hosting.Diagnostics|Request starting HTTP/2 GET https://localhost:7247/swagger/index.html - - 
2023-08-21 08:48:33.0816||INFO|Microsoft.AspNetCore.Hosting.Diagnostics|Request finished HTTP/2 GET https://localhost:7247/swagger/index.html - - - 200 - text/html;charset=utf-8 20.2397ms 
2023-08-21 08:48:33.2427||INFO|Microsoft.AspNetCore.Hosting.Diagnostics|Request starting HTTP/2 GET https://localhost:7247/_framework/aspnetcore-browser-refresh.js - - 
2023-08-21 08:48:33.2427||INFO|Microsoft.AspNetCore.Hosting.Diagnostics|Request finished HTTP/2 GET https://localhost:7247/_framework/aspnetcore-browser-refresh.js - - - 200 12398 application/javascript;+charset=utf-8 0.4204ms 
2023-08-21 08:48:33.2544||INFO|Microsoft.AspNetCore.Hosting.Diagnostics|Request starting HTTP/2 GET https://localhost:7247/_vs/browserLink - - 
2023-08-21 08:48:33.2652||INFO|Microsoft.AspNetCore.Hosting.Diagnostics|Request finished HTTP/2 GET https://localhost:7247/_vs/browserLink - - - 200 - text/javascript;+charset=UTF-8 10.7621ms 
2023-08-21 08:48:33.3638||INFO|Microsoft.AspNetCore.Hosting.Diagnostics|Request starting HTTP/2 GET https://localhost:7247/swagger/v1/swagger.json - - 
2023-08-21 08:48:33.3786||INFO|Microsoft.AspNetCore.Hosting.Diagnostics|Request finished HTTP/2 GET https://localhost:7247/swagger/v1/swagger.json - - - 200 - application/json;charset=utf-8 14.9215ms 
2023-08-21 08:57:34.7771||INFO|Microsoft.AspNetCore.DataProtection.KeyManagement.XmlKeyManager|User profile is available. Using 'C:\Users\umut2\AppData\Local\ASP.NET\DataProtection-Keys' as key repository and Windows DPAPI to encrypt keys at rest. 
2023-08-21 08:57:35.0913||INFO|Microsoft.Hosting.Lifetime|Now listening on: https://localhost:7247 
2023-08-21 08:57:35.0913||INFO|Microsoft.Hosting.Lifetime|Now listening on: http://localhost:5081 
2023-08-21 08:57:35.0913||INFO|Microsoft.Hosting.Lifetime|Application started. Press Ctrl+C to shut down. 
2023-08-21 08:57:35.0913||INFO|Microsoft.Hosting.Lifetime|Hosting environment: Development 
2023-08-21 08:57:35.0913||INFO|Microsoft.Hosting.Lifetime|Content root path: C:\Users\umut2\OneDrive\Masaüstü\Internship\Week4\CouponManagementServiceV2\CouponManagementServiceV2.Starter\ 
2023-08-21 08:57:36.1630||INFO|Microsoft.AspNetCore.Hosting.Diagnostics|Request starting HTTP/2 GET https://localhost:7247/swagger/index.html - - 
2023-08-21 08:57:36.7443||INFO|Microsoft.AspNetCore.Hosting.Diagnostics|Request starting HTTP/2 GET https://localhost:7247/_framework/aspnetcore-browser-refresh.js - - 
2023-08-21 08:57:36.7443||INFO|Microsoft.AspNetCore.Hosting.Diagnostics|Request finished HTTP/2 GET https://localhost:7247/swagger/index.html - - - 200 - text/html;charset=utf-8 587.9213ms 
2023-08-21 08:57:36.7443||INFO|Microsoft.AspNetCore.Hosting.Diagnostics|Request finished HTTP/2 GET https://localhost:7247/_framework/aspnetcore-browser-refresh.js - - - 200 12398 application/javascript;+charset=utf-8 12.7417ms 
2023-08-21 08:57:37.2377||INFO|Microsoft.AspNetCore.Hosting.Diagnostics|Request starting HTTP/2 GET https://localhost:7247/_vs/browserLink - - 
2023-08-21 08:57:37.2669||INFO|Microsoft.AspNetCore.Hosting.Diagnostics|Request finished HTTP/2 GET https://localhost:7247/_vs/browserLink - - - 200 - text/javascript;+charset=UTF-8 29.2602ms 
2023-08-21 08:57:37.4561||INFO|Microsoft.AspNetCore.Hosting.Diagnostics|Request starting HTTP/2 GET https://localhost:7247/swagger/v1/swagger.json - - 
2023-08-21 08:57:37.6386||INFO|Microsoft.AspNetCore.Hosting.Diagnostics|Request finished HTTP/2 GET https://localhost:7247/swagger/v1/swagger.json - - - 200 - application/json;charset=utf-8 182.3774ms 
2023-08-21 08:58:50.0885||INFO|Microsoft.AspNetCore.Hosting.Diagnostics|Request starting HTTP/1.1 POST https://localhost:7247/api/Coupon/GetCouponInfo - 0 
2023-08-21 08:58:50.3893||INFO|Microsoft.AspNetCore.Routing.EndpointMiddleware|Executing endpoint 'CouponManagementServiceV2.WebApi.Controllers.CouponController.GetCouponInfo (CouponManagementServiceV2.WebApi)' 
2023-08-21 08:58:50.4144||INFO|Microsoft.AspNetCore.Mvc.Infrastructure.ControllerActionInvoker|Route matched with {action = "GetCouponInfo", controller = "Coupon"}. Executing controller action with signature System.Threading.Tasks.Task`1[CouponManagementServiceV2.Core.Model.Shared.BaseResponse`1[System.Collections.Generic.IEnumerable`1[CouponManagementServiceV2.Core.Model.Data.CouponLog]]] GetCouponInfo(Int32) on controller CouponManagementServiceV2.WebApi.Controllers.CouponController (CouponManagementServiceV2.WebApi). 
2023-08-21 08:58:50.4512||INFO|Microsoft.AspNetCore.Mvc.Infrastructure.ObjectResultExecutor|Executing ObjectResult, writing value of type 'Microsoft.AspNetCore.Mvc.ProblemDetails'. 
2023-08-21 08:58:50.4590||INFO|Microsoft.AspNetCore.Mvc.Infrastructure.ControllerActionInvoker|Executed action CouponManagementServiceV2.WebApi.Controllers.CouponController.GetCouponInfo (CouponManagementServiceV2.WebApi) in 40.8052ms 
2023-08-21 08:58:50.4590||INFO|Microsoft.AspNetCore.Routing.EndpointMiddleware|Executed endpoint 'CouponManagementServiceV2.WebApi.Controllers.CouponController.GetCouponInfo (CouponManagementServiceV2.WebApi)' 
2023-08-21 08:58:50.4590||INFO|Microsoft.AspNetCore.Hosting.Diagnostics|Request finished HTTP/1.1 POST https://localhost:7247/api/Coupon/GetCouponInfo - 0 - 415 - application/problem+json;+charset=utf-8 379.7177ms 
2023-08-21 08:58:55.9715||INFO|Microsoft.AspNetCore.Hosting.Diagnostics|Request starting HTTP/1.1 POST https://localhost:7247/api/Coupon/GetCouponInfo application/json 2 
2023-08-21 08:58:55.9765||INFO|Microsoft.AspNetCore.Routing.EndpointMiddleware|Executing endpoint 'CouponManagementServiceV2.WebApi.Controllers.CouponController.GetCouponInfo (CouponManagementServiceV2.WebApi)' 
2023-08-21 08:58:55.9765||INFO|Microsoft.AspNetCore.Mvc.Infrastructure.ControllerActionInvoker|Route matched with {action = "GetCouponInfo", controller = "Coupon"}. Executing controller action with signature System.Threading.Tasks.Task`1[CouponManagementServiceV2.Core.Model.Shared.BaseResponse`1[System.Collections.Generic.IEnumerable`1[CouponManagementServiceV2.Core.Model.Data.CouponLog]]] GetCouponInfo(Int32) on controller CouponManagementServiceV2.WebApi.Controllers.CouponController (CouponManagementServiceV2.WebApi). 
2023-08-21 08:58:55.9993||INFO|CouponManagementServiceV2.WebApi.Controllers.CouponController|Get coupon info called 
2023-08-21 08:58:56.4226||INFO|Microsoft.AspNetCore.Mvc.Infrastructure.ObjectResultExecutor|Executing ObjectResult, writing value of type 'CouponManagementServiceV2.Core.Model.Shared.BaseResponse`1[[System.Collections.Generic.IEnumerable`1[[CouponManagementServiceV2.Core.Model.Data.CouponLog, CouponManagementServiceV2.Core.Model, Version=1.0.0.0, Culture=neutral, PublicKeyToken=null]], System.Private.CoreLib, Version=6.0.0.0, Culture=neutral, PublicKeyToken=7cec85d7bea7798e]]'. 
2023-08-21 08:58:56.4226||INFO|Microsoft.AspNetCore.Mvc.Infrastructure.ControllerActionInvoker|Executed action CouponManagementServiceV2.WebApi.Controllers.CouponController.GetCouponInfo (CouponManagementServiceV2.WebApi) in 447.475ms 
2023-08-21 08:58:56.4226||INFO|Microsoft.AspNetCore.Routing.EndpointMiddleware|Executed endpoint 'CouponManagementServiceV2.WebApi.Controllers.CouponController.GetCouponInfo (CouponManagementServiceV2.WebApi)' 
2023-08-21 08:58:56.4305||INFO|Microsoft.AspNetCore.Hosting.Diagnostics|Request finished HTTP/1.1 POST https://localhost:7247/api/Coupon/GetCouponInfo application/json 2 - 200 - application/json;+charset=utf-8 458.9592ms 
2023-08-21 08:59:07.9481||INFO|Microsoft.AspNetCore.Hosting.Diagnostics|Request starting HTTP/1.1 POST https://localhost:7247/api/Coupon/GetCouponInfo application/json 2 
2023-08-21 08:59:07.9481||INFO|Microsoft.AspNetCore.Routing.EndpointMiddleware|Executing endpoint 'CouponManagementServiceV2.WebApi.Controllers.CouponController.GetCouponInfo (CouponManagementServiceV2.WebApi)' 
2023-08-21 08:59:07.9481||INFO|Microsoft.AspNetCore.Mvc.Infrastructure.ControllerActionInvoker|Route matched with {action = "GetCouponInfo", controller = "Coupon"}. Executing controller action with signature System.Threading.Tasks.Task`1[CouponManagementServiceV2.Core.Model.Shared.BaseResponse`1[System.Collections.Generic.IEnumerable`1[CouponManagementServiceV2.Core.Model.Data.CouponLog]]] GetCouponInfo(Int32) on controller CouponManagementServiceV2.WebApi.Controllers.CouponController (CouponManagementServiceV2.WebApi). 
2023-08-21 08:59:07.9601||INFO|CouponManagementServiceV2.WebApi.Controllers.CouponController|Get coupon info called 
2023-08-21 08:59:07.9791||INFO|Microsoft.AspNetCore.Mvc.Infrastructure.ObjectResultExecutor|Executing ObjectResult, writing value of type 'CouponManagementServiceV2.Core.Model.Shared.BaseResponse`1[[System.Collections.Generic.IEnumerable`1[[CouponManagementServiceV2.Core.Model.Data.CouponLog, CouponManagementServiceV2.Core.Model, Version=1.0.0.0, Culture=neutral, PublicKeyToken=null]], System.Private.CoreLib, Version=6.0.0.0, Culture=neutral, PublicKeyToken=7cec85d7bea7798e]]'. 
2023-08-21 08:59:07.9791||INFO|Microsoft.AspNetCore.Mvc.Infrastructure.ControllerActionInvoker|Executed action CouponManagementServiceV2.WebApi.Controllers.CouponController.GetCouponInfo (CouponManagementServiceV2.WebApi) in 21.9859ms 
2023-08-21 08:59:07.9791||INFO|Microsoft.AspNetCore.Routing.EndpointMiddleware|Executed endpoint 'CouponManagementServiceV2.WebApi.Controllers.CouponController.GetCouponInfo (CouponManagementServiceV2.WebApi)' 
2023-08-21 08:59:07.9791||INFO|Microsoft.AspNetCore.Hosting.Diagnostics|Request finished HTTP/1.1 POST https://localhost:7247/api/Coupon/GetCouponInfo application/json 2 - 200 - application/json;+charset=utf-8 33.8845ms 
2023-08-21 08:59:14.3535||INFO|Microsoft.AspNetCore.Hosting.Diagnostics|Request starting HTTP/1.1 POST https://localhost:7247/api/Coupon/GetCouponInfo application/json 2 
2023-08-21 08:59:14.3535||INFO|Microsoft.AspNetCore.Routing.EndpointMiddleware|Executing endpoint 'CouponManagementServiceV2.WebApi.Controllers.CouponController.GetCouponInfo (CouponManagementServiceV2.WebApi)' 
2023-08-21 08:59:14.3535||INFO|Microsoft.AspNetCore.Mvc.Infrastructure.ControllerActionInvoker|Route matched with {action = "GetCouponInfo", controller = "Coupon"}. Executing controller action with signature System.Threading.Tasks.Task`1[CouponManagementServiceV2.Core.Model.Shared.BaseResponse`1[System.Collections.Generic.IEnumerable`1[CouponManagementServiceV2.Core.Model.Data.CouponLog]]] GetCouponInfo(Int32) on controller CouponManagementServiceV2.WebApi.Controllers.CouponController (CouponManagementServiceV2.WebApi). 
2023-08-21 08:59:14.3535||INFO|CouponManagementServiceV2.WebApi.Controllers.CouponController|Get coupon info called 
2023-08-21 08:59:14.3535||INFO|Microsoft.AspNetCore.Mvc.Infrastructure.ObjectResultExecutor|Executing ObjectResult, writing value of type 'CouponManagementServiceV2.Core.Model.Shared.BaseResponse`1[[System.Collections.Generic.IEnumerable`1[[CouponManagementServiceV2.Core.Model.Data.CouponLog, CouponManagementServiceV2.Core.Model, Version=1.0.0.0, Culture=neutral, PublicKeyToken=null]], System.Private.CoreLib, Version=6.0.0.0, Culture=neutral, PublicKeyToken=7cec85d7bea7798e]]'. 
2023-08-21 08:59:14.3535||INFO|Microsoft.AspNetCore.Mvc.Infrastructure.ControllerActionInvoker|Executed action CouponManagementServiceV2.WebApi.Controllers.CouponController.GetCouponInfo (CouponManagementServiceV2.WebApi) in 6.1614ms 
2023-08-21 08:59:14.3535||INFO|Microsoft.AspNetCore.Routing.EndpointMiddleware|Executed endpoint 'CouponManagementServiceV2.WebApi.Controllers.CouponController.GetCouponInfo (CouponManagementServiceV2.WebApi)' 
2023-08-21 08:59:14.3535||INFO|Microsoft.AspNetCore.Hosting.Diagnostics|Request finished HTTP/1.1 POST https://localhost:7247/api/Coupon/GetCouponInfo application/json 2 - 200 - application/json;+charset=utf-8 7.0194ms 
2023-08-21 08:59:18.8422||INFO|Microsoft.AspNetCore.Hosting.Diagnostics|Request starting HTTP/1.1 POST https://localhost:7247/api/Coupon/GetCouponInfo application/json 2 
2023-08-21 08:59:18.8422||INFO|Microsoft.AspNetCore.Routing.EndpointMiddleware|Executing endpoint 'CouponManagementServiceV2.WebApi.Controllers.CouponController.GetCouponInfo (CouponManagementServiceV2.WebApi)' 
2023-08-21 08:59:18.8422||INFO|Microsoft.AspNetCore.Mvc.Infrastructure.ControllerActionInvoker|Route matched with {action = "GetCouponInfo", controller = "Coupon"}. Executing controller action with signature System.Threading.Tasks.Task`1[CouponManagementServiceV2.Core.Model.Shared.BaseResponse`1[System.Collections.Generic.IEnumerable`1[CouponManagementServiceV2.Core.Model.Data.CouponLog]]] GetCouponInfo(Int32) on controller CouponManagementServiceV2.WebApi.Controllers.CouponController (CouponManagementServiceV2.WebApi). 
2023-08-21 08:59:18.8422||INFO|CouponManagementServiceV2.WebApi.Controllers.CouponController|Get coupon info called 
2023-08-21 08:59:18.8578||INFO|Microsoft.AspNetCore.Mvc.Infrastructure.ObjectResultExecutor|Executing ObjectResult, writing value of type 'CouponManagementServiceV2.Core.Model.Shared.BaseResponse`1[[System.Collections.Generic.IEnumerable`1[[CouponManagementServiceV2.Core.Model.Data.CouponLog, CouponManagementServiceV2.Core.Model, Version=1.0.0.0, Culture=neutral, PublicKeyToken=null]], System.Private.CoreLib, Version=6.0.0.0, Culture=neutral, PublicKeyToken=7cec85d7bea7798e]]'. 
2023-08-21 08:59:18.8578||INFO|Microsoft.AspNetCore.Mvc.Infrastructure.ControllerActionInvoker|Executed action CouponManagementServiceV2.WebApi.Controllers.CouponController.GetCouponInfo (CouponManagementServiceV2.WebApi) in 19.9825ms 
2023-08-21 08:59:18.8578||INFO|Microsoft.AspNetCore.Routing.EndpointMiddleware|Executed endpoint 'CouponManagementServiceV2.WebApi.Controllers.CouponController.GetCouponInfo (CouponManagementServiceV2.WebApi)' 
2023-08-21 08:59:18.8578||INFO|Microsoft.AspNetCore.Hosting.Diagnostics|Request finished HTTP/1.1 POST https://localhost:7247/api/Coupon/GetCouponInfo application/json 2 - 200 - application/json;+charset=utf-8 20.6957ms 
2023-08-21 09:02:20.1691||INFO|Microsoft.AspNetCore.Hosting.Diagnostics|Request starting HTTP/2 GET https://localhost:7247/swagger/index.html - - 
2023-08-21 09:02:20.1922||INFO|Microsoft.AspNetCore.Hosting.Diagnostics|Request finished HTTP/2 GET https://localhost:7247/swagger/index.html - - - 200 - text/html;charset=utf-8 23.1599ms 
2023-08-21 09:02:20.2934||INFO|Microsoft.AspNetCore.Hosting.Diagnostics|Request starting HTTP/2 GET https://localhost:7247/_framework/aspnetcore-browser-refresh.js - - 
2023-08-21 09:02:20.2934||INFO|Microsoft.AspNetCore.Hosting.Diagnostics|Request finished HTTP/2 GET https://localhost:7247/_framework/aspnetcore-browser-refresh.js - - - 200 12398 application/javascript;+charset=utf-8 0.6379ms 
2023-08-21 09:02:20.3157||INFO|Microsoft.AspNetCore.Hosting.Diagnostics|Request starting HTTP/2 GET https://localhost:7247/_vs/browserLink - - 
2023-08-21 09:02:20.3274||INFO|Microsoft.AspNetCore.Hosting.Diagnostics|Request finished HTTP/2 GET https://localhost:7247/_vs/browserLink - - - 200 - text/javascript;+charset=UTF-8 11.7081ms 
2023-08-21 09:02:20.4405||INFO|Microsoft.AspNetCore.Hosting.Diagnostics|Request starting HTTP/2 GET https://localhost:7247/swagger/v1/swagger.json - - 
2023-08-21 09:02:20.4534||INFO|Microsoft.AspNetCore.Hosting.Diagnostics|Request finished HTTP/2 GET https://localhost:7247/swagger/v1/swagger.json - - - 200 - application/json;charset=utf-8 13.0057ms 
2023-08-21 09:03:16.1830||INFO|Microsoft.AspNetCore.DataProtection.KeyManagement.XmlKeyManager|User profile is available. Using 'C:\Users\umut2\AppData\Local\ASP.NET\DataProtection-Keys' as key repository and Windows DPAPI to encrypt keys at rest. 
2023-08-21 09:03:16.5014||INFO|Microsoft.Hosting.Lifetime|Now listening on: https://localhost:7247 
2023-08-21 09:03:16.5014||INFO|Microsoft.Hosting.Lifetime|Now listening on: http://localhost:5081 
2023-08-21 09:03:16.5014||INFO|Microsoft.Hosting.Lifetime|Application started. Press Ctrl+C to shut down. 
2023-08-21 09:03:16.5014||INFO|Microsoft.Hosting.Lifetime|Hosting environment: Development 
2023-08-21 09:03:16.5014||INFO|Microsoft.Hosting.Lifetime|Content root path: C:\Users\umut2\OneDrive\Masaüstü\Internship\Week4\CouponManagementServiceV2\CouponManagementServiceV2.Starter\ 
2023-08-21 09:03:17.7978||INFO|Microsoft.AspNetCore.Hosting.Diagnostics|Request starting HTTP/2 GET https://localhost:7247/swagger/index.html - - 
2023-08-21 09:03:18.3321||INFO|Microsoft.AspNetCore.Hosting.Diagnostics|Request starting HTTP/2 GET https://localhost:7247/_framework/aspnetcore-browser-refresh.js - - 
2023-08-21 09:03:18.3321||INFO|Microsoft.AspNetCore.Hosting.Diagnostics|Request finished HTTP/2 GET https://localhost:7247/swagger/index.html - - - 200 - text/html;charset=utf-8 544.2814ms 
2023-08-21 09:03:18.3437||INFO|Microsoft.AspNetCore.Hosting.Diagnostics|Request finished HTTP/2 GET https://localhost:7247/_framework/aspnetcore-browser-refresh.js - - - 200 12398 application/javascript;+charset=utf-8 11.5869ms 
2023-08-21 09:03:18.8797||INFO|Microsoft.AspNetCore.Hosting.Diagnostics|Request starting HTTP/2 GET https://localhost:7247/_vs/browserLink - - 
2023-08-21 09:03:18.9311||INFO|Microsoft.AspNetCore.Hosting.Diagnostics|Request finished HTTP/2 GET https://localhost:7247/_vs/browserLink - - - 200 - text/javascript;+charset=UTF-8 51.3014ms 
2023-08-21 09:03:19.1927||INFO|Microsoft.AspNetCore.Hosting.Diagnostics|Request starting HTTP/2 GET https://localhost:7247/swagger/v1/swagger.json - - 
2023-08-21 09:03:19.3662||INFO|Microsoft.AspNetCore.Hosting.Diagnostics|Request finished HTTP/2 GET https://localhost:7247/swagger/v1/swagger.json - - - 200 - application/json;charset=utf-8 173.6079ms 
2023-08-21 09:03:20.6388||INFO|Microsoft.AspNetCore.Hosting.Diagnostics|Request starting HTTP/1.1 POST https://localhost:7247/api/Coupon/GetCouponInfo application/json 2 
2023-08-21 09:03:20.9671||INFO|Microsoft.AspNetCore.Routing.EndpointMiddleware|Executing endpoint 'CouponManagementServiceV2.WebApi.Controllers.CouponController.GetCouponInfo (CouponManagementServiceV2.WebApi)' 
2023-08-21 09:03:20.9943||INFO|Microsoft.AspNetCore.Mvc.Infrastructure.ControllerActionInvoker|Route matched with {action = "GetCouponInfo", controller = "Coupon"}. Executing controller action with signature System.Threading.Tasks.Task`1[CouponManagementServiceV2.Core.Model.Shared.BaseResponse`1[System.Collections.Generic.IEnumerable`1[CouponManagementServiceV2.Core.Model.Data.CouponLogResponse]]] GetCouponInfo(Int32) on controller CouponManagementServiceV2.WebApi.Controllers.CouponController (CouponManagementServiceV2.WebApi). 
2023-08-21 09:03:21.0353||INFO|CouponManagementServiceV2.WebApi.Controllers.CouponController|Get coupon info called 
2023-08-21 09:03:21.4420||INFO|Microsoft.AspNetCore.Mvc.Infrastructure.ObjectResultExecutor|Executing ObjectResult, writing value of type 'CouponManagementServiceV2.Core.Model.Shared.BaseResponse`1[[System.Collections.Generic.IEnumerable`1[[CouponManagementServiceV2.Core.Model.Data.CouponLogResponse, CouponManagementServiceV2.Core.Model, Version=1.0.0.0, Culture=neutral, PublicKeyToken=null]], System.Private.CoreLib, Version=6.0.0.0, Culture=neutral, PublicKeyToken=7cec85d7bea7798e]]'. 
2023-08-21 09:03:21.4552||INFO|Microsoft.AspNetCore.Mvc.Infrastructure.ControllerActionInvoker|Executed action CouponManagementServiceV2.WebApi.Controllers.CouponController.GetCouponInfo (CouponManagementServiceV2.WebApi) in 455.0394ms 
2023-08-21 09:03:21.4552||INFO|Microsoft.AspNetCore.Routing.EndpointMiddleware|Executed endpoint 'CouponManagementServiceV2.WebApi.Controllers.CouponController.GetCouponInfo (CouponManagementServiceV2.WebApi)' 
2023-08-21 09:03:21.4700||INFO|Microsoft.AspNetCore.Hosting.Diagnostics|Request finished HTTP/1.1 POST https://localhost:7247/api/Coupon/GetCouponInfo application/json 2 - 200 - application/json;+charset=utf-8 830.9938ms 
2023-08-21 09:31:05.2099||INFO|Microsoft.AspNetCore.DataProtection.KeyManagement.XmlKeyManager|User profile is available. Using 'C:\Users\umut2\AppData\Local\ASP.NET\DataProtection-Keys' as key repository and Windows DPAPI to encrypt keys at rest. 
2023-08-21 09:31:05.7308||INFO|Microsoft.Hosting.Lifetime|Now listening on: https://localhost:7247 
2023-08-21 09:31:05.7308||INFO|Microsoft.Hosting.Lifetime|Now listening on: http://localhost:5081 
2023-08-21 09:31:05.7308||INFO|Microsoft.Hosting.Lifetime|Application started. Press Ctrl+C to shut down. 
2023-08-21 09:31:05.7308||INFO|Microsoft.Hosting.Lifetime|Hosting environment: Development 
2023-08-21 09:31:05.7308||INFO|Microsoft.Hosting.Lifetime|Content root path: C:\Users\umut2\OneDrive\Masaüstü\Internship\Week4\CouponManagementServiceV2\CouponManagementServiceV2.Starter\ 
2023-08-21 09:31:07.5716||INFO|Microsoft.AspNetCore.Hosting.Diagnostics|Request starting HTTP/2 GET https://localhost:7247/swagger/index.html - - 
2023-08-21 09:31:08.2557||INFO|Microsoft.AspNetCore.Hosting.Diagnostics|Request finished HTTP/2 GET https://localhost:7247/swagger/index.html - - - 200 - text/html;charset=utf-8 689.5343ms 
2023-08-21 09:31:08.8544||INFO|Microsoft.AspNetCore.Hosting.Diagnostics|Request starting HTTP/2 GET https://localhost:7247/_framework/aspnetcore-browser-refresh.js - - 
2023-08-21 09:31:08.8586||INFO|Microsoft.AspNetCore.Hosting.Diagnostics|Request starting HTTP/2 GET https://localhost:7247/_vs/browserLink - - 
2023-08-21 09:31:08.8586||INFO|Microsoft.AspNetCore.Hosting.Diagnostics|Request finished HTTP/2 GET https://localhost:7247/_framework/aspnetcore-browser-refresh.js - - - 200 12398 application/javascript;+charset=utf-8 10.1758ms 
2023-08-21 09:31:08.8977||INFO|Microsoft.AspNetCore.Hosting.Diagnostics|Request finished HTTP/2 GET https://localhost:7247/_vs/browserLink - - - 200 - text/javascript;+charset=UTF-8 39.1474ms 
2023-08-21 09:31:09.1077||INFO|Microsoft.AspNetCore.Hosting.Diagnostics|Request starting HTTP/2 GET https://localhost:7247/swagger/v1/swagger.json - - 
2023-08-21 09:31:09.3183||INFO|Microsoft.AspNetCore.Hosting.Diagnostics|Request finished HTTP/2 GET https://localhost:7247/swagger/v1/swagger.json - - - 200 - application/json;charset=utf-8 210.6899ms 
2023-08-21 09:32:18.3268||INFO|Microsoft.AspNetCore.Hosting.Diagnostics|Request starting HTTP/1.1 POST https://localhost:7247/api/Coupon/GetValidCoupons application/json 56 
2023-08-21 09:32:18.6426||INFO|Microsoft.AspNetCore.Routing.EndpointMiddleware|Executing endpoint 'CouponManagementServiceV2.WebApi.Controllers.CouponController.GetValidCoupons (CouponManagementServiceV2.WebApi)' 
2023-08-21 09:32:18.6685||INFO|Microsoft.AspNetCore.Mvc.Infrastructure.ControllerActionInvoker|Route matched with {action = "GetValidCoupons", controller = "Coupon"}. Executing controller action with signature System.Threading.Tasks.Task`1[CouponManagementServiceV2.Core.Model.Shared.BaseResponse`1[System.Collections.Generic.IEnumerable`1[CouponManagementServiceV2.Core.Model.Data.CouponResponse]]] GetValidCoupons(CouponManagementServiceV2.Core.Model.Shared.BaseRequest) on controller CouponManagementServiceV2.WebApi.Controllers.CouponController (CouponManagementServiceV2.WebApi). 
2023-08-21 09:32:18.7431||INFO|CouponManagementServiceV2.WebApi.Controllers.CouponController|Get valid coupons called 
2023-08-21 09:32:19.0900||INFO|Microsoft.AspNetCore.Mvc.Infrastructure.ObjectResultExecutor|Executing ObjectResult, writing value of type 'CouponManagementServiceV2.Core.Model.Shared.BaseResponse`1[[System.Collections.Generic.IEnumerable`1[[CouponManagementServiceV2.Core.Model.Data.CouponResponse, CouponManagementServiceV2.Core.Model, Version=1.0.0.0, Culture=neutral, PublicKeyToken=null]], System.Private.CoreLib, Version=6.0.0.0, Culture=neutral, PublicKeyToken=7cec85d7bea7798e]]'. 
2023-08-21 09:32:19.0991||INFO|Microsoft.AspNetCore.Mvc.Infrastructure.ControllerActionInvoker|Executed action CouponManagementServiceV2.WebApi.Controllers.CouponController.GetValidCoupons (CouponManagementServiceV2.WebApi) in 425.4331ms 
2023-08-21 09:32:19.0991||INFO|Microsoft.AspNetCore.Routing.EndpointMiddleware|Executed endpoint 'CouponManagementServiceV2.WebApi.Controllers.CouponController.GetValidCoupons (CouponManagementServiceV2.WebApi)' 
2023-08-21 09:32:19.1142||INFO|Microsoft.AspNetCore.Hosting.Diagnostics|Request finished HTTP/1.1 POST https://localhost:7247/api/Coupon/GetValidCoupons application/json 56 - 200 - application/json;+charset=utf-8 787.2803ms 
2023-08-21 09:32:29.1353||INFO|Microsoft.AspNetCore.Hosting.Diagnostics|Request starting HTTP/1.1 POST https://localhost:7247/api/Coupon/GetValidCoupons application/json 56 
2023-08-21 09:32:29.1421||INFO|Microsoft.AspNetCore.Routing.EndpointMiddleware|Executing endpoint 'CouponManagementServiceV2.WebApi.Controllers.CouponController.GetValidCoupons (CouponManagementServiceV2.WebApi)' 
2023-08-21 09:32:29.1421||INFO|Microsoft.AspNetCore.Mvc.Infrastructure.ControllerActionInvoker|Route matched with {action = "GetValidCoupons", controller = "Coupon"}. Executing controller action with signature System.Threading.Tasks.Task`1[CouponManagementServiceV2.Core.Model.Shared.BaseResponse`1[System.Collections.Generic.IEnumerable`1[CouponManagementServiceV2.Core.Model.Data.CouponResponse]]] GetValidCoupons(CouponManagementServiceV2.Core.Model.Shared.BaseRequest) on controller CouponManagementServiceV2.WebApi.Controllers.CouponController (CouponManagementServiceV2.WebApi). 
2023-08-21 09:32:29.1421||INFO|CouponManagementServiceV2.WebApi.Controllers.CouponController|Get valid coupons called 
2023-08-21 09:32:29.1596||INFO|Microsoft.AspNetCore.Mvc.Infrastructure.ObjectResultExecutor|Executing ObjectResult, writing value of type 'CouponManagementServiceV2.Core.Model.Shared.BaseResponse`1[[System.Collections.Generic.IEnumerable`1[[CouponManagementServiceV2.Core.Model.Data.CouponResponse, CouponManagementServiceV2.Core.Model, Version=1.0.0.0, Culture=neutral, PublicKeyToken=null]], System.Private.CoreLib, Version=6.0.0.0, Culture=neutral, PublicKeyToken=7cec85d7bea7798e]]'. 
2023-08-21 09:32:29.1596||INFO|Microsoft.AspNetCore.Mvc.Infrastructure.ControllerActionInvoker|Executed action CouponManagementServiceV2.WebApi.Controllers.CouponController.GetValidCoupons (CouponManagementServiceV2.WebApi) in 17.5351ms 
2023-08-21 09:32:29.1596||INFO|Microsoft.AspNetCore.Routing.EndpointMiddleware|Executed endpoint 'CouponManagementServiceV2.WebApi.Controllers.CouponController.GetValidCoupons (CouponManagementServiceV2.WebApi)' 
2023-08-21 09:32:29.1596||INFO|Microsoft.AspNetCore.Hosting.Diagnostics|Request finished HTTP/1.1 POST https://localhost:7247/api/Coupon/GetValidCoupons application/json 56 - 200 - application/json;+charset=utf-8 28.8975ms 
2023-08-21 09:32:41.3478||INFO|Microsoft.AspNetCore.Hosting.Diagnostics|Request starting HTTP/1.1 POST https://localhost:7247/api/Coupon/GetValidCoupons application/json 56 
2023-08-21 09:32:41.3478||INFO|Microsoft.AspNetCore.Routing.EndpointMiddleware|Executing endpoint 'CouponManagementServiceV2.WebApi.Controllers.CouponController.GetValidCoupons (CouponManagementServiceV2.WebApi)' 
2023-08-21 09:32:41.3478||INFO|Microsoft.AspNetCore.Mvc.Infrastructure.ControllerActionInvoker|Route matched with {action = "GetValidCoupons", controller = "Coupon"}. Executing controller action with signature System.Threading.Tasks.Task`1[CouponManagementServiceV2.Core.Model.Shared.BaseResponse`1[System.Collections.Generic.IEnumerable`1[CouponManagementServiceV2.Core.Model.Data.CouponResponse]]] GetValidCoupons(CouponManagementServiceV2.Core.Model.Shared.BaseRequest) on controller CouponManagementServiceV2.WebApi.Controllers.CouponController (CouponManagementServiceV2.WebApi). 
2023-08-21 09:32:41.3478||INFO|CouponManagementServiceV2.WebApi.Controllers.CouponController|Get valid coupons called 
2023-08-21 09:32:41.3478||INFO|Microsoft.AspNetCore.Mvc.Infrastructure.ObjectResultExecutor|Executing ObjectResult, writing value of type 'CouponManagementServiceV2.Core.Model.Shared.BaseResponse`1[[System.Collections.Generic.IEnumerable`1[[CouponManagementServiceV2.Core.Model.Data.CouponResponse, CouponManagementServiceV2.Core.Model, Version=1.0.0.0, Culture=neutral, PublicKeyToken=null]], System.Private.CoreLib, Version=6.0.0.0, Culture=neutral, PublicKeyToken=7cec85d7bea7798e]]'. 
2023-08-21 09:32:41.3478||INFO|Microsoft.AspNetCore.Mvc.Infrastructure.ControllerActionInvoker|Executed action CouponManagementServiceV2.WebApi.Controllers.CouponController.GetValidCoupons (CouponManagementServiceV2.WebApi) in 7.1472ms 
2023-08-21 09:32:41.3478||INFO|Microsoft.AspNetCore.Routing.EndpointMiddleware|Executed endpoint 'CouponManagementServiceV2.WebApi.Controllers.CouponController.GetValidCoupons (CouponManagementServiceV2.WebApi)' 
2023-08-21 09:32:41.3478||INFO|Microsoft.AspNetCore.Hosting.Diagnostics|Request finished HTTP/1.1 POST https://localhost:7247/api/Coupon/GetValidCoupons application/json 56 - 200 - application/json;+charset=utf-8 10.4742ms 
