2023-08-03 17:04:27.5338||INFO|Microsoft.Hosting.Lifetime|Now listening on: https://localhost:7122 
2023-08-03 17:04:27.5845||INFO|Microsoft.Hosting.Lifetime|Now listening on: http://localhost:5278 
2023-08-03 17:04:27.5873||INFO|Microsoft.Hosting.Lifetime|Application started. Press Ctrl+C to shut down. 
2023-08-03 17:04:27.5873||INFO|Microsoft.Hosting.Lifetime|Hosting environment: Development 
2023-08-03 17:04:27.5873||INFO|Microsoft.Hosting.Lifetime|Content root path: C:\Users\umut2\OneDrive\Masaüstü\Internship\Week2\CouponManagementService\Starter\Starter\ 
2023-08-03 17:04:28.2753||INFO|Microsoft.AspNetCore.Hosting.Diagnostics|Request starting HTTP/2 GET https://localhost:7122/swagger/index.html - - 
2023-08-03 17:04:28.8155||INFO|Microsoft.AspNetCore.Hosting.Diagnostics|Request finished HTTP/2 GET https://localhost:7122/swagger/index.html - - - 200 - text/html;charset=utf-8 544.4795ms 
2023-08-03 17:04:29.0900||INFO|Microsoft.AspNetCore.Hosting.Diagnostics|Request starting HTTP/2 GET https://localhost:7122/_framework/aspnetcore-browser-refresh.js - - 
2023-08-03 17:04:29.0900||INFO|Microsoft.AspNetCore.Hosting.Diagnostics|Request starting HTTP/2 GET https://localhost:7122/_vs/browserLink - - 
2023-08-03 17:04:29.1116||INFO|Microsoft.AspNetCore.Hosting.Diagnostics|Request finished HTTP/2 GET https://localhost:7122/_framework/aspnetcore-browser-refresh.js - - - 200 12394 application/javascript;+charset=utf-8 21.4485ms 
2023-08-03 17:04:29.1480||INFO|Microsoft.AspNetCore.Hosting.Diagnostics|Request finished HTTP/2 GET https://localhost:7122/_vs/browserLink - - - 200 - text/javascript;+charset=UTF-8 57.9970ms 
2023-08-03 17:04:29.2463||INFO|Microsoft.AspNetCore.Hosting.Diagnostics|Request starting HTTP/2 GET https://localhost:7122/swagger/v1/swagger.json - - 
2023-08-03 17:04:29.3903||INFO|Microsoft.AspNetCore.Hosting.Diagnostics|Request finished HTTP/2 GET https://localhost:7122/swagger/v1/swagger.json - - - 200 - application/json;charset=utf-8 143.9431ms 
2023-08-03 17:04:33.1806||INFO|Microsoft.AspNetCore.Hosting.Diagnostics|Request starting HTTP/1.1 POST https://localhost:7122/api/Login/ application/json 124 
2023-08-03 17:04:33.1806||INFO|Microsoft.AspNetCore.Routing.EndpointMiddleware|Executing endpoint 'CouponManagementService.Core.Controllers.LoginController.LoginRequest (CouponManagementService.WebApi)' 
2023-08-03 17:04:33.2095||INFO|Microsoft.AspNetCore.Mvc.Infrastructure.ControllerActionInvoker|Route matched with {action = "LoginRequest", controller = "Login"}. Executing controller action with signature System.Threading.Tasks.Task`1[CouponManagementService.Core.Models.BaseResponse`1[CouponManagementService.WebApi.Models.User]] LoginRequest(CouponManagementService.WebApi.Models.Login) on controller CouponManagementService.Core.Controllers.LoginController (CouponManagementService.WebApi). 
2023-08-03 17:04:33.2154||INFO|Microsoft.AspNetCore.Mvc.Infrastructure.ControllerActionInvoker|Executed action CouponManagementService.Core.Controllers.LoginController.LoginRequest (CouponManagementService.WebApi) in 2.2262ms 
2023-08-03 17:04:33.2154||INFO|Microsoft.AspNetCore.Routing.EndpointMiddleware|Executed endpoint 'CouponManagementService.Core.Controllers.LoginController.LoginRequest (CouponManagementService.WebApi)' 
2023-08-03 17:04:33.3181||ERROR|Microsoft.AspNetCore.Diagnostics.DeveloperExceptionPageMiddleware|An unhandled exception has occurred while executing the request. System.InvalidOperationException: Unable to resolve service for type 'NLog.Logger' while attempting to activate 'CouponManagementService.Core.Controllers.LoginController'.
   at Microsoft.Extensions.DependencyInjection.ActivatorUtilities.GetService(IServiceProvider sp, Type type, Type requiredBy, Boolean isDefaultParameterRequired)
   at lambda_method9(Closure , IServiceProvider , Object[] )
   at Microsoft.AspNetCore.Mvc.Controllers.ControllerActivatorProvider.<>c__DisplayClass7_0.<CreateActivator>b__0(ControllerContext controllerContext)
   at Microsoft.AspNetCore.Mvc.Controllers.ControllerFactoryProvider.<>c__DisplayClass6_0.<CreateControllerFactory>g__CreateController|0(ControllerContext controllerContext)
   at Microsoft.AspNetCore.Mvc.Infrastructure.ControllerActionInvoker.Next(State& next, Scope& scope, Object& state, Boolean& isCompleted)
   at Microsoft.AspNetCore.Mvc.Infrastructure.ControllerActionInvoker.InvokeInnerFilterAsync()
--- End of stack trace from previous location ---
   at Microsoft.AspNetCore.Mvc.Infrastructure.ResourceInvoker.<InvokeFilterPipelineAsync>g__Awaited|20_0(ResourceInvoker invoker, Task lastTask, State next, Scope scope, Object state, Boolean isCompleted)
   at Microsoft.AspNetCore.Mvc.Infrastructure.ResourceInvoker.<InvokeAsync>g__Logged|17_1(ResourceInvoker invoker)
   at Microsoft.AspNetCore.Mvc.Infrastructure.ResourceInvoker.<InvokeAsync>g__Logged|17_1(ResourceInvoker invoker)
   at Microsoft.AspNetCore.Routing.EndpointMiddleware.<Invoke>g__AwaitRequestTask|6_0(Endpoint endpoint, Task requestTask, ILogger logger)
   at Microsoft.AspNetCore.Authorization.AuthorizationMiddleware.Invoke(HttpContext context)
   at CouponManagementService.Core.Filters.ApiKeyAuthentication.InvokeAsync(HttpContext context) in C:\Users\umut2\OneDrive\Masaüstü\Internship\Week2\CouponManagementService\Core\Core\Filters\ApiKeyAuthentication.cs:line 30
   at Swashbuckle.AspNetCore.SwaggerUI.SwaggerUIMiddleware.Invoke(HttpContext httpContext)
   at Swashbuckle.AspNetCore.Swagger.SwaggerMiddleware.Invoke(HttpContext httpContext, ISwaggerProvider swaggerProvider)
   at Microsoft.AspNetCore.Diagnostics.DeveloperExceptionPageMiddleware.Invoke(HttpContext context)
2023-08-03 17:04:33.4030||INFO|Microsoft.AspNetCore.Hosting.Diagnostics|Request finished HTTP/1.1 POST https://localhost:7122/api/Login/ application/json 124 - 500 - text/plain;+charset=utf-8 222.4185ms 
2023-08-03 17:04:35.4560||INFO|Microsoft.AspNetCore.Hosting.Diagnostics|Request starting HTTP/1.1 POST https://localhost:7122/api/Login/ application/json 124 
2023-08-03 17:04:35.4560||INFO|Microsoft.AspNetCore.Routing.EndpointMiddleware|Executing endpoint 'CouponManagementService.Core.Controllers.LoginController.LoginRequest (CouponManagementService.WebApi)' 
2023-08-03 17:04:35.4560||INFO|Microsoft.AspNetCore.Mvc.Infrastructure.ControllerActionInvoker|Route matched with {action = "LoginRequest", controller = "Login"}. Executing controller action with signature System.Threading.Tasks.Task`1[CouponManagementService.Core.Models.BaseResponse`1[CouponManagementService.WebApi.Models.User]] LoginRequest(CouponManagementService.WebApi.Models.Login) on controller CouponManagementService.Core.Controllers.LoginController (CouponManagementService.WebApi). 
2023-08-03 17:04:35.4560||INFO|Microsoft.AspNetCore.Mvc.Infrastructure.ControllerActionInvoker|Executed action CouponManagementService.Core.Controllers.LoginController.LoginRequest (CouponManagementService.WebApi) in 0.575ms 
2023-08-03 17:04:35.4560||INFO|Microsoft.AspNetCore.Routing.EndpointMiddleware|Executed endpoint 'CouponManagementService.Core.Controllers.LoginController.LoginRequest (CouponManagementService.WebApi)' 
2023-08-03 17:04:35.4928||ERROR|Microsoft.AspNetCore.Diagnostics.DeveloperExceptionPageMiddleware|An unhandled exception has occurred while executing the request. System.InvalidOperationException: Unable to resolve service for type 'NLog.Logger' while attempting to activate 'CouponManagementService.Core.Controllers.LoginController'.
   at Microsoft.Extensions.DependencyInjection.ActivatorUtilities.GetService(IServiceProvider sp, Type type, Type requiredBy, Boolean isDefaultParameterRequired)
   at lambda_method9(Closure , IServiceProvider , Object[] )
   at Microsoft.AspNetCore.Mvc.Controllers.ControllerActivatorProvider.<>c__DisplayClass7_0.<CreateActivator>b__0(ControllerContext controllerContext)
   at Microsoft.AspNetCore.Mvc.Controllers.ControllerFactoryProvider.<>c__DisplayClass6_0.<CreateControllerFactory>g__CreateController|0(ControllerContext controllerContext)
   at Microsoft.AspNetCore.Mvc.Infrastructure.ControllerActionInvoker.Next(State& next, Scope& scope, Object& state, Boolean& isCompleted)
   at Microsoft.AspNetCore.Mvc.Infrastructure.ControllerActionInvoker.InvokeInnerFilterAsync()
--- End of stack trace from previous location ---
   at Microsoft.AspNetCore.Mvc.Infrastructure.ResourceInvoker.<InvokeFilterPipelineAsync>g__Awaited|20_0(ResourceInvoker invoker, Task lastTask, State next, Scope scope, Object state, Boolean isCompleted)
   at Microsoft.AspNetCore.Mvc.Infrastructure.ResourceInvoker.<InvokeAsync>g__Logged|17_1(ResourceInvoker invoker)
   at Microsoft.AspNetCore.Mvc.Infrastructure.ResourceInvoker.<InvokeAsync>g__Logged|17_1(ResourceInvoker invoker)
   at Microsoft.AspNetCore.Routing.EndpointMiddleware.<Invoke>g__AwaitRequestTask|6_0(Endpoint endpoint, Task requestTask, ILogger logger)
   at Microsoft.AspNetCore.Authorization.AuthorizationMiddleware.Invoke(HttpContext context)
   at CouponManagementService.Core.Filters.ApiKeyAuthentication.InvokeAsync(HttpContext context) in C:\Users\umut2\OneDrive\Masaüstü\Internship\Week2\CouponManagementService\Core\Core\Filters\ApiKeyAuthentication.cs:line 30
   at Swashbuckle.AspNetCore.SwaggerUI.SwaggerUIMiddleware.Invoke(HttpContext httpContext)
   at Swashbuckle.AspNetCore.Swagger.SwaggerMiddleware.Invoke(HttpContext httpContext, ISwaggerProvider swaggerProvider)
   at Microsoft.AspNetCore.Diagnostics.DeveloperExceptionPageMiddleware.Invoke(HttpContext context)
2023-08-03 17:04:35.4928||INFO|Microsoft.AspNetCore.Hosting.Diagnostics|Request finished HTTP/1.1 POST https://localhost:7122/api/Login/ application/json 124 - 500 - text/plain;+charset=utf-8 37.7821ms 
2023-08-03 17:07:35.5545||INFO|Microsoft.Hosting.Lifetime|Now listening on: https://localhost:7122 
2023-08-03 17:07:35.6001||INFO|Microsoft.Hosting.Lifetime|Now listening on: http://localhost:5278 
2023-08-03 17:07:35.6027||INFO|Microsoft.Hosting.Lifetime|Application started. Press Ctrl+C to shut down. 
2023-08-03 17:07:35.6027||INFO|Microsoft.Hosting.Lifetime|Hosting environment: Development 
2023-08-03 17:07:35.6027||INFO|Microsoft.Hosting.Lifetime|Content root path: C:\Users\umut2\OneDrive\Masaüstü\Internship\Week2\CouponManagementService\Starter\Starter\ 
2023-08-03 17:07:36.5120||INFO|Microsoft.AspNetCore.Hosting.Diagnostics|Request starting HTTP/2 GET https://localhost:7122/swagger/index.html - - 
2023-08-03 17:07:36.8999||INFO|Microsoft.AspNetCore.Hosting.Diagnostics|Request starting HTTP/2 GET https://localhost:7122/_framework/aspnetcore-browser-refresh.js - - 
2023-08-03 17:07:36.8999||INFO|Microsoft.AspNetCore.Hosting.Diagnostics|Request finished HTTP/2 GET https://localhost:7122/swagger/index.html - - - 200 - text/html;charset=utf-8 400.4907ms 
2023-08-03 17:07:36.8999||INFO|Microsoft.AspNetCore.Hosting.Diagnostics|Request finished HTTP/2 GET https://localhost:7122/_framework/aspnetcore-browser-refresh.js - - - 200 12394 application/javascript;+charset=utf-8 5.9056ms 
2023-08-03 17:07:37.0434||INFO|Microsoft.AspNetCore.Hosting.Diagnostics|Request starting HTTP/2 GET https://localhost:7122/_vs/browserLink - - 
2023-08-03 17:07:37.0933||INFO|Microsoft.AspNetCore.Hosting.Diagnostics|Request finished HTTP/2 GET https://localhost:7122/_vs/browserLink - - - 200 - text/javascript;+charset=UTF-8 49.9402ms 
2023-08-03 17:07:37.1939||INFO|Microsoft.AspNetCore.Hosting.Diagnostics|Request starting HTTP/2 GET https://localhost:7122/swagger/v1/swagger.json - - 
2023-08-03 17:07:37.3327||INFO|Microsoft.AspNetCore.Hosting.Diagnostics|Request finished HTTP/2 GET https://localhost:7122/swagger/v1/swagger.json - - - 200 - application/json;charset=utf-8 138.8250ms 
2023-08-03 17:07:39.0781||INFO|Microsoft.AspNetCore.Hosting.Diagnostics|Request starting HTTP/1.1 POST https://localhost:7122/api/Login/ application/json 124 
2023-08-03 17:07:39.0781||INFO|Microsoft.AspNetCore.Routing.EndpointMiddleware|Executing endpoint 'CouponManagementService.Core.Controllers.LoginController.LoginRequest (CouponManagementService.WebApi)' 
2023-08-03 17:07:39.1077||INFO|Microsoft.AspNetCore.Mvc.Infrastructure.ControllerActionInvoker|Route matched with {action = "LoginRequest", controller = "Login"}. Executing controller action with signature System.Threading.Tasks.Task`1[CouponManagementService.Core.Models.BaseResponse`1[CouponManagementService.WebApi.Models.User]] LoginRequest(CouponManagementService.WebApi.Models.Login) on controller CouponManagementService.Core.Controllers.LoginController (CouponManagementService.WebApi). 
2023-08-03 17:07:39.1077||INFO|Microsoft.AspNetCore.Mvc.Infrastructure.ControllerActionInvoker|Executed action CouponManagementService.Core.Controllers.LoginController.LoginRequest (CouponManagementService.WebApi) in 1.6675ms 
2023-08-03 17:07:39.1077||INFO|Microsoft.AspNetCore.Routing.EndpointMiddleware|Executed endpoint 'CouponManagementService.Core.Controllers.LoginController.LoginRequest (CouponManagementService.WebApi)' 
2023-08-03 17:07:39.1801||ERROR|Microsoft.AspNetCore.Diagnostics.DeveloperExceptionPageMiddleware|An unhandled exception has occurred while executing the request. System.InvalidOperationException: Unable to resolve service for type 'NLog.Logger' while attempting to activate 'CouponManagementService.Core.Controllers.LoginController'.
   at Microsoft.Extensions.DependencyInjection.ActivatorUtilities.GetService(IServiceProvider sp, Type type, Type requiredBy, Boolean isDefaultParameterRequired)
   at lambda_method9(Closure , IServiceProvider , Object[] )
   at Microsoft.AspNetCore.Mvc.Controllers.ControllerActivatorProvider.<>c__DisplayClass7_0.<CreateActivator>b__0(ControllerContext controllerContext)
   at Microsoft.AspNetCore.Mvc.Controllers.ControllerFactoryProvider.<>c__DisplayClass6_0.<CreateControllerFactory>g__CreateController|0(ControllerContext controllerContext)
   at Microsoft.AspNetCore.Mvc.Infrastructure.ControllerActionInvoker.Next(State& next, Scope& scope, Object& state, Boolean& isCompleted)
   at Microsoft.AspNetCore.Mvc.Infrastructure.ControllerActionInvoker.InvokeInnerFilterAsync()
--- End of stack trace from previous location ---
   at Microsoft.AspNetCore.Mvc.Infrastructure.ResourceInvoker.<InvokeFilterPipelineAsync>g__Awaited|20_0(ResourceInvoker invoker, Task lastTask, State next, Scope scope, Object state, Boolean isCompleted)
   at Microsoft.AspNetCore.Mvc.Infrastructure.ResourceInvoker.<InvokeAsync>g__Logged|17_1(ResourceInvoker invoker)
   at Microsoft.AspNetCore.Mvc.Infrastructure.ResourceInvoker.<InvokeAsync>g__Logged|17_1(ResourceInvoker invoker)
   at Microsoft.AspNetCore.Routing.EndpointMiddleware.<Invoke>g__AwaitRequestTask|6_0(Endpoint endpoint, Task requestTask, ILogger logger)
   at Microsoft.AspNetCore.Authorization.AuthorizationMiddleware.Invoke(HttpContext context)
   at CouponManagementService.Core.Filters.ApiKeyAuthentication.InvokeAsync(HttpContext context) in C:\Users\umut2\OneDrive\Masaüstü\Internship\Week2\CouponManagementService\Core\Core\Filters\ApiKeyAuthentication.cs:line 30
   at Swashbuckle.AspNetCore.SwaggerUI.SwaggerUIMiddleware.Invoke(HttpContext httpContext)
   at Swashbuckle.AspNetCore.Swagger.SwaggerMiddleware.Invoke(HttpContext httpContext, ISwaggerProvider swaggerProvider)
   at Microsoft.AspNetCore.Diagnostics.DeveloperExceptionPageMiddleware.Invoke(HttpContext context)
2023-08-03 17:07:39.2442||INFO|Microsoft.AspNetCore.Hosting.Diagnostics|Request finished HTTP/1.1 POST https://localhost:7122/api/Login/ application/json 124 - 500 - text/plain;+charset=utf-8 166.0997ms 
2023-08-03 17:07:48.9972||INFO|Microsoft.AspNetCore.Hosting.Diagnostics|Request starting HTTP/1.1 POST https://localhost:7122/api/Login/ application/json 124 
2023-08-03 17:07:48.9972||INFO|Microsoft.AspNetCore.Routing.EndpointMiddleware|Executing endpoint 'CouponManagementService.Core.Controllers.LoginController.LoginRequest (CouponManagementService.WebApi)' 
2023-08-03 17:07:48.9972||INFO|Microsoft.AspNetCore.Mvc.Infrastructure.ControllerActionInvoker|Route matched with {action = "LoginRequest", controller = "Login"}. Executing controller action with signature System.Threading.Tasks.Task`1[CouponManagementService.Core.Models.BaseResponse`1[CouponManagementService.WebApi.Models.User]] LoginRequest(CouponManagementService.WebApi.Models.Login) on controller CouponManagementService.Core.Controllers.LoginController (CouponManagementService.WebApi). 
2023-08-03 17:07:48.9972||INFO|Microsoft.AspNetCore.Mvc.Infrastructure.ControllerActionInvoker|Executed action CouponManagementService.Core.Controllers.LoginController.LoginRequest (CouponManagementService.WebApi) in 0.4827ms 
2023-08-03 17:07:48.9972||INFO|Microsoft.AspNetCore.Routing.EndpointMiddleware|Executed endpoint 'CouponManagementService.Core.Controllers.LoginController.LoginRequest (CouponManagementService.WebApi)' 
2023-08-03 17:07:49.0331||ERROR|Microsoft.AspNetCore.Diagnostics.DeveloperExceptionPageMiddleware|An unhandled exception has occurred while executing the request. System.InvalidOperationException: Unable to resolve service for type 'NLog.Logger' while attempting to activate 'CouponManagementService.Core.Controllers.LoginController'.
   at Microsoft.Extensions.DependencyInjection.ActivatorUtilities.GetService(IServiceProvider sp, Type type, Type requiredBy, Boolean isDefaultParameterRequired)
   at lambda_method9(Closure , IServiceProvider , Object[] )
   at Microsoft.AspNetCore.Mvc.Controllers.ControllerActivatorProvider.<>c__DisplayClass7_0.<CreateActivator>b__0(ControllerContext controllerContext)
   at Microsoft.AspNetCore.Mvc.Controllers.ControllerFactoryProvider.<>c__DisplayClass6_0.<CreateControllerFactory>g__CreateController|0(ControllerContext controllerContext)
   at Microsoft.AspNetCore.Mvc.Infrastructure.ControllerActionInvoker.Next(State& next, Scope& scope, Object& state, Boolean& isCompleted)
   at Microsoft.AspNetCore.Mvc.Infrastructure.ControllerActionInvoker.InvokeInnerFilterAsync()
--- End of stack trace from previous location ---
   at Microsoft.AspNetCore.Mvc.Infrastructure.ResourceInvoker.<InvokeFilterPipelineAsync>g__Awaited|20_0(ResourceInvoker invoker, Task lastTask, State next, Scope scope, Object state, Boolean isCompleted)
   at Microsoft.AspNetCore.Mvc.Infrastructure.ResourceInvoker.<InvokeAsync>g__Logged|17_1(ResourceInvoker invoker)
   at Microsoft.AspNetCore.Mvc.Infrastructure.ResourceInvoker.<InvokeAsync>g__Logged|17_1(ResourceInvoker invoker)
   at Microsoft.AspNetCore.Routing.EndpointMiddleware.<Invoke>g__AwaitRequestTask|6_0(Endpoint endpoint, Task requestTask, ILogger logger)
   at Microsoft.AspNetCore.Authorization.AuthorizationMiddleware.Invoke(HttpContext context)
   at CouponManagementService.Core.Filters.ApiKeyAuthentication.InvokeAsync(HttpContext context) in C:\Users\umut2\OneDrive\Masaüstü\Internship\Week2\CouponManagementService\Core\Core\Filters\ApiKeyAuthentication.cs:line 30
   at Swashbuckle.AspNetCore.SwaggerUI.SwaggerUIMiddleware.Invoke(HttpContext httpContext)
   at Swashbuckle.AspNetCore.Swagger.SwaggerMiddleware.Invoke(HttpContext httpContext, ISwaggerProvider swaggerProvider)
   at Microsoft.AspNetCore.Diagnostics.DeveloperExceptionPageMiddleware.Invoke(HttpContext context)
2023-08-03 17:07:49.0331||INFO|Microsoft.AspNetCore.Hosting.Diagnostics|Request finished HTTP/1.1 POST https://localhost:7122/api/Login/ application/json 124 - 500 - text/plain;+charset=utf-8 36.8984ms 
