2023-08-14 08:57:37.2394||INFO|Microsoft.AspNetCore.DataProtection.KeyManagement.XmlKeyManager|User profile is available. Using 'C:\Users\umut2\AppData\Local\ASP.NET\DataProtection-Keys' as key repository and Windows DPAPI to encrypt keys at rest. 
2023-08-14 08:57:37.6063||INFO|Microsoft.Hosting.Lifetime|Now listening on: https://localhost:7247 
2023-08-14 08:57:37.6063||INFO|Microsoft.Hosting.Lifetime|Now listening on: http://localhost:5081 
2023-08-14 08:57:37.6063||INFO|Microsoft.Hosting.Lifetime|Application started. Press Ctrl+C to shut down. 
2023-08-14 08:57:37.6063||INFO|Microsoft.Hosting.Lifetime|Hosting environment: Development 
2023-08-14 08:57:37.6063||INFO|Microsoft.Hosting.Lifetime|Content root path: C:\Users\umut2\OneDrive\Masaüstü\Internship\Week3\CouponManagementServiceV2\CouponManagementServiceV2.Starter\ 
2023-08-14 08:57:39.3780||INFO|Microsoft.AspNetCore.Hosting.Diagnostics|Request starting HTTP/2 GET https://localhost:7247/swagger/index.html - - 
2023-08-14 08:57:40.5839||INFO|Microsoft.AspNetCore.Hosting.Diagnostics|Request finished HTTP/2 GET https://localhost:7247/swagger/index.html - - - 200 - text/html;charset=utf-8 1212.6024ms 
2023-08-14 08:57:41.2672||INFO|Microsoft.AspNetCore.Hosting.Diagnostics|Request starting HTTP/2 GET https://localhost:7247/_framework/aspnetcore-browser-refresh.js - - 
2023-08-14 08:57:41.2672||INFO|Microsoft.AspNetCore.Hosting.Diagnostics|Request starting HTTP/2 GET https://localhost:7247/_vs/browserLink - - 
2023-08-14 08:57:41.2781||INFO|Microsoft.AspNetCore.Hosting.Diagnostics|Request finished HTTP/2 GET https://localhost:7247/_framework/aspnetcore-browser-refresh.js - - - 200 12398 application/javascript;+charset=utf-8 10.9218ms 
2023-08-14 08:57:41.4113||INFO|Microsoft.AspNetCore.Hosting.Diagnostics|Request finished HTTP/2 GET https://localhost:7247/_vs/browserLink - - - 200 - text/javascript;+charset=UTF-8 139.1049ms 
2023-08-14 08:57:41.5449||INFO|Microsoft.AspNetCore.Hosting.Diagnostics|Request starting HTTP/2 GET https://localhost:7247/swagger/v1/swagger.json - - 
2023-08-14 08:57:41.7579||INFO|Microsoft.AspNetCore.Hosting.Diagnostics|Request finished HTTP/2 GET https://localhost:7247/swagger/v1/swagger.json - - - 200 - application/json;charset=utf-8 212.9575ms 
2023-08-14 08:59:00.5388||INFO|Microsoft.AspNetCore.Hosting.Diagnostics|Request starting HTTP/1.1 POST https://localhost:7247/api/Coupon/Redeem application/json 74 
2023-08-14 08:59:00.7773||INFO|Microsoft.AspNetCore.Routing.EndpointMiddleware|Executing endpoint 'CouponManagementServiceV2.WebApi.Controllers.CouponController.RedeemCoupon (CouponManagementServiceV2.WebApi)' 
2023-08-14 08:59:00.8091||INFO|Microsoft.AspNetCore.Mvc.Infrastructure.ControllerActionInvoker|Route matched with {action = "RedeemCoupon", controller = "Coupon"}. Executing controller action with signature System.Threading.Tasks.Task`1[CouponManagementServiceV2.Core.Model.Shared.BaseResponse`1[System.String]] RedeemCoupon(CouponManagementServiceV2.Core.Model.Data.RedemptCoupon) on controller CouponManagementServiceV2.WebApi.Controllers.CouponController (CouponManagementServiceV2.WebApi). 
2023-08-14 08:59:00.8706||INFO|Microsoft.AspNetCore.Mvc.Infrastructure.ObjectResultExecutor|Executing BadRequestObjectResult, writing value of type 'Microsoft.AspNetCore.Mvc.ValidationProblemDetails'. 
2023-08-14 08:59:00.8785||INFO|Microsoft.AspNetCore.Mvc.Infrastructure.ControllerActionInvoker|Executed action CouponManagementServiceV2.WebApi.Controllers.CouponController.RedeemCoupon (CouponManagementServiceV2.WebApi) in 65.5088ms 
2023-08-14 08:59:00.8785||INFO|Microsoft.AspNetCore.Routing.EndpointMiddleware|Executed endpoint 'CouponManagementServiceV2.WebApi.Controllers.CouponController.RedeemCoupon (CouponManagementServiceV2.WebApi)' 
2023-08-14 08:59:00.8785||INFO|Microsoft.AspNetCore.Hosting.Diagnostics|Request finished HTTP/1.1 POST https://localhost:7247/api/Coupon/Redeem application/json 74 - 400 - application/problem+json;+charset=utf-8 339.9699ms 
2023-08-14 08:59:10.5486||INFO|Microsoft.AspNetCore.Hosting.Diagnostics|Request starting HTTP/1.1 POST https://localhost:7247/api/Coupon/Redeem application/json 73 
2023-08-14 08:59:10.5530||INFO|Microsoft.AspNetCore.Routing.EndpointMiddleware|Executing endpoint 'CouponManagementServiceV2.WebApi.Controllers.CouponController.RedeemCoupon (CouponManagementServiceV2.WebApi)' 
2023-08-14 08:59:10.5530||INFO|Microsoft.AspNetCore.Mvc.Infrastructure.ControllerActionInvoker|Route matched with {action = "RedeemCoupon", controller = "Coupon"}. Executing controller action with signature System.Threading.Tasks.Task`1[CouponManagementServiceV2.Core.Model.Shared.BaseResponse`1[System.String]] RedeemCoupon(CouponManagementServiceV2.Core.Model.Data.RedemptCoupon) on controller CouponManagementServiceV2.WebApi.Controllers.CouponController (CouponManagementServiceV2.WebApi). 
2023-08-14 08:59:10.5773||INFO|CouponManagementServiceV2.WebApi.Controllers.CouponController|Redeem coupon called 
2023-08-14 08:59:11.0940||INFO|Microsoft.AspNetCore.Mvc.Infrastructure.ObjectResultExecutor|Executing ObjectResult, writing value of type 'CouponManagementServiceV2.Core.Model.Shared.BaseResponse`1[[System.String, System.Private.CoreLib, Version=6.0.0.0, Culture=neutral, PublicKeyToken=7cec85d7bea7798e]]'. 
2023-08-14 08:59:11.0940||INFO|Microsoft.AspNetCore.Mvc.Infrastructure.ControllerActionInvoker|Executed action CouponManagementServiceV2.WebApi.Controllers.CouponController.RedeemCoupon (CouponManagementServiceV2.WebApi) in 542.2091ms 
2023-08-14 08:59:11.0980||INFO|Microsoft.AspNetCore.Routing.EndpointMiddleware|Executed endpoint 'CouponManagementServiceV2.WebApi.Controllers.CouponController.RedeemCoupon (CouponManagementServiceV2.WebApi)' 
2023-08-14 08:59:11.0980||INFO|Microsoft.AspNetCore.Hosting.Diagnostics|Request finished HTTP/1.1 POST https://localhost:7247/api/Coupon/Redeem application/json 73 - 200 - application/json;+charset=utf-8 550.6603ms 
2023-08-14 08:59:28.9700||INFO|Microsoft.AspNetCore.Hosting.Diagnostics|Request starting HTTP/1.1 POST https://localhost:7247/api/Coupon/Create application/json 211 
2023-08-14 08:59:28.9700||INFO|Microsoft.AspNetCore.Routing.EndpointMiddleware|Executing endpoint 'CouponManagementServiceV2.WebApi.Controllers.CouponController.CreateCoupon (CouponManagementServiceV2.WebApi)' 
2023-08-14 08:59:28.9700||INFO|Microsoft.AspNetCore.Mvc.Infrastructure.ControllerActionInvoker|Route matched with {action = "CreateCoupon", controller = "Coupon"}. Executing controller action with signature System.Threading.Tasks.Task`1[CouponManagementServiceV2.Core.Model.Shared.BaseResponse`1[CouponManagementServiceV2.Core.Model.Data.CouponResponse]] CreateCoupon(CouponManagementServiceV2.Core.Model.Data.Coupons) on controller CouponManagementServiceV2.WebApi.Controllers.CouponController (CouponManagementServiceV2.WebApi). 
2023-08-14 08:59:29.0349||INFO|CouponManagementServiceV2.WebApi.Controllers.CouponController|Create coupon request called 
2023-08-14 08:59:29.0720||INFO|Microsoft.AspNetCore.Mvc.Infrastructure.ObjectResultExecutor|Executing ObjectResult, writing value of type 'CouponManagementServiceV2.Core.Model.Shared.BaseResponse`1[[CouponManagementServiceV2.Core.Model.Data.CouponResponse, CouponManagementServiceV2.Core.Model, Version=1.0.0.0, Culture=neutral, PublicKeyToken=null]]'. 
2023-08-14 08:59:29.0720||INFO|Microsoft.AspNetCore.Mvc.Infrastructure.ControllerActionInvoker|Executed action CouponManagementServiceV2.WebApi.Controllers.CouponController.CreateCoupon (CouponManagementServiceV2.WebApi) in 103.5932ms 
2023-08-14 08:59:29.0720||INFO|Microsoft.AspNetCore.Routing.EndpointMiddleware|Executed endpoint 'CouponManagementServiceV2.WebApi.Controllers.CouponController.CreateCoupon (CouponManagementServiceV2.WebApi)' 
2023-08-14 08:59:29.0720||INFO|Microsoft.AspNetCore.Hosting.Diagnostics|Request finished HTTP/1.1 POST https://localhost:7247/api/Coupon/Create application/json 211 - 200 - application/json;+charset=utf-8 106.1481ms 
2023-08-14 08:59:35.5140||INFO|Microsoft.AspNetCore.Hosting.Diagnostics|Request starting HTTP/1.1 POST https://localhost:7247/api/Coupon/Redeem application/json 74 
2023-08-14 08:59:35.5140||INFO|Microsoft.AspNetCore.Routing.EndpointMiddleware|Executing endpoint 'CouponManagementServiceV2.WebApi.Controllers.CouponController.RedeemCoupon (CouponManagementServiceV2.WebApi)' 
2023-08-14 08:59:35.5140||INFO|Microsoft.AspNetCore.Mvc.Infrastructure.ControllerActionInvoker|Route matched with {action = "RedeemCoupon", controller = "Coupon"}. Executing controller action with signature System.Threading.Tasks.Task`1[CouponManagementServiceV2.Core.Model.Shared.BaseResponse`1[System.String]] RedeemCoupon(CouponManagementServiceV2.Core.Model.Data.RedemptCoupon) on controller CouponManagementServiceV2.WebApi.Controllers.CouponController (CouponManagementServiceV2.WebApi). 
2023-08-14 08:59:35.5140||INFO|CouponManagementServiceV2.WebApi.Controllers.CouponController|Redeem coupon called 
2023-08-14 08:59:35.5906||INFO|Microsoft.AspNetCore.Mvc.Infrastructure.ObjectResultExecutor|Executing ObjectResult, writing value of type 'CouponManagementServiceV2.Core.Model.Shared.BaseResponse`1[[System.String, System.Private.CoreLib, Version=6.0.0.0, Culture=neutral, PublicKeyToken=7cec85d7bea7798e]]'. 
2023-08-14 08:59:35.5906||INFO|Microsoft.AspNetCore.Mvc.Infrastructure.ControllerActionInvoker|Executed action CouponManagementServiceV2.WebApi.Controllers.CouponController.RedeemCoupon (CouponManagementServiceV2.WebApi) in 75.1471ms 
2023-08-14 08:59:35.5906||INFO|Microsoft.AspNetCore.Routing.EndpointMiddleware|Executed endpoint 'CouponManagementServiceV2.WebApi.Controllers.CouponController.RedeemCoupon (CouponManagementServiceV2.WebApi)' 
2023-08-14 08:59:35.5906||INFO|Microsoft.AspNetCore.Hosting.Diagnostics|Request finished HTTP/1.1 POST https://localhost:7247/api/Coupon/Redeem application/json 74 - 200 - application/json;+charset=utf-8 76.9947ms 
2023-08-14 08:59:36.7041||INFO|Microsoft.AspNetCore.Hosting.Diagnostics|Request starting HTTP/1.1 POST https://localhost:7247/api/Coupon/Redeem application/json 74 
2023-08-14 08:59:36.7041||INFO|Microsoft.AspNetCore.Routing.EndpointMiddleware|Executing endpoint 'CouponManagementServiceV2.WebApi.Controllers.CouponController.RedeemCoupon (CouponManagementServiceV2.WebApi)' 
2023-08-14 08:59:36.7041||INFO|Microsoft.AspNetCore.Mvc.Infrastructure.ControllerActionInvoker|Route matched with {action = "RedeemCoupon", controller = "Coupon"}. Executing controller action with signature System.Threading.Tasks.Task`1[CouponManagementServiceV2.Core.Model.Shared.BaseResponse`1[System.String]] RedeemCoupon(CouponManagementServiceV2.Core.Model.Data.RedemptCoupon) on controller CouponManagementServiceV2.WebApi.Controllers.CouponController (CouponManagementServiceV2.WebApi). 
2023-08-14 08:59:36.7041||INFO|CouponManagementServiceV2.WebApi.Controllers.CouponController|Redeem coupon called 
2023-08-14 08:59:36.7385||INFO|Microsoft.AspNetCore.Mvc.Infrastructure.ObjectResultExecutor|Executing ObjectResult, writing value of type 'CouponManagementServiceV2.Core.Model.Shared.BaseResponse`1[[System.String, System.Private.CoreLib, Version=6.0.0.0, Culture=neutral, PublicKeyToken=7cec85d7bea7798e]]'. 
2023-08-14 08:59:36.7385||INFO|Microsoft.AspNetCore.Mvc.Infrastructure.ControllerActionInvoker|Executed action CouponManagementServiceV2.WebApi.Controllers.CouponController.RedeemCoupon (CouponManagementServiceV2.WebApi) in 34.2489ms 
2023-08-14 08:59:36.7385||INFO|Microsoft.AspNetCore.Routing.EndpointMiddleware|Executed endpoint 'CouponManagementServiceV2.WebApi.Controllers.CouponController.RedeemCoupon (CouponManagementServiceV2.WebApi)' 
2023-08-14 08:59:36.7385||INFO|Microsoft.AspNetCore.Hosting.Diagnostics|Request finished HTTP/1.1 POST https://localhost:7247/api/Coupon/Redeem application/json 74 - 200 - application/json;+charset=utf-8 34.8470ms 
2023-08-14 09:11:44.1757||INFO|Microsoft.AspNetCore.Hosting.Diagnostics|Request starting HTTP/2 GET https://localhost:7247/swagger/index.html - - 
2023-08-14 09:11:44.1996||INFO|Microsoft.AspNetCore.Hosting.Diagnostics|Request finished HTTP/2 GET https://localhost:7247/swagger/index.html - - - 200 - text/html;charset=utf-8 23.8388ms 
2023-08-14 09:11:44.3828||INFO|Microsoft.AspNetCore.Hosting.Diagnostics|Request starting HTTP/2 GET https://localhost:7247/_framework/aspnetcore-browser-refresh.js - - 
2023-08-14 09:11:44.3828||INFO|Microsoft.AspNetCore.Hosting.Diagnostics|Request finished HTTP/2 GET https://localhost:7247/_framework/aspnetcore-browser-refresh.js - - - 200 12398 application/javascript;+charset=utf-8 0.3626ms 
2023-08-14 09:11:44.3995||INFO|Microsoft.AspNetCore.Hosting.Diagnostics|Request starting HTTP/2 GET https://localhost:7247/_vs/browserLink - - 
2023-08-14 09:11:44.4089||INFO|Microsoft.AspNetCore.Hosting.Diagnostics|Request finished HTTP/2 GET https://localhost:7247/_vs/browserLink - - - 200 - text/javascript;+charset=UTF-8 9.3746ms 
2023-08-14 09:11:44.5165||INFO|Microsoft.AspNetCore.Hosting.Diagnostics|Request starting HTTP/2 GET https://localhost:7247/swagger/v1/swagger.json - - 
2023-08-14 09:11:44.5256||INFO|Microsoft.AspNetCore.Hosting.Diagnostics|Request finished HTTP/2 GET https://localhost:7247/swagger/v1/swagger.json - - - 200 - application/json;charset=utf-8 9.0513ms 
2023-08-14 09:13:03.1731||INFO|Microsoft.AspNetCore.Hosting.Diagnostics|Request starting HTTP/2 GET https://localhost:7247/swagger/index.html - - 
2023-08-14 09:13:03.2176||INFO|Microsoft.AspNetCore.Hosting.Diagnostics|Request finished HTTP/2 GET https://localhost:7247/swagger/index.html - - - 200 - text/html;charset=utf-8 44.4665ms 
2023-08-14 09:13:03.2423||INFO|Microsoft.AspNetCore.Hosting.Diagnostics|Request starting HTTP/2 GET https://localhost:7247/_vs/browserLink - - 
2023-08-14 09:13:03.2423||INFO|Microsoft.AspNetCore.Hosting.Diagnostics|Request starting HTTP/2 GET https://localhost:7247/_framework/aspnetcore-browser-refresh.js - - 
2023-08-14 09:13:03.2423||INFO|Microsoft.AspNetCore.Hosting.Diagnostics|Request finished HTTP/2 GET https://localhost:7247/_framework/aspnetcore-browser-refresh.js - - - 200 12398 application/javascript;+charset=utf-8 1.6066ms 
2023-08-14 09:13:03.2423||INFO|Microsoft.AspNetCore.Hosting.Diagnostics|Request finished HTTP/2 GET https://localhost:7247/_vs/browserLink - - - 200 - text/javascript;+charset=UTF-8 10.9328ms 
2023-08-14 09:13:03.4671||INFO|Microsoft.AspNetCore.Hosting.Diagnostics|Request starting HTTP/2 GET https://localhost:7247/swagger/v1/swagger.json - - 
2023-08-14 09:13:03.4762||INFO|Microsoft.AspNetCore.Hosting.Diagnostics|Request finished HTTP/2 GET https://localhost:7247/swagger/v1/swagger.json - - - 200 - application/json;charset=utf-8 9.1289ms 
2023-08-14 09:13:53.9619||INFO|Microsoft.AspNetCore.Hosting.Diagnostics|Request starting HTTP/2 GET https://localhost:7247/swagger/index.html - - 
2023-08-14 09:13:53.9847||INFO|Microsoft.AspNetCore.Hosting.Diagnostics|Request finished HTTP/2 GET https://localhost:7247/swagger/index.html - - - 200 - text/html;charset=utf-8 22.7905ms 
2023-08-14 09:13:54.0028||INFO|Microsoft.AspNetCore.Hosting.Diagnostics|Request starting HTTP/2 GET https://localhost:7247/_vs/browserLink - - 
2023-08-14 09:13:54.0028||INFO|Microsoft.AspNetCore.Hosting.Diagnostics|Request starting HTTP/2 GET https://localhost:7247/_framework/aspnetcore-browser-refresh.js - - 
2023-08-14 09:13:54.0028||INFO|Microsoft.AspNetCore.Hosting.Diagnostics|Request finished HTTP/2 GET https://localhost:7247/_framework/aspnetcore-browser-refresh.js - - - 200 12398 application/javascript;+charset=utf-8 0.3467ms 
2023-08-14 09:13:54.0123||INFO|Microsoft.AspNetCore.Hosting.Diagnostics|Request finished HTTP/2 GET https://localhost:7247/_vs/browserLink - - - 200 - text/javascript;+charset=UTF-8 9.5022ms 
2023-08-14 09:13:54.2378||INFO|Microsoft.AspNetCore.Hosting.Diagnostics|Request starting HTTP/2 GET https://localhost:7247/swagger/v1/swagger.json - - 
2023-08-14 09:13:54.2482||INFO|Microsoft.AspNetCore.Hosting.Diagnostics|Request finished HTTP/2 GET https://localhost:7247/swagger/v1/swagger.json - - - 200 - application/json;charset=utf-8 10.4045ms 
